[0.016s] Invoking command in '/home/myungw00/ROS2/Qt_ws/src/qt_pointcloud_viewer/build/qt_pointcloud_viewer': CMAKE_PREFIX_PATH=${CMAKE_PREFIX_PATH}:/home/myungw00/ROS2/ros2_ws/install/python_parameters:/home/myungw00/ROS2/ros2_ws/install/py_pubsub:/home/myungw00/ROS2/ros2_ws/install/examples_rclpy_pointcloud_publisher:/home/myungw00/ROS2/ros2_ws/install/examples_rclpy_minimal_subscriber:/home/myungw00/ROS2/ros2_ws/install/examples_rclpy_minimal_service:/home/myungw00/ROS2/ros2_ws/install/examples_rclpy_minimal_publisher:/home/myungw00/ROS2/ros2_ws/install/examples_rclpy_minimal_client:/home/myungw00/ROS2/ros2_ws/install/examples_rclpy_minimal_action_server:/home/myungw00/ROS2/ros2_ws/install/examples_rclpy_minimal_action_client:/home/myungw00/ROS2/ros2_ws/install/examples_rclpy_guard_conditions:/home/myungw00/ROS2/ros2_ws/install/examples_rclpy_executors:/opt/ros/galactic /home/myungw00/.local/bin/cmake --build /home/myungw00/ROS2/Qt_ws/src/qt_pointcloud_viewer/build/qt_pointcloud_viewer -- -j16 -l16
[0.106s] [  2%] [34m[1mAutomatic MOC and UIC for target qt_pointcloud_viewer[0m
[0.116s] [  2%] Built target qt_pointcloud_viewer_autogen
[0.287s] [  5%] [32mBuilding CXX object CMakeFiles/qt_pointcloud_viewer.dir/src/pointcloud_widget.cpp.o[0m
[3.988s] [01m[K/home/myungw00/ROS2/Qt_ws/src/qt_pointcloud_viewer/src/pointcloud_widget.cpp:[m[K In member function â€˜[01m[Kvirtual void Widget::PointCloudWidget::paintEvent(QPaintEvent*)[m[Kâ€™:
[3.988s] [01m[K/home/myungw00/ROS2/Qt_ws/src/qt_pointcloud_viewer/src/pointcloud_widget.cpp:728:43:[m[K [01;31m[Kerror: [m[Kâ€˜[01m[KdrawObjectLabels[m[Kâ€™ is not a member of â€˜[01m[KRenderHelper::PointCloudRenderer[m[Kâ€™
[3.988s]   728 |         RenderHelper::PointCloudRenderer::[01;31m[KdrawObjectLabels[m[K(
[3.988s]       |                                           [01;31m[K^~~~~~~~~~~~~~~~[m[K
[3.988s] [01m[K/home/myungw00/ROS2/Qt_ws/src/qt_pointcloud_viewer/src/pointcloud_widget.cpp:730:62:[m[K [01;31m[Kerror: [m[Kâ€˜[01m[Kclass ObjectManager::InterestObjectManager[m[Kâ€™ has no member named â€˜[01m[KgetInterestObjects[m[Kâ€™; did you mean â€˜[01m[KgetInterestObject[m[Kâ€™?
[3.988s]   730 |             ObjectManager::InterestObjectManager::instance().[01;31m[KgetInterestObjects[m[K(),
[3.989s]       |                                                              [01;31m[K^~~~~~~~~~~~~~~~~~[m[K
[3.989s]       |                                                              [32m[KgetInterestObject[m[K
[4.005s] [01m[K/home/myungw00/ROS2/Qt_ws/src/qt_pointcloud_viewer/src/pointcloud_widget.cpp:735:13:[m[K [01;31m[Kerror: [m[Kâ€˜[01m[KobjectLabelFontSize_[m[Kâ€™ was not declared in this scope
[4.005s]   735 |             [01;31m[KobjectLabelFontSize_[m[K
[4.005s]       |             [01;31m[K^~~~~~~~~~~~~~~~~~~~[m[K
[4.661s] make[2]: *** [CMakeFiles/qt_pointcloud_viewer.dir/build.make:165: CMakeFiles/qt_pointcloud_viewer.dir/src/pointcloud_widget.cpp.o] Error 1
[4.661s] make[1]: *** [CMakeFiles/Makefile2:152: CMakeFiles/qt_pointcloud_viewer.dir/all] Error 2
[4.662s] make: *** [Makefile:146: all] Error 2
[4.664s] Invoked command in '/home/myungw00/ROS2/Qt_ws/src/qt_pointcloud_viewer/build/qt_pointcloud_viewer' returned '2': CMAKE_PREFIX_PATH=${CMAKE_PREFIX_PATH}:/home/myungw00/ROS2/ros2_ws/install/python_parameters:/home/myungw00/ROS2/ros2_ws/install/py_pubsub:/home/myungw00/ROS2/ros2_ws/install/examples_rclpy_pointcloud_publisher:/home/myungw00/ROS2/ros2_ws/install/examples_rclpy_minimal_subscriber:/home/myungw00/ROS2/ros2_ws/install/examples_rclpy_minimal_service:/home/myungw00/ROS2/ros2_ws/install/examples_rclpy_minimal_publisher:/home/myungw00/ROS2/ros2_ws/install/examples_rclpy_minimal_client:/home/myungw00/ROS2/ros2_ws/install/examples_rclpy_minimal_action_server:/home/myungw00/ROS2/ros2_ws/install/examples_rclpy_minimal_action_client:/home/myungw00/ROS2/ros2_ws/install/examples_rclpy_guard_conditions:/home/myungw00/ROS2/ros2_ws/install/examples_rclpy_executors:/opt/ros/galactic /home/myungw00/.local/bin/cmake --build /home/myungw00/ROS2/Qt_ws/src/qt_pointcloud_viewer/build/qt_pointcloud_viewer -- -j16 -l16
