[33mCMake Warning (dev) at /opt/ros/galactic/share/ament_cmake_core/cmake/core/python.cmake:22 (find_package):
  Policy CMP0148 is not set: The FindPythonInterp and FindPythonLibs modules
  are removed.  Run "cmake --help-policy CMP0148" for policy details.  Use
  the cmake_policy command to set the policy and suppress this warning.

Call Stack (most recent call first):
  /opt/ros/galactic/share/ament_cmake_core/cmake/core/all.cmake:53 (include)
  /opt/ros/galactic/share/ament_cmake_core/cmake/ament_cmake_core-extras.cmake:17 (include)
  /opt/ros/galactic/share/ament_cmake_core/cmake/ament_cmake_coreConfig.cmake:41 (include)
  /opt/ros/galactic/share/ament_cmake/cmake/ament_cmake_export_dependencies-extras.cmake:15 (find_package)
  /opt/ros/galactic/share/ament_cmake/cmake/ament_cmakeConfig.cmake:41 (include)
  CMakeLists.txt:11 (find_package)
This warning is for project developers.  Use -Wno-dev to suppress it.
[0m
[0mCMake Deprecation Warning at /usr/lib/x86_64-linux-gnu/cmake/pcl/PCLConfig.cmake:40 (cmake_policy):
  Compatibility with CMake < 3.10 will be removed from a future version of
  CMake.

  Update the VERSION argument <min> value.  Or, use the <min>...<max> syntax
  to tell CMake that the project requires at least <min> but has been updated
  to work with policies introduced by <max> or earlier.
Call Stack (most recent call first):
  CMakeLists.txt:17 (find_package)

[0m
[33mCMake Warning (dev) at /usr/lib/x86_64-linux-gnu/cmake/pcl/PCLConfig.cmake:152 (find_package):
  Policy CMP0144 is not set: find_package uses upper-case <PACKAGENAME>_ROOT
  variables.  Run "cmake --help-policy CMP0144" for policy details.  Use the
  cmake_policy command to set the policy and suppress this warning.

  CMake variable EIGEN_ROOT is set to:

    /usr/include/eigen3

  For compatibility, find_package is ignoring the variable, but code in a
  .cmake module might still use it.
Call Stack (most recent call first):
  /usr/lib/x86_64-linux-gnu/cmake/pcl/PCLConfig.cmake:316 (find_eigen)
  /usr/lib/x86_64-linux-gnu/cmake/pcl/PCLConfig.cmake:551 (find_external_library)
  CMakeLists.txt:17 (find_package)
This warning is for project developers.  Use -Wno-dev to suppress it.
[0m
[33mCMake Warning (dev) at /usr/lib/x86_64-linux-gnu/cmake/pcl/PCLConfig.cmake:134 (find_package):
  Policy CMP0167 is not set: The FindBoost module is removed.  Run "cmake
  --help-policy CMP0167" for policy details.  Use the cmake_policy command to
  set the policy and suppress this warning.

Call Stack (most recent call first):
  /usr/lib/x86_64-linux-gnu/cmake/pcl/PCLConfig.cmake:314 (find_boost)
  /usr/lib/x86_64-linux-gnu/cmake/pcl/PCLConfig.cmake:551 (find_external_library)
  CMakeLists.txt:17 (find_package)
This warning is for project developers.  Use -Wno-dev to suppress it.
[0m
[33mCMake Warning (dev) at /usr/lib/x86_64-linux-gnu/cmake/pcl/Modules/FindFLANN.cmake:44 (find_package):
  Policy CMP0144 is not set: find_package uses upper-case <PACKAGENAME>_ROOT
  variables.  Run "cmake --help-policy CMP0144" for policy details.  Use the
  cmake_policy command to set the policy and suppress this warning.

  CMake variable FLANN_ROOT is set to:

    /usr

  For compatibility, find_package is ignoring the variable, but code in a
  .cmake module might still use it.
Call Stack (most recent call first):
  /usr/lib/x86_64-linux-gnu/cmake/pcl/PCLConfig.cmake:263 (find_package)
  /usr/lib/x86_64-linux-gnu/cmake/pcl/PCLConfig.cmake:318 (find_flann)
  /usr/lib/x86_64-linux-gnu/cmake/pcl/PCLConfig.cmake:551 (find_external_library)
  CMakeLists.txt:17 (find_package)
This warning is for project developers.  Use -Wno-dev to suppress it.
[0m
[33mCMake Warning (dev) at /home/myungw00/.local/lib/python3.8/site-packages/cmake/data/share/cmake-3.31/Modules/FindPackageHandleStandardArgs.cmake:441 (message):
  The package name passed to `find_package_handle_standard_args` (USB_10)
  does not match the name of the calling package (OpenNI).  This can lead to
  problems in calling code that expects `find_package` result variables
  (e.g., `_FOUND`) to follow a certain pattern.
Call Stack (most recent call first):
  /usr/lib/x86_64-linux-gnu/cmake/pcl/Modules/FindOpenNI.cmake:28 (find_package_handle_standard_args)
  /usr/lib/x86_64-linux-gnu/cmake/pcl/PCLConfig.cmake:179 (find_package)
  /usr/lib/x86_64-linux-gnu/cmake/pcl/PCLConfig.cmake:322 (find_openni)
  /usr/lib/x86_64-linux-gnu/cmake/pcl/PCLConfig.cmake:548 (find_external_library)
  CMakeLists.txt:17 (find_package)
This warning is for project developers.  Use -Wno-dev to suppress it.
[0m
[33mCMake Warning (dev) at /home/myungw00/.local/lib/python3.8/site-packages/cmake/data/share/cmake-3.31/Modules/FindPackageHandleStandardArgs.cmake:441 (message):
  The package name passed to `find_package_handle_standard_args` (USB_10)
  does not match the name of the calling package (OpenNI2).  This can lead to
  problems in calling code that expects `find_package` result variables
  (e.g., `_FOUND`) to follow a certain pattern.
Call Stack (most recent call first):
  /usr/lib/x86_64-linux-gnu/cmake/pcl/Modules/FindOpenNI2.cmake:28 (find_package_handle_standard_args)
  /usr/lib/x86_64-linux-gnu/cmake/pcl/PCLConfig.cmake:193 (find_package)
  /usr/lib/x86_64-linux-gnu/cmake/pcl/PCLConfig.cmake:324 (find_openni2)
  /usr/lib/x86_64-linux-gnu/cmake/pcl/PCLConfig.cmake:548 (find_external_library)
  CMakeLists.txt:17 (find_package)
This warning is for project developers.  Use -Wno-dev to suppress it.
[0m
[0m** WARNING ** io features related to pcap will be disabled[0m
[0m** WARNING ** io features related to png will be disabled[0m
[33mCMake Warning (dev) at /home/myungw00/.local/lib/python3.8/site-packages/cmake/data/share/cmake-3.31/Modules/FindPackageHandleStandardArgs.cmake:441 (message):
  The package name passed to `find_package_handle_standard_args` (libusb-1.0)
  does not match the name of the calling package (PCL).  This can lead to
  problems in calling code that expects `find_package` result variables
  (e.g., `_FOUND`) to follow a certain pattern.
Call Stack (most recent call first):
  /usr/lib/x86_64-linux-gnu/cmake/pcl/PCLConfig.cmake:291 (find_package_handle_standard_args)
  /usr/lib/x86_64-linux-gnu/cmake/pcl/PCLConfig.cmake:338 (find_libusb)
  /usr/lib/x86_64-linux-gnu/cmake/pcl/PCLConfig.cmake:548 (find_external_library)
  CMakeLists.txt:17 (find_package)
This warning is for project developers.  Use -Wno-dev to suppress it.
[0m
[0m** WARNING ** io features related to libusb-1.0 will be disabled[0m
[33mCMake Warning (dev) at /home/myungw00/.local/lib/python3.8/site-packages/cmake/data/share/cmake-3.31/Modules/FindPackageHandleStandardArgs.cmake:441 (message):
  The package name passed to `find_package_handle_standard_args` (USB_10)
  does not match the name of the calling package (OpenNI).  This can lead to
  problems in calling code that expects `find_package` result variables
  (e.g., `_FOUND`) to follow a certain pattern.
Call Stack (most recent call first):
  /usr/lib/x86_64-linux-gnu/cmake/pcl/Modules/FindOpenNI.cmake:28 (find_package_handle_standard_args)
  /usr/lib/x86_64-linux-gnu/cmake/pcl/PCLConfig.cmake:179 (find_package)
  /usr/lib/x86_64-linux-gnu/cmake/pcl/PCLConfig.cmake:322 (find_openni)
  /usr/lib/x86_64-linux-gnu/cmake/pcl/PCLConfig.cmake:548 (find_external_library)
  CMakeLists.txt:17 (find_package)
This warning is for project developers.  Use -Wno-dev to suppress it.
[0m
[33mCMake Warning (dev) at /home/myungw00/.local/lib/python3.8/site-packages/cmake/data/share/cmake-3.31/Modules/FindPackageHandleStandardArgs.cmake:441 (message):
  The package name passed to `find_package_handle_standard_args` (USB_10)
  does not match the name of the calling package (OpenNI2).  This can lead to
  problems in calling code that expects `find_package` result variables
  (e.g., `_FOUND`) to follow a certain pattern.
Call Stack (most recent call first):
  /usr/lib/x86_64-linux-gnu/cmake/pcl/Modules/FindOpenNI2.cmake:28 (find_package_handle_standard_args)
  /usr/lib/x86_64-linux-gnu/cmake/pcl/PCLConfig.cmake:193 (find_package)
  /usr/lib/x86_64-linux-gnu/cmake/pcl/PCLConfig.cmake:324 (find_openni2)
  /usr/lib/x86_64-linux-gnu/cmake/pcl/PCLConfig.cmake:548 (find_external_library)
  CMakeLists.txt:17 (find_package)
This warning is for project developers.  Use -Wno-dev to suppress it.
[0m
[33mCMake Warning (dev) at /usr/lib/x86_64-linux-gnu/cmake/pcl/PCLConfig.cmake:165 (find_package):
  Policy CMP0144 is not set: find_package uses upper-case <PACKAGENAME>_ROOT
  variables.  Run "cmake --help-policy CMP0144" for policy details.  Use the
  cmake_policy command to set the policy and suppress this warning.

  CMake variable QHULL_ROOT is set to:

    /usr

  For compatibility, find_package is ignoring the variable, but code in a
  .cmake module might still use it.
Call Stack (most recent call first):
  /usr/lib/x86_64-linux-gnu/cmake/pcl/PCLConfig.cmake:320 (find_qhull)
  /usr/lib/x86_64-linux-gnu/cmake/pcl/PCLConfig.cmake:548 (find_external_library)
  CMakeLists.txt:17 (find_package)
This warning is for project developers.  Use -Wno-dev to suppress it.
[0m
[33mCMake Warning (dev) at /home/myungw00/.local/lib/python3.8/site-packages/cmake/data/share/cmake-3.31/Modules/FindPackageHandleStandardArgs.cmake:441 (message):
  The package name passed to `find_package_handle_standard_args` (USB_10)
  does not match the name of the calling package (OpenNI).  This can lead to
  problems in calling code that expects `find_package` result variables
  (e.g., `_FOUND`) to follow a certain pattern.
Call Stack (most recent call first):
  /usr/lib/x86_64-linux-gnu/cmake/pcl/Modules/FindOpenNI.cmake:28 (find_package_handle_standard_args)
  /usr/lib/x86_64-linux-gnu/cmake/pcl/PCLConfig.cmake:179 (find_package)
  /usr/lib/x86_64-linux-gnu/cmake/pcl/PCLConfig.cmake:322 (find_openni)
  /usr/lib/x86_64-linux-gnu/cmake/pcl/PCLConfig.cmake:548 (find_external_library)
  CMakeLists.txt:17 (find_package)
This warning is for project developers.  Use -Wno-dev to suppress it.
[0m
[33mCMake Warning (dev) at /home/myungw00/.local/lib/python3.8/site-packages/cmake/data/share/cmake-3.31/Modules/FindPackageHandleStandardArgs.cmake:441 (message):
  The package name passed to `find_package_handle_standard_args` (PCL_COMMON)
  does not match the name of the calling package (PCL).  This can lead to
  problems in calling code that expects `find_package` result variables
  (e.g., `_FOUND`) to follow a certain pattern.
Call Stack (most recent call first):
  /usr/lib/x86_64-linux-gnu/cmake/pcl/PCLConfig.cmake:616 (find_package_handle_standard_args)
  CMakeLists.txt:17 (find_package)
This warning is for project developers.  Use -Wno-dev to suppress it.
[0m
[33mCMake Warning (dev) at /home/myungw00/.local/lib/python3.8/site-packages/cmake/data/share/cmake-3.31/Modules/FindPackageHandleStandardArgs.cmake:441 (message):
  The package name passed to `find_package_handle_standard_args` (PCL_KDTREE)
  does not match the name of the calling package (PCL).  This can lead to
  problems in calling code that expects `find_package` result variables
  (e.g., `_FOUND`) to follow a certain pattern.
Call Stack (most recent call first):
  /usr/lib/x86_64-linux-gnu/cmake/pcl/PCLConfig.cmake:616 (find_package_handle_standard_args)
  CMakeLists.txt:17 (find_package)
This warning is for project developers.  Use -Wno-dev to suppress it.
[0m
[33mCMake Warning (dev) at /home/myungw00/.local/lib/python3.8/site-packages/cmake/data/share/cmake-3.31/Modules/FindPackageHandleStandardArgs.cmake:441 (message):
  The package name passed to `find_package_handle_standard_args` (PCL_OCTREE)
  does not match the name of the calling package (PCL).  This can lead to
  problems in calling code that expects `find_package` result variables
  (e.g., `_FOUND`) to follow a certain pattern.
Call Stack (most recent call first):
  /usr/lib/x86_64-linux-gnu/cmake/pcl/PCLConfig.cmake:616 (find_package_handle_standard_args)
  CMakeLists.txt:17 (find_package)
This warning is for project developers.  Use -Wno-dev to suppress it.
[0m
[33mCMake Warning (dev) at /home/myungw00/.local/lib/python3.8/site-packages/cmake/data/share/cmake-3.31/Modules/FindPackageHandleStandardArgs.cmake:441 (message):
  The package name passed to `find_package_handle_standard_args` (PCL_SEARCH)
  does not match the name of the calling package (PCL).  This can lead to
  problems in calling code that expects `find_package` result variables
  (e.g., `_FOUND`) to follow a certain pattern.
Call Stack (most recent call first):
  /usr/lib/x86_64-linux-gnu/cmake/pcl/PCLConfig.cmake:616 (find_package_handle_standard_args)
  CMakeLists.txt:17 (find_package)
This warning is for project developers.  Use -Wno-dev to suppress it.
[0m
[33mCMake Warning (dev) at /home/myungw00/.local/lib/python3.8/site-packages/cmake/data/share/cmake-3.31/Modules/FindPackageHandleStandardArgs.cmake:441 (message):
  The package name passed to `find_package_handle_standard_args`
  (PCL_SAMPLE_CONSENSUS) does not match the name of the calling package
  (PCL).  This can lead to problems in calling code that expects
  `find_package` result variables (e.g., `_FOUND`) to follow a certain
  pattern.
Call Stack (most recent call first):
  /usr/lib/x86_64-linux-gnu/cmake/pcl/PCLConfig.cmake:616 (find_package_handle_standard_args)
  CMakeLists.txt:17 (find_package)
This warning is for project developers.  Use -Wno-dev to suppress it.
[0m
[33mCMake Warning (dev) at /home/myungw00/.local/lib/python3.8/site-packages/cmake/data/share/cmake-3.31/Modules/FindPackageHandleStandardArgs.cmake:441 (message):
  The package name passed to `find_package_handle_standard_args`
  (PCL_FILTERS) does not match the name of the calling package (PCL).  This
  can lead to problems in calling code that expects `find_package` result
  variables (e.g., `_FOUND`) to follow a certain pattern.
Call Stack (most recent call first):
  /usr/lib/x86_64-linux-gnu/cmake/pcl/PCLConfig.cmake:616 (find_package_handle_standard_args)
  CMakeLists.txt:17 (find_package)
This warning is for project developers.  Use -Wno-dev to suppress it.
[0m
[33mCMake Warning (dev) at /home/myungw00/.local/lib/python3.8/site-packages/cmake/data/share/cmake-3.31/Modules/FindPackageHandleStandardArgs.cmake:441 (message):
  The package name passed to `find_package_handle_standard_args` (PCL_2D)
  does not match the name of the calling package (PCL).  This can lead to
  problems in calling code that expects `find_package` result variables
  (e.g., `_FOUND`) to follow a certain pattern.
Call Stack (most recent call first):
  /usr/lib/x86_64-linux-gnu/cmake/pcl/PCLConfig.cmake:619 (find_package_handle_standard_args)
  CMakeLists.txt:17 (find_package)
This warning is for project developers.  Use -Wno-dev to suppress it.
[0m
[33mCMake Warning (dev) at /home/myungw00/.local/lib/python3.8/site-packages/cmake/data/share/cmake-3.31/Modules/FindPackageHandleStandardArgs.cmake:441 (message):
  The package name passed to `find_package_handle_standard_args`
  (PCL_GEOMETRY) does not match the name of the calling package (PCL).  This
  can lead to problems in calling code that expects `find_package` result
  variables (e.g., `_FOUND`) to follow a certain pattern.
Call Stack (most recent call first):
  /usr/lib/x86_64-linux-gnu/cmake/pcl/PCLConfig.cmake:619 (find_package_handle_standard_args)
  CMakeLists.txt:17 (find_package)
This warning is for project developers.  Use -Wno-dev to suppress it.
[0m
[33mCMake Warning (dev) at /home/myungw00/.local/lib/python3.8/site-packages/cmake/data/share/cmake-3.31/Modules/FindPackageHandleStandardArgs.cmake:441 (message):
  The package name passed to `find_package_handle_standard_args` (PCL_IO)
  does not match the name of the calling package (PCL).  This can lead to
  problems in calling code that expects `find_package` result variables
  (e.g., `_FOUND`) to follow a certain pattern.
Call Stack (most recent call first):
  /usr/lib/x86_64-linux-gnu/cmake/pcl/PCLConfig.cmake:616 (find_package_handle_standard_args)
  CMakeLists.txt:17 (find_package)
This warning is for project developers.  Use -Wno-dev to suppress it.
[0m
[33mCMake Warning (dev) at /home/myungw00/.local/lib/python3.8/site-packages/cmake/data/share/cmake-3.31/Modules/FindPackageHandleStandardArgs.cmake:441 (message):
  The package name passed to `find_package_handle_standard_args`
  (PCL_FEATURES) does not match the name of the calling package (PCL).  This
  can lead to problems in calling code that expects `find_package` result
  variables (e.g., `_FOUND`) to follow a certain pattern.
Call Stack (most recent call first):
  /usr/lib/x86_64-linux-gnu/cmake/pcl/PCLConfig.cmake:616 (find_package_handle_standard_args)
  CMakeLists.txt:17 (find_package)
This warning is for project developers.  Use -Wno-dev to suppress it.
[0m
[33mCMake Warning (dev) at /home/myungw00/.local/lib/python3.8/site-packages/cmake/data/share/cmake-3.31/Modules/FindPackageHandleStandardArgs.cmake:441 (message):
  The package name passed to `find_package_handle_standard_args` (PCL_ML)
  does not match the name of the calling package (PCL).  This can lead to
  problems in calling code that expects `find_package` result variables
  (e.g., `_FOUND`) to follow a certain pattern.
Call Stack (most recent call first):
  /usr/lib/x86_64-linux-gnu/cmake/pcl/PCLConfig.cmake:616 (find_package_handle_standard_args)
  CMakeLists.txt:17 (find_package)
This warning is for project developers.  Use -Wno-dev to suppress it.
[0m
[33mCMake Warning (dev) at /home/myungw00/.local/lib/python3.8/site-packages/cmake/data/share/cmake-3.31/Modules/FindPackageHandleStandardArgs.cmake:441 (message):
  The package name passed to `find_package_handle_standard_args`
  (PCL_SEGMENTATION) does not match the name of the calling package (PCL).
  This can lead to problems in calling code that expects `find_package`
  result variables (e.g., `_FOUND`) to follow a certain pattern.
Call Stack (most recent call first):
  /usr/lib/x86_64-linux-gnu/cmake/pcl/PCLConfig.cmake:616 (find_package_handle_standard_args)
  CMakeLists.txt:17 (find_package)
This warning is for project developers.  Use -Wno-dev to suppress it.
[0m
[33mCMake Warning (dev) at /home/myungw00/.local/lib/python3.8/site-packages/cmake/data/share/cmake-3.31/Modules/FindPackageHandleStandardArgs.cmake:441 (message):
  The package name passed to `find_package_handle_standard_args`
  (PCL_VISUALIZATION) does not match the name of the calling package (PCL).
  This can lead to problems in calling code that expects `find_package`
  result variables (e.g., `_FOUND`) to follow a certain pattern.
Call Stack (most recent call first):
  /usr/lib/x86_64-linux-gnu/cmake/pcl/PCLConfig.cmake:616 (find_package_handle_standard_args)
  CMakeLists.txt:17 (find_package)
This warning is for project developers.  Use -Wno-dev to suppress it.
[0m
[33mCMake Warning (dev) at /home/myungw00/.local/lib/python3.8/site-packages/cmake/data/share/cmake-3.31/Modules/FindPackageHandleStandardArgs.cmake:441 (message):
  The package name passed to `find_package_handle_standard_args`
  (PCL_SURFACE) does not match the name of the calling package (PCL).  This
  can lead to problems in calling code that expects `find_package` result
  variables (e.g., `_FOUND`) to follow a certain pattern.
Call Stack (most recent call first):
  /usr/lib/x86_64-linux-gnu/cmake/pcl/PCLConfig.cmake:616 (find_package_handle_standard_args)
  CMakeLists.txt:17 (find_package)
This warning is for project developers.  Use -Wno-dev to suppress it.
[0m
[33mCMake Warning (dev) at /home/myungw00/.local/lib/python3.8/site-packages/cmake/data/share/cmake-3.31/Modules/FindPackageHandleStandardArgs.cmake:441 (message):
  The package name passed to `find_package_handle_standard_args`
  (PCL_REGISTRATION) does not match the name of the calling package (PCL).
  This can lead to problems in calling code that expects `find_package`
  result variables (e.g., `_FOUND`) to follow a certain pattern.
Call Stack (most recent call first):
  /usr/lib/x86_64-linux-gnu/cmake/pcl/PCLConfig.cmake:616 (find_package_handle_standard_args)
  CMakeLists.txt:17 (find_package)
This warning is for project developers.  Use -Wno-dev to suppress it.
[0m
[33mCMake Warning (dev) at /home/myungw00/.local/lib/python3.8/site-packages/cmake/data/share/cmake-3.31/Modules/FindPackageHandleStandardArgs.cmake:441 (message):
  The package name passed to `find_package_handle_standard_args`
  (PCL_KEYPOINTS) does not match the name of the calling package (PCL).  This
  can lead to problems in calling code that expects `find_package` result
  variables (e.g., `_FOUND`) to follow a certain pattern.
Call Stack (most recent call first):
  /usr/lib/x86_64-linux-gnu/cmake/pcl/PCLConfig.cmake:616 (find_package_handle_standard_args)
  CMakeLists.txt:17 (find_package)
This warning is for project developers.  Use -Wno-dev to suppress it.
[0m
[33mCMake Warning (dev) at /home/myungw00/.local/lib/python3.8/site-packages/cmake/data/share/cmake-3.31/Modules/FindPackageHandleStandardArgs.cmake:441 (message):
  The package name passed to `find_package_handle_standard_args`
  (PCL_TRACKING) does not match the name of the calling package (PCL).  This
  can lead to problems in calling code that expects `find_package` result
  variables (e.g., `_FOUND`) to follow a certain pattern.
Call Stack (most recent call first):
  /usr/lib/x86_64-linux-gnu/cmake/pcl/PCLConfig.cmake:616 (find_package_handle_standard_args)
  CMakeLists.txt:17 (find_package)
This warning is for project developers.  Use -Wno-dev to suppress it.
[0m
[33mCMake Warning (dev) at /home/myungw00/.local/lib/python3.8/site-packages/cmake/data/share/cmake-3.31/Modules/FindPackageHandleStandardArgs.cmake:441 (message):
  The package name passed to `find_package_handle_standard_args`
  (PCL_RECOGNITION) does not match the name of the calling package (PCL).
  This can lead to problems in calling code that expects `find_package`
  result variables (e.g., `_FOUND`) to follow a certain pattern.
Call Stack (most recent call first):
  /usr/lib/x86_64-linux-gnu/cmake/pcl/PCLConfig.cmake:616 (find_package_handle_standard_args)
  CMakeLists.txt:17 (find_package)
This warning is for project developers.  Use -Wno-dev to suppress it.
[0m
[33mCMake Warning (dev) at /home/myungw00/.local/lib/python3.8/site-packages/cmake/data/share/cmake-3.31/Modules/FindPackageHandleStandardArgs.cmake:441 (message):
  The package name passed to `find_package_handle_standard_args` (PCL_STEREO)
  does not match the name of the calling package (PCL).  This can lead to
  problems in calling code that expects `find_package` result variables
  (e.g., `_FOUND`) to follow a certain pattern.
Call Stack (most recent call first):
  /usr/lib/x86_64-linux-gnu/cmake/pcl/PCLConfig.cmake:616 (find_package_handle_standard_args)
  CMakeLists.txt:17 (find_package)
This warning is for project developers.  Use -Wno-dev to suppress it.
[0m
[33mCMake Warning (dev) at /home/myungw00/.local/lib/python3.8/site-packages/cmake/data/share/cmake-3.31/Modules/FindPackageHandleStandardArgs.cmake:441 (message):
  The package name passed to `find_package_handle_standard_args` (PCL_APPS)
  does not match the name of the calling package (PCL).  This can lead to
  problems in calling code that expects `find_package` result variables
  (e.g., `_FOUND`) to follow a certain pattern.
Call Stack (most recent call first):
  /usr/lib/x86_64-linux-gnu/cmake/pcl/PCLConfig.cmake:616 (find_package_handle_standard_args)
  CMakeLists.txt:17 (find_package)
This warning is for project developers.  Use -Wno-dev to suppress it.
[0m
[33mCMake Warning (dev) at /home/myungw00/.local/lib/python3.8/site-packages/cmake/data/share/cmake-3.31/Modules/FindPackageHandleStandardArgs.cmake:441 (message):
  The package name passed to `find_package_handle_standard_args`
  (PCL_IN_HAND_SCANNER) does not match the name of the calling package (PCL).
  This can lead to problems in calling code that expects `find_package`
  result variables (e.g., `_FOUND`) to follow a certain pattern.
Call Stack (most recent call first):
  /usr/lib/x86_64-linux-gnu/cmake/pcl/PCLConfig.cmake:619 (find_package_handle_standard_args)
  CMakeLists.txt:17 (find_package)
This warning is for project developers.  Use -Wno-dev to suppress it.
[0m
[33mCMake Warning (dev) at /home/myungw00/.local/lib/python3.8/site-packages/cmake/data/share/cmake-3.31/Modules/FindPackageHandleStandardArgs.cmake:441 (message):
  The package name passed to `find_package_handle_standard_args`
  (PCL_POINT_CLOUD_EDITOR) does not match the name of the calling package
  (PCL).  This can lead to problems in calling code that expects
  `find_package` result variables (e.g., `_FOUND`) to follow a certain
  pattern.
Call Stack (most recent call first):
  /usr/lib/x86_64-linux-gnu/cmake/pcl/PCLConfig.cmake:619 (find_package_handle_standard_args)
  CMakeLists.txt:17 (find_package)
This warning is for project developers.  Use -Wno-dev to suppress it.
[0m
[33mCMake Warning (dev) at /home/myungw00/.local/lib/python3.8/site-packages/cmake/data/share/cmake-3.31/Modules/FindPackageHandleStandardArgs.cmake:441 (message):
  The package name passed to `find_package_handle_standard_args`
  (PCL_OUTOFCORE) does not match the name of the calling package (PCL).  This
  can lead to problems in calling code that expects `find_package` result
  variables (e.g., `_FOUND`) to follow a certain pattern.
Call Stack (most recent call first):
  /usr/lib/x86_64-linux-gnu/cmake/pcl/PCLConfig.cmake:616 (find_package_handle_standard_args)
  CMakeLists.txt:17 (find_package)
This warning is for project developers.  Use -Wno-dev to suppress it.
[0m
[33mCMake Warning (dev) at /home/myungw00/.local/lib/python3.8/site-packages/cmake/data/share/cmake-3.31/Modules/FindPackageHandleStandardArgs.cmake:441 (message):
  The package name passed to `find_package_handle_standard_args` (PCL_PEOPLE)
  does not match the name of the calling package (PCL).  This can lead to
  problems in calling code that expects `find_package` result variables
  (e.g., `_FOUND`) to follow a certain pattern.
Call Stack (most recent call first):
  /usr/lib/x86_64-linux-gnu/cmake/pcl/PCLConfig.cmake:616 (find_package_handle_standard_args)
  CMakeLists.txt:17 (find_package)
This warning is for project developers.  Use -Wno-dev to suppress it.
[0m
In file included from [01m[K/home/myungw00/ROS2/Qt_ws/src/qt_pointcloud_viewer/src/viewer_settings_manager.cpp:2[m[K:
[01m[K/home/myungw00/ROS2/Qt_ws/src/qt_pointcloud_viewer/include/qt_pointcloud_viewer/pointcloud_widget.hpp:[m[K In member function â€˜[01m[Kbool Widget::PointCloudWidget::getShowObject() const[m[Kâ€™:
[01m[K/home/myungw00/ROS2/Qt_ws/src/qt_pointcloud_viewer/include/qt_pointcloud_viewer/pointcloud_widget.hpp:90:45:[m[K [01;31m[Kerror: [m[Kâ€˜[01m[KshowObject_[m[Kâ€™ was not declared in this scope; did you mean â€˜[01m[KsetShowObject[m[Kâ€™?
   90 |         bool getShowObject() const { return [01;31m[KshowObject_[m[K; }
      |                                             [01;31m[K^~~~~~~~~~~[m[K
      |                                             [32m[KsetShowObject[m[K
[01m[K/home/myungw00/ROS2/Qt_ws/src/qt_pointcloud_viewer/src/viewer_settings_manager.cpp:[m[K In member function â€˜[01m[KWidget::ViewerSettings Widget::ViewerSettingsManager::extractSettings(Widget::PointCloudWidget*)[m[Kâ€™:
[01m[K/home/myungw00/ROS2/Qt_ws/src/qt_pointcloud_viewer/src/viewer_settings_manager.cpp:126:36:[m[K [01;31m[Kerror: [m[Kâ€˜[01m[Kclass Widget::PointCloudWidget[m[Kâ€™ has no member named â€˜[01m[KgetShowObjects[m[Kâ€™; did you mean â€˜[01m[KgetShowObject[m[Kâ€™?
  126 |     settings.showObjects = widget->[01;31m[KgetShowObjects[m[K();
      |                                    [01;31m[K^~~~~~~~~~~~~~[m[K
      |                                    [32m[KgetShowObject[m[K
[01m[K/home/myungw00/ROS2/Qt_ws/src/qt_pointcloud_viewer/src/viewer_settings_manager.cpp:127:41:[m[K [01;31m[Kerror: [m[Kâ€˜[01m[Kclass Widget::PointCloudWidget[m[Kâ€™ has no member named â€˜[01m[KgetShowObjectLabels[m[Kâ€™; did you mean â€˜[01m[KgetShowObjectLabel[m[Kâ€™?
  127 |     settings.showObjectLabels = widget->[01;31m[KgetShowObjectLabels[m[K();
      |                                         [01;31m[K^~~~~~~~~~~~~~~~~~~[m[K
      |                                         [32m[KgetShowObjectLabel[m[K
[01m[K/home/myungw00/ROS2/Qt_ws/src/qt_pointcloud_viewer/src/viewer_settings_manager.cpp:[m[K In member function â€˜[01m[Kvoid Widget::ViewerSettingsManager::applySettings(Widget::PointCloudWidget*, const Widget::ViewerSettings&)[m[Kâ€™:
[01m[K/home/myungw00/ROS2/Qt_ws/src/qt_pointcloud_viewer/src/viewer_settings_manager.cpp:172:13:[m[K [01;31m[Kerror: [m[Kâ€˜[01m[Kclass Widget::PointCloudWidget[m[Kâ€™ has no member named â€˜[01m[KsetShowObjects[m[Kâ€™; did you mean â€˜[01m[KsetShowObject[m[Kâ€™?
  172 |     widget->[01;31m[KsetShowObjects[m[K(settings.showObjects);
      |             [01;31m[K^~~~~~~~~~~~~~[m[K
      |             [32m[KsetShowObject[m[K
[01m[K/home/myungw00/ROS2/Qt_ws/src/qt_pointcloud_viewer/src/viewer_settings_manager.cpp:173:13:[m[K [01;31m[Kerror: [m[Kâ€˜[01m[Kclass Widget::PointCloudWidget[m[Kâ€™ has no member named â€˜[01m[KsetShowObjectLabels[m[Kâ€™; did you mean â€˜[01m[KsetShowObjectLabel[m[Kâ€™?
  173 |     widget->[01;31m[KsetShowObjectLabels[m[K(settings.showObjectLabels);
      |             [01;31m[K^~~~~~~~~~~~~~~~~~~[m[K
      |             [32m[KsetShowObjectLabel[m[K
In file included from [01m[K/home/myungw00/ROS2/Qt_ws/src/qt_pointcloud_viewer/build/qt_pointcloud_viewer/include/qt_pointcloud_viewer/moc_pointcloud_widget.cpp:9[m[K:
[01m[K/home/myungw00/ROS2/Qt_ws/src/qt_pointcloud_viewer/build/qt_pointcloud_viewer/include/qt_pointcloud_viewer/../../../../include/qt_pointcloud_viewer/pointcloud_widget.hpp:[m[K In member function â€˜[01m[Kbool Widget::PointCloudWidget::getShowObject() const[m[Kâ€™:
[01m[K/home/myungw00/ROS2/Qt_ws/src/qt_pointcloud_viewer/build/qt_pointcloud_viewer/include/qt_pointcloud_viewer/../../../../include/qt_pointcloud_viewer/pointcloud_widget.hpp:90:45:[m[K [01;31m[Kerror: [m[Kâ€˜[01m[KshowObject_[m[Kâ€™ was not declared in this scope; did you mean â€˜[01m[KsetShowObject[m[Kâ€™?
   90 |         bool getShowObject() const { return [01;31m[KshowObject_[m[K; }
      |                                             [01;31m[K^~~~~~~~~~~[m[K
      |                                             [32m[KsetShowObject[m[K
In file included from [01m[K/home/myungw00/ROS2/Qt_ws/src/qt_pointcloud_viewer/include/qt_pointcloud_viewer/viewer_window.hpp:3[m[K,
                 from [01m[K/home/myungw00/ROS2/Qt_ws/src/qt_pointcloud_viewer/include/qt_pointcloud_viewer/viewer_container.hpp:4[m[K,
                 from [01m[K/home/myungw00/ROS2/Qt_ws/src/qt_pointcloud_viewer/src/viewer_container.cpp:2[m[K:
[01m[K/home/myungw00/ROS2/Qt_ws/src/qt_pointcloud_viewer/include/qt_pointcloud_viewer/pointcloud_widget.hpp:[m[K In member function â€˜[01m[Kbool Widget::PointCloudWidget::getShowObject() const[m[Kâ€™:
[01m[K/home/myungw00/ROS2/Qt_ws/src/qt_pointcloud_viewer/include/qt_pointcloud_viewer/pointcloud_widget.hpp:90:45:[m[K [01;31m[Kerror: [m[Kâ€˜[01m[KshowObject_[m[Kâ€™ was not declared in this scope; did you mean â€˜[01m[KsetShowObject[m[Kâ€™?
   90 |         bool getShowObject() const { return [01;31m[KshowObject_[m[K; }
      |                                             [01;31m[K^~~~~~~~~~~[m[K
      |                                             [32m[KsetShowObject[m[K
In file included from [01m[K/home/myungw00/ROS2/Qt_ws/src/qt_pointcloud_viewer/build/qt_pointcloud_viewer/./ui_mainwindow.h:22[m[K,
                 from [01m[K/home/myungw00/ROS2/Qt_ws/src/qt_pointcloud_viewer/src/mainwindow.cpp:1[m[K:
[01m[K/home/myungw00/ROS2/Qt_ws/src/qt_pointcloud_viewer/include/qt_pointcloud_viewer/pointcloud_widget.hpp:[m[K In member function â€˜[01m[Kbool Widget::PointCloudWidget::getShowObject() const[m[Kâ€™:
[01m[K/home/myungw00/ROS2/Qt_ws/src/qt_pointcloud_viewer/include/qt_pointcloud_viewer/pointcloud_widget.hpp:90:45:[m[K [01;31m[Kerror: [m[Kâ€˜[01m[KshowObject_[m[Kâ€™ was not declared in this scope; did you mean â€˜[01m[KsetShowObject[m[Kâ€™?
   90 |         bool getShowObject() const { return [01;31m[KshowObject_[m[K; }
      |                                             [01;31m[K^~~~~~~~~~~[m[K
      |                                             [32m[KsetShowObject[m[K
In file included from [01m[K/home/myungw00/ROS2/Qt_ws/src/qt_pointcloud_viewer/src/pointcloud_widget.cpp:1[m[K:
[01m[K/home/myungw00/ROS2/Qt_ws/src/qt_pointcloud_viewer/include/qt_pointcloud_viewer/pointcloud_widget.hpp:[m[K In member function â€˜[01m[Kbool Widget::PointCloudWidget::getShowObject() const[m[Kâ€™:
[01m[K/home/myungw00/ROS2/Qt_ws/src/qt_pointcloud_viewer/include/qt_pointcloud_viewer/pointcloud_widget.hpp:90:45:[m[K [01;31m[Kerror: [m[Kâ€˜[01m[KshowObject_[m[Kâ€™ was not declared in this scope; did you mean â€˜[01m[KsetShowObject[m[Kâ€™?
   90 |         bool getShowObject() const { return [01;31m[KshowObject_[m[K; }
      |                                             [01;31m[K^~~~~~~~~~~[m[K
      |                                             [32m[KsetShowObject[m[K
[01m[K/home/myungw00/ROS2/Qt_ws/src/qt_pointcloud_viewer/src/pointcloud_widget.cpp:[m[K In member function â€˜[01m[Kvoid Widget::PointCloudWidget::setShowObject(bool)[m[Kâ€™:
[01m[K/home/myungw00/ROS2/Qt_ws/src/qt_pointcloud_viewer/src/pointcloud_widget.cpp:512:5:[m[K [01;31m[Kerror: [m[Kâ€˜[01m[KshowObject_[m[Kâ€™ was not declared in this scope; did you mean â€˜[01m[KsetShowObject[m[Kâ€™?
  512 |     [01;31m[KshowObject_[m[K = show;
      |     [01;31m[K^~~~~~~~~~~[m[K
      |     [32m[KsetShowObject[m[K
In file included from [01m[K/home/myungw00/ROS2/Qt_ws/src/qt_pointcloud_viewer/include/qt_pointcloud_viewer/control_tree_widget.hpp:19[m[K,
                 from [01m[K/home/myungw00/ROS2/Qt_ws/src/qt_pointcloud_viewer/src/control_tree_widget.cpp:2[m[K:
[01m[K/home/myungw00/ROS2/Qt_ws/src/qt_pointcloud_viewer/include/qt_pointcloud_viewer/pointcloud_widget.hpp:[m[K In member function â€˜[01m[Kbool Widget::PointCloudWidget::getShowObject() const[m[Kâ€™:
[01m[K/home/myungw00/ROS2/Qt_ws/src/qt_pointcloud_viewer/include/qt_pointcloud_viewer/pointcloud_widget.hpp:90:45:[m[K [01;31m[Kerror: [m[Kâ€˜[01m[KshowObject_[m[Kâ€™ was not declared in this scope; did you mean â€˜[01m[KsetShowObject[m[Kâ€™?
   90 |         bool getShowObject() const { return [01;31m[KshowObject_[m[K; }
      |                                             [01;31m[K^~~~~~~~~~~[m[K
      |                                             [32m[KsetShowObject[m[K
[01m[K/home/myungw00/ROS2/Qt_ws/src/qt_pointcloud_viewer/src/control_tree_widget.cpp:[m[K In lambda function:
[01m[K/home/myungw00/ROS2/Qt_ws/src/qt_pointcloud_viewer/src/control_tree_widget.cpp:204:52:[m[K [01;31m[Kerror: [m[Kinvalid operands of types â€˜[01m[Kconst char*[m[Kâ€™ and â€˜[01m[Kconst char [2][m[Kâ€™ to binary â€˜[01m[Koperator+[m[Kâ€™
  204 |             qDebug() << [32m[K"Grid cell count:" + value[m[K [01;31m[K+[m[K [34m[K"x"[m[K + value;
      |                         [32m[K~~~~~~~~~~~~~~~~~~~~~~~~~~[m[K [01;31m[K^[m[K [34m[K~~~[m[K
      |                                            [32m[K|[m[K         [34m[K|[m[K
      |                                            [32m[K|[m[K         [34m[Kconst char [2][m[K
      |                                            [32m[Kconst char*[m[K
[01m[K/home/myungw00/ROS2/Qt_ws/src/qt_pointcloud_viewer/src/control_tree_widget.cpp:[m[K In lambda function:
[01m[K/home/myungw00/ROS2/Qt_ws/src/qt_pointcloud_viewer/src/control_tree_widget.cpp:1009:32:[m[K [01;31m[Kerror: [m[Kâ€˜[01m[Kclass Widget::PointCloudWidget[m[Kâ€™ has no member named â€˜[01m[KsetShowObjects[m[Kâ€™; did you mean â€˜[01m[KsetShowObject[m[Kâ€™?
 1009 |             pointCloudWidget_->[01;31m[KsetShowObjects[m[K(checked);
      |                                [01;31m[K^~~~~~~~~~~~~~[m[K
      |                                [32m[KsetShowObject[m[K
[01m[K/home/myungw00/ROS2/Qt_ws/src/qt_pointcloud_viewer/src/control_tree_widget.cpp:[m[K In lambda function:
[01m[K/home/myungw00/ROS2/Qt_ws/src/qt_pointcloud_viewer/src/control_tree_widget.cpp:1023:32:[m[K [01;31m[Kerror: [m[Kâ€˜[01m[Kclass Widget::PointCloudWidget[m[Kâ€™ has no member named â€˜[01m[KsetShowObjectLabels[m[Kâ€™; did you mean â€˜[01m[KsetShowObjectLabel[m[Kâ€™?
 1023 |             pointCloudWidget_->[01;31m[KsetShowObjectLabels[m[K(checked);
      |                                [01;31m[K^~~~~~~~~~~~~~~~~~~[m[K
      |                                [32m[KsetShowObjectLabel[m[K
make[2]: *** [CMakeFiles/qt_pointcloud_viewer.dir/build.make:277: CMakeFiles/qt_pointcloud_viewer.dir/src/viewer_settings_manager.cpp.o] Error 1
make[2]: *** Waiting for unfinished jobs....
make[2]: *** [CMakeFiles/qt_pointcloud_viewer.dir/build.make:347: CMakeFiles/qt_pointcloud_viewer.dir/include/qt_pointcloud_viewer/moc_pointcloud_widget.cpp.o] Error 1
In file included from [01m[K/home/myungw00/ROS2/Qt_ws/src/qt_pointcloud_viewer/include/qt_pointcloud_viewer/viewer_window.hpp:3[m[K,
                 from [01m[K/home/myungw00/ROS2/Qt_ws/src/qt_pointcloud_viewer/src/viewer_window.cpp:1[m[K:
[01m[K/home/myungw00/ROS2/Qt_ws/src/qt_pointcloud_viewer/include/qt_pointcloud_viewer/pointcloud_widget.hpp:[m[K In member function â€˜[01m[Kbool Widget::PointCloudWidget::getShowObject() const[m[Kâ€™:
[01m[K/home/myungw00/ROS2/Qt_ws/src/qt_pointcloud_viewer/include/qt_pointcloud_viewer/pointcloud_widget.hpp:90:45:[m[K [01;31m[Kerror: [m[Kâ€˜[01m[KshowObject_[m[Kâ€™ was not declared in this scope; did you mean â€˜[01m[KsetShowObject[m[Kâ€™?
   90 |         bool getShowObject() const { return [01;31m[KshowObject_[m[K; }
      |                                             [01;31m[K^~~~~~~~~~~[m[K
      |                                             [32m[KsetShowObject[m[K
make[2]: *** [CMakeFiles/qt_pointcloud_viewer.dir/build.make:165: CMakeFiles/qt_pointcloud_viewer.dir/src/pointcloud_widget.cpp.o] Error 1
In file included from [01m[K/home/myungw00/ROS2/Qt_ws/src/qt_pointcloud_viewer/build/qt_pointcloud_viewer/include/qt_pointcloud_viewer/../../../../include/qt_pointcloud_viewer/viewer_window.hpp:3[m[K,
                 from [01m[K/home/myungw00/ROS2/Qt_ws/src/qt_pointcloud_viewer/build/qt_pointcloud_viewer/include/qt_pointcloud_viewer/../../../../include/qt_pointcloud_viewer/viewer_container.hpp:4[m[K,
                 from [01m[K/home/myungw00/ROS2/Qt_ws/src/qt_pointcloud_viewer/build/qt_pointcloud_viewer/include/qt_pointcloud_viewer/moc_viewer_container.cpp:9[m[K:
[01m[K/home/myungw00/ROS2/Qt_ws/src/qt_pointcloud_viewer/build/qt_pointcloud_viewer/include/qt_pointcloud_viewer/../../../../include/qt_pointcloud_viewer/pointcloud_widget.hpp:[m[K In member function â€˜[01m[Kbool Widget::PointCloudWidget::getShowObject() const[m[Kâ€™:
[01m[K/home/myungw00/ROS2/Qt_ws/src/qt_pointcloud_viewer/build/qt_pointcloud_viewer/include/qt_pointcloud_viewer/../../../../include/qt_pointcloud_viewer/pointcloud_widget.hpp:90:45:[m[K [01;31m[Kerror: [m[Kâ€˜[01m[KshowObject_[m[Kâ€™ was not declared in this scope; did you mean â€˜[01m[KsetShowObject[m[Kâ€™?
   90 |         bool getShowObject() const { return [01;31m[KshowObject_[m[K; }
      |                                             [01;31m[K^~~~~~~~~~~[m[K
      |                                             [32m[KsetShowObject[m[K
make[2]: *** [CMakeFiles/qt_pointcloud_viewer.dir/build.make:249: CMakeFiles/qt_pointcloud_viewer.dir/src/control_tree_widget.cpp.o] Error 1
In file included from [01m[K/home/myungw00/ROS2/Qt_ws/src/qt_pointcloud_viewer/build/qt_pointcloud_viewer/include/qt_pointcloud_viewer/../../../../include/qt_pointcloud_viewer/mainwindow.hpp:16[m[K,
                 from [01m[K/home/myungw00/ROS2/Qt_ws/src/qt_pointcloud_viewer/build/qt_pointcloud_viewer/include/qt_pointcloud_viewer/moc_mainwindow.cpp:9[m[K:
[01m[K/home/myungw00/ROS2/Qt_ws/src/qt_pointcloud_viewer/build/qt_pointcloud_viewer/include/qt_pointcloud_viewer/../../../../include/qt_pointcloud_viewer/pointcloud_widget.hpp:[m[K In member function â€˜[01m[Kbool Widget::PointCloudWidget::getShowObject() const[m[Kâ€™:
[01m[K/home/myungw00/ROS2/Qt_ws/src/qt_pointcloud_viewer/build/qt_pointcloud_viewer/include/qt_pointcloud_viewer/../../../../include/qt_pointcloud_viewer/pointcloud_widget.hpp:90:45:[m[K [01;31m[Kerror: [m[Kâ€˜[01m[KshowObject_[m[Kâ€™ was not declared in this scope; did you mean â€˜[01m[KsetShowObject[m[Kâ€™?
   90 |         bool getShowObject() const { return [01;31m[KshowObject_[m[K; }
      |                                             [01;31m[K^~~~~~~~~~~[m[K
      |                                             [32m[KsetShowObject[m[K
In file included from [01m[K/home/myungw00/ROS2/Qt_ws/src/qt_pointcloud_viewer/include/qt_pointcloud_viewer/mainwindow.hpp:16[m[K,
                 from [01m[K/home/myungw00/ROS2/Qt_ws/src/qt_pointcloud_viewer/src/main.cpp:3[m[K:
[01m[K/home/myungw00/ROS2/Qt_ws/src/qt_pointcloud_viewer/include/qt_pointcloud_viewer/pointcloud_widget.hpp:[m[K In member function â€˜[01m[Kbool Widget::PointCloudWidget::getShowObject() const[m[Kâ€™:
[01m[K/home/myungw00/ROS2/Qt_ws/src/qt_pointcloud_viewer/include/qt_pointcloud_viewer/pointcloud_widget.hpp:90:45:[m[K [01;31m[Kerror: [m[Kâ€˜[01m[KshowObject_[m[Kâ€™ was not declared in this scope; did you mean â€˜[01m[KsetShowObject[m[Kâ€™?
   90 |         bool getShowObject() const { return [01;31m[KshowObject_[m[K; }
      |                                             [01;31m[K^~~~~~~~~~~[m[K
      |                                             [32m[KsetShowObject[m[K
In file included from [01m[K/home/myungw00/ROS2/Qt_ws/src/qt_pointcloud_viewer/build/qt_pointcloud_viewer/include/qt_pointcloud_viewer/../../../../include/qt_pointcloud_viewer/viewer_window.hpp:3[m[K,
                 from [01m[K/home/myungw00/ROS2/Qt_ws/src/qt_pointcloud_viewer/build/qt_pointcloud_viewer/include/qt_pointcloud_viewer/moc_viewer_window.cpp:9[m[K:
[01m[K/home/myungw00/ROS2/Qt_ws/src/qt_pointcloud_viewer/build/qt_pointcloud_viewer/include/qt_pointcloud_viewer/../../../../include/qt_pointcloud_viewer/pointcloud_widget.hpp:[m[K In member function â€˜[01m[Kbool Widget::PointCloudWidget::getShowObject() const[m[Kâ€™:
[01m[K/home/myungw00/ROS2/Qt_ws/src/qt_pointcloud_viewer/build/qt_pointcloud_viewer/include/qt_pointcloud_viewer/../../../../include/qt_pointcloud_viewer/pointcloud_widget.hpp:90:45:[m[K [01;31m[Kerror: [m[Kâ€˜[01m[KshowObject_[m[Kâ€™ was not declared in this scope; did you mean â€˜[01m[KsetShowObject[m[Kâ€™?
   90 |         bool getShowObject() const { return [01;31m[KshowObject_[m[K; }
      |                                             [01;31m[K^~~~~~~~~~~[m[K
      |                                             [32m[KsetShowObject[m[K
make[2]: *** [CMakeFiles/qt_pointcloud_viewer.dir/build.make:193: CMakeFiles/qt_pointcloud_viewer.dir/src/viewer_container.cpp.o] Error 1
make[2]: *** [CMakeFiles/qt_pointcloud_viewer.dir/build.make:333: CMakeFiles/qt_pointcloud_viewer.dir/include/qt_pointcloud_viewer/moc_mainwindow.cpp.o] Error 1
make[2]: *** [CMakeFiles/qt_pointcloud_viewer.dir/build.make:151: CMakeFiles/qt_pointcloud_viewer.dir/src/mainwindow.cpp.o] Error 1
make[2]: *** [CMakeFiles/qt_pointcloud_viewer.dir/build.make:137: CMakeFiles/qt_pointcloud_viewer.dir/src/main.cpp.o] Error 1
make[2]: *** [CMakeFiles/qt_pointcloud_viewer.dir/build.make:375: CMakeFiles/qt_pointcloud_viewer.dir/include/qt_pointcloud_viewer/moc_viewer_container.cpp.o] Error 1
make[2]: *** [CMakeFiles/qt_pointcloud_viewer.dir/build.make:389: CMakeFiles/qt_pointcloud_viewer.dir/include/qt_pointcloud_viewer/moc_viewer_window.cpp.o] Error 1
make[2]: *** [CMakeFiles/qt_pointcloud_viewer.dir/build.make:207: CMakeFiles/qt_pointcloud_viewer.dir/src/viewer_window.cpp.o] Error 1
In file included from [01m[K/home/myungw00/ROS2/Qt_ws/src/qt_pointcloud_viewer/build/qt_pointcloud_viewer/include/qt_pointcloud_viewer/../../../../include/qt_pointcloud_viewer/control_tree_widget.hpp:19[m[K,
                 from [01m[K/home/myungw00/ROS2/Qt_ws/src/qt_pointcloud_viewer/build/qt_pointcloud_viewer/include/qt_pointcloud_viewer/moc_control_tree_widget.cpp:9[m[K:
[01m[K/home/myungw00/ROS2/Qt_ws/src/qt_pointcloud_viewer/build/qt_pointcloud_viewer/include/qt_pointcloud_viewer/../../../../include/qt_pointcloud_viewer/pointcloud_widget.hpp:[m[K In member function â€˜[01m[Kbool Widget::PointCloudWidget::getShowObject() const[m[Kâ€™:
[01m[K/home/myungw00/ROS2/Qt_ws/src/qt_pointcloud_viewer/build/qt_pointcloud_viewer/include/qt_pointcloud_viewer/../../../../include/qt_pointcloud_viewer/pointcloud_widget.hpp:90:45:[m[K [01;31m[Kerror: [m[Kâ€˜[01m[KshowObject_[m[Kâ€™ was not declared in this scope; did you mean â€˜[01m[KsetShowObject[m[Kâ€™?
   90 |         bool getShowObject() const { return [01;31m[KshowObject_[m[K; }
      |                                             [01;31m[K^~~~~~~~~~~[m[K
      |                                             [32m[KsetShowObject[m[K
make[2]: *** [CMakeFiles/qt_pointcloud_viewer.dir/build.make:417: CMakeFiles/qt_pointcloud_viewer.dir/include/qt_pointcloud_viewer/moc_control_tree_widget.cpp.o] Error 1
make[1]: *** [CMakeFiles/Makefile2:152: CMakeFiles/qt_pointcloud_viewer.dir/all] Error 2
make: *** [Makefile:146: all] Error 2
