-- The C compiler identification is GNU 9.4.0
-- The CXX compiler identification is GNU 9.4.0
-- Detecting C compiler ABI info
-- Detecting C compiler ABI info - done
-- Check for working C compiler: /usr/bin/cc - skipped
-- Detecting C compile features
-- Detecting C compile features - done
-- Detecting CXX compiler ABI info
-- Detecting CXX compiler ABI info - done
-- Check for working CXX compiler: /usr/bin/c++ - skipped
-- Detecting CXX compile features
-- Detecting CXX compile features - done
-- Found ament_cmake: 1.1.6 (/opt/ros/galactic/share/ament_cmake/cmake)
[33mCMake Warning (dev) at /opt/ros/galactic/share/ament_cmake_core/cmake/core/python.cmake:22 (find_package):
  Policy CMP0148 is not set: The FindPythonInterp and FindPythonLibs modules
  are removed.  Run "cmake --help-policy CMP0148" for policy details.  Use
  the cmake_policy command to set the policy and suppress this warning.

Call Stack (most recent call first):
  /opt/ros/galactic/share/ament_cmake_core/cmake/core/all.cmake:53 (include)
  /opt/ros/galactic/share/ament_cmake_core/cmake/ament_cmake_core-extras.cmake:17 (include)
  /opt/ros/galactic/share/ament_cmake_core/cmake/ament_cmake_coreConfig.cmake:41 (include)
  /opt/ros/galactic/share/ament_cmake/cmake/ament_cmake_export_dependencies-extras.cmake:15 (find_package)
  /opt/ros/galactic/share/ament_cmake/cmake/ament_cmakeConfig.cmake:41 (include)
  CMakeLists.txt:11 (find_package)
This warning is for project developers.  Use -Wno-dev to suppress it.
[0m
-- Found PythonInterp: /usr/bin/python3 (found suitable version "3.8.10", minimum required is "3")
-- Using PYTHON_EXECUTABLE: /usr/bin/python3
-- Override CMake install command with custom implementation using symlinks instead of copying resources
-- Found rclcpp: 9.2.2 (/opt/ros/galactic/share/rclcpp/cmake)
-- Using all available rosidl_typesupport_c: rosidl_typesupport_fastrtps_c;rosidl_typesupport_introspection_c
-- Found rosidl_adapter: 2.2.3 (/opt/ros/galactic/share/rosidl_adapter/cmake)
-- Found OpenSSL: /usr/lib/x86_64-linux-gnu/libcrypto.so (found version "1.1.1f")
-- Found FastRTPS: /opt/ros/galactic/include
-- Using all available rosidl_typesupport_cpp: rosidl_typesupport_fastrtps_cpp;rosidl_typesupport_introspection_cpp
-- Found rmw_implementation_cmake: 3.3.1 (/opt/ros/galactic/share/rmw_implementation_cmake/cmake)
-- Found rmw_cyclonedds_cpp: 0.22.6 (/opt/ros/galactic/share/rmw_cyclonedds_cpp/cmake)
-- Using RMW implementation 'rmw_cyclonedds_cpp' as default
-- Performing Test CMAKE_HAVE_LIBC_PTHREAD
-- Performing Test CMAKE_HAVE_LIBC_PTHREAD - Failed
-- Looking for pthread_create in pthreads
-- Looking for pthread_create in pthreads - not found
-- Looking for pthread_create in pthread
-- Looking for pthread_create in pthread - found
-- Found Threads: TRUE
-- Found sensor_msgs: 2.2.4 (/opt/ros/galactic/share/sensor_msgs/cmake)
-- Found nav_msgs: 2.2.4 (/opt/ros/galactic/share/nav_msgs/cmake)
-- Found u2_icd_pkg: 0.0.0 (/home/myungw00/ROS2/Qt_ws/install/u2_icd_pkg/share/u2_icd_pkg/cmake)
[0mCMake Deprecation Warning at /usr/lib/x86_64-linux-gnu/cmake/pcl/PCLConfig.cmake:40 (cmake_policy):
  Compatibility with CMake < 3.10 will be removed from a future version of
  CMake.

  Update the VERSION argument <min> value.  Or, use the <min>...<max> syntax
  to tell CMake that the project requires at least <min> but has been updated
  to work with policies introduced by <max> or earlier.
Call Stack (most recent call first):
  CMakeLists.txt:17 (find_package)

[0m
[33mCMake Warning (dev) at /usr/lib/x86_64-linux-gnu/cmake/pcl/PCLConfig.cmake:152 (find_package):
  Policy CMP0144 is not set: find_package uses upper-case <PACKAGENAME>_ROOT
  variables.  Run "cmake --help-policy CMP0144" for policy details.  Use the
  cmake_policy command to set the policy and suppress this warning.

  CMake variable EIGEN_ROOT is set to:

    /usr/include/eigen3

  For compatibility, find_package is ignoring the variable, but code in a
  .cmake module might still use it.
Call Stack (most recent call first):
  /usr/lib/x86_64-linux-gnu/cmake/pcl/PCLConfig.cmake:316 (find_eigen)
  /usr/lib/x86_64-linux-gnu/cmake/pcl/PCLConfig.cmake:551 (find_external_library)
  CMakeLists.txt:17 (find_package)
This warning is for project developers.  Use -Wno-dev to suppress it.
[0m
-- Checking for module 'eigen3'
--   Found eigen3, version 3.3.7
-- Found Eigen: /usr/include/eigen3 (Required is at least version "3.1")
-- Eigen found (include: /usr/include/eigen3, version: 3.3.4)
[33mCMake Warning (dev) at /usr/lib/x86_64-linux-gnu/cmake/pcl/PCLConfig.cmake:134 (find_package):
  Policy CMP0167 is not set: The FindBoost module is removed.  Run "cmake
  --help-policy CMP0167" for policy details.  Use the cmake_policy command to
  set the policy and suppress this warning.

Call Stack (most recent call first):
  /usr/lib/x86_64-linux-gnu/cmake/pcl/PCLConfig.cmake:314 (find_boost)
  /usr/lib/x86_64-linux-gnu/cmake/pcl/PCLConfig.cmake:551 (find_external_library)
  CMakeLists.txt:17 (find_package)
This warning is for project developers.  Use -Wno-dev to suppress it.
[0m
-- Found Boost: /usr/include (found suitable version "1.71.0", minimum required is "1.55.0") found components: system filesystem date_time iostreams regex
[33mCMake Warning (dev) at /usr/lib/x86_64-linux-gnu/cmake/pcl/Modules/FindFLANN.cmake:44 (find_package):
  Policy CMP0144 is not set: find_package uses upper-case <PACKAGENAME>_ROOT
  variables.  Run "cmake --help-policy CMP0144" for policy details.  Use the
  cmake_policy command to set the policy and suppress this warning.

  CMake variable FLANN_ROOT is set to:

    /usr

  For compatibility, find_package is ignoring the variable, but code in a
  .cmake module might still use it.
Call Stack (most recent call first):
  /usr/lib/x86_64-linux-gnu/cmake/pcl/PCLConfig.cmake:263 (find_package)
  /usr/lib/x86_64-linux-gnu/cmake/pcl/PCLConfig.cmake:318 (find_flann)
  /usr/lib/x86_64-linux-gnu/cmake/pcl/PCLConfig.cmake:551 (find_external_library)
  CMakeLists.txt:17 (find_package)
This warning is for project developers.  Use -Wno-dev to suppress it.
[0m
-- Checking for module 'flann'
--   Found flann, version 1.9.1
-- Found FLANN: /usr/lib/x86_64-linux-gnu/libflann_cpp.so
-- The imported target "vtkParseOGLExt" references the file
   "/usr/bin/vtkParseOGLExt-7.1"
but this file does not exist.  Possible reasons include:
* The file was deleted, renamed, or moved to another location.
* An install or uninstall procedure did not complete successfully.
* The installation package was faulty and contained
   "/usr/lib/cmake/vtk-7.1/VTKTargets.cmake"
but not all the files it references.

-- The imported target "vtkRenderingPythonTkWidgets" references the file
   "/usr/lib/x86_64-linux-gnu/libvtkRenderingPythonTkWidgets.so"
but this file does not exist.  Possible reasons include:
* The file was deleted, renamed, or moved to another location.
* An install or uninstall procedure did not complete successfully.
* The installation package was faulty and contained
   "/usr/lib/cmake/vtk-7.1/VTKTargets.cmake"
but not all the files it references.

-- The imported target "vtk" references the file
   "/usr/bin/vtk"
but this file does not exist.  Possible reasons include:
* The file was deleted, renamed, or moved to another location.
* An install or uninstall procedure did not complete successfully.
* The installation package was faulty and contained
   "/usr/lib/cmake/vtk-7.1/VTKTargets.cmake"
but not all the files it references.

-- The imported target "pvtk" references the file
   "/usr/bin/pvtk"
but this file does not exist.  Possible reasons include:
* The file was deleted, renamed, or moved to another location.
* An install or uninstall procedure did not complete successfully.
* The installation package was faulty and contained
   "/usr/lib/cmake/vtk-7.1/VTKTargets.cmake"
but not all the files it references.

-- Checking for module 'libusb-1.0'
--   Found libusb-1.0, version 1.0.23
[33mCMake Warning (dev) at /home/myungw00/.local/lib/python3.8/site-packages/cmake/data/share/cmake-3.31/Modules/FindPackageHandleStandardArgs.cmake:441 (message):
  The package name passed to `find_package_handle_standard_args` (USB_10)
  does not match the name of the calling package (OpenNI).  This can lead to
  problems in calling code that expects `find_package` result variables
  (e.g., `_FOUND`) to follow a certain pattern.
Call Stack (most recent call first):
  /usr/lib/x86_64-linux-gnu/cmake/pcl/Modules/FindOpenNI.cmake:28 (find_package_handle_standard_args)
  /usr/lib/x86_64-linux-gnu/cmake/pcl/PCLConfig.cmake:179 (find_package)
  /usr/lib/x86_64-linux-gnu/cmake/pcl/PCLConfig.cmake:322 (find_openni)
  /usr/lib/x86_64-linux-gnu/cmake/pcl/PCLConfig.cmake:548 (find_external_library)
  CMakeLists.txt:17 (find_package)
This warning is for project developers.  Use -Wno-dev to suppress it.
[0m
-- Found USB_10: /usr/lib/x86_64-linux-gnu/libusb-1.0.so
-- Found OpenNI: /usr/lib/libOpenNI.so
-- OpenNI found (include: /usr/include/ni, lib: /usr/lib/libOpenNI.so)
[33mCMake Warning (dev) at /home/myungw00/.local/lib/python3.8/site-packages/cmake/data/share/cmake-3.31/Modules/FindPackageHandleStandardArgs.cmake:441 (message):
  The package name passed to `find_package_handle_standard_args` (USB_10)
  does not match the name of the calling package (OpenNI2).  This can lead to
  problems in calling code that expects `find_package` result variables
  (e.g., `_FOUND`) to follow a certain pattern.
Call Stack (most recent call first):
  /usr/lib/x86_64-linux-gnu/cmake/pcl/Modules/FindOpenNI2.cmake:28 (find_package_handle_standard_args)
  /usr/lib/x86_64-linux-gnu/cmake/pcl/PCLConfig.cmake:193 (find_package)
  /usr/lib/x86_64-linux-gnu/cmake/pcl/PCLConfig.cmake:324 (find_openni2)
  /usr/lib/x86_64-linux-gnu/cmake/pcl/PCLConfig.cmake:548 (find_external_library)
  CMakeLists.txt:17 (find_package)
This warning is for project developers.  Use -Wno-dev to suppress it.
[0m
-- Found OpenNI2: /usr/lib/libOpenNI2.so
-- OpenNI2 found (include: /usr/include/openni2, lib: /usr/lib/libOpenNI2.so)
[0m** WARNING ** io features related to pcap will be disabled[0m
[0m** WARNING ** io features related to png will be disabled[0m
[33mCMake Warning (dev) at /home/myungw00/.local/lib/python3.8/site-packages/cmake/data/share/cmake-3.31/Modules/FindPackageHandleStandardArgs.cmake:441 (message):
  The package name passed to `find_package_handle_standard_args` (libusb-1.0)
  does not match the name of the calling package (PCL).  This can lead to
  problems in calling code that expects `find_package` result variables
  (e.g., `_FOUND`) to follow a certain pattern.
Call Stack (most recent call first):
  /usr/lib/x86_64-linux-gnu/cmake/pcl/PCLConfig.cmake:291 (find_package_handle_standard_args)
  /usr/lib/x86_64-linux-gnu/cmake/pcl/PCLConfig.cmake:338 (find_libusb)
  /usr/lib/x86_64-linux-gnu/cmake/pcl/PCLConfig.cmake:548 (find_external_library)
  CMakeLists.txt:17 (find_package)
This warning is for project developers.  Use -Wno-dev to suppress it.
[0m
-- Found libusb-1.0: /usr/include
[0m** WARNING ** io features related to libusb-1.0 will be disabled[0m
[33mCMake Warning (dev) at /home/myungw00/.local/lib/python3.8/site-packages/cmake/data/share/cmake-3.31/Modules/FindPackageHandleStandardArgs.cmake:441 (message):
  The package name passed to `find_package_handle_standard_args` (USB_10)
  does not match the name of the calling package (OpenNI).  This can lead to
  problems in calling code that expects `find_package` result variables
  (e.g., `_FOUND`) to follow a certain pattern.
Call Stack (most recent call first):
  /usr/lib/x86_64-linux-gnu/cmake/pcl/Modules/FindOpenNI.cmake:28 (find_package_handle_standard_args)
  /usr/lib/x86_64-linux-gnu/cmake/pcl/PCLConfig.cmake:179 (find_package)
  /usr/lib/x86_64-linux-gnu/cmake/pcl/PCLConfig.cmake:322 (find_openni)
  /usr/lib/x86_64-linux-gnu/cmake/pcl/PCLConfig.cmake:548 (find_external_library)
  CMakeLists.txt:17 (find_package)
This warning is for project developers.  Use -Wno-dev to suppress it.
[0m
-- OpenNI found (include: /usr/include/ni, lib: /usr/lib/libOpenNI.so)
[33mCMake Warning (dev) at /home/myungw00/.local/lib/python3.8/site-packages/cmake/data/share/cmake-3.31/Modules/FindPackageHandleStandardArgs.cmake:441 (message):
  The package name passed to `find_package_handle_standard_args` (USB_10)
  does not match the name of the calling package (OpenNI2).  This can lead to
  problems in calling code that expects `find_package` result variables
  (e.g., `_FOUND`) to follow a certain pattern.
Call Stack (most recent call first):
  /usr/lib/x86_64-linux-gnu/cmake/pcl/Modules/FindOpenNI2.cmake:28 (find_package_handle_standard_args)
  /usr/lib/x86_64-linux-gnu/cmake/pcl/PCLConfig.cmake:193 (find_package)
  /usr/lib/x86_64-linux-gnu/cmake/pcl/PCLConfig.cmake:324 (find_openni2)
  /usr/lib/x86_64-linux-gnu/cmake/pcl/PCLConfig.cmake:548 (find_external_library)
  CMakeLists.txt:17 (find_package)
This warning is for project developers.  Use -Wno-dev to suppress it.
[0m
-- OpenNI2 found (include: /usr/include/openni2, lib: /usr/lib/libOpenNI2.so)
[33mCMake Warning (dev) at /usr/lib/x86_64-linux-gnu/cmake/pcl/PCLConfig.cmake:165 (find_package):
  Policy CMP0144 is not set: find_package uses upper-case <PACKAGENAME>_ROOT
  variables.  Run "cmake --help-policy CMP0144" for policy details.  Use the
  cmake_policy command to set the policy and suppress this warning.

  CMake variable QHULL_ROOT is set to:

    /usr

  For compatibility, find_package is ignoring the variable, but code in a
  .cmake module might still use it.
Call Stack (most recent call first):
  /usr/lib/x86_64-linux-gnu/cmake/pcl/PCLConfig.cmake:320 (find_qhull)
  /usr/lib/x86_64-linux-gnu/cmake/pcl/PCLConfig.cmake:548 (find_external_library)
  CMakeLists.txt:17 (find_package)
This warning is for project developers.  Use -Wno-dev to suppress it.
[0m
-- Found Qhull: optimized;/usr/lib/x86_64-linux-gnu/libqhull.so;debug;/usr/lib/x86_64-linux-gnu/libqhull.so
-- QHULL found (include: /usr/include, lib: optimized;/usr/lib/x86_64-linux-gnu/libqhull.so;debug;/usr/lib/x86_64-linux-gnu/libqhull.so)
[33mCMake Warning (dev) at /home/myungw00/.local/lib/python3.8/site-packages/cmake/data/share/cmake-3.31/Modules/FindPackageHandleStandardArgs.cmake:441 (message):
  The package name passed to `find_package_handle_standard_args` (USB_10)
  does not match the name of the calling package (OpenNI).  This can lead to
  problems in calling code that expects `find_package` result variables
  (e.g., `_FOUND`) to follow a certain pattern.
Call Stack (most recent call first):
  /usr/lib/x86_64-linux-gnu/cmake/pcl/Modules/FindOpenNI.cmake:28 (find_package_handle_standard_args)
  /usr/lib/x86_64-linux-gnu/cmake/pcl/PCLConfig.cmake:179 (find_package)
  /usr/lib/x86_64-linux-gnu/cmake/pcl/PCLConfig.cmake:322 (find_openni)
  /usr/lib/x86_64-linux-gnu/cmake/pcl/PCLConfig.cmake:548 (find_external_library)
  CMakeLists.txt:17 (find_package)
This warning is for project developers.  Use -Wno-dev to suppress it.
[0m
-- OpenNI found (include: /usr/include/ni, lib: /usr/lib/libOpenNI.so)
-- looking for PCL_COMMON
[33mCMake Warning (dev) at /home/myungw00/.local/lib/python3.8/site-packages/cmake/data/share/cmake-3.31/Modules/FindPackageHandleStandardArgs.cmake:441 (message):
  The package name passed to `find_package_handle_standard_args` (PCL_COMMON)
  does not match the name of the calling package (PCL).  This can lead to
  problems in calling code that expects `find_package` result variables
  (e.g., `_FOUND`) to follow a certain pattern.
Call Stack (most recent call first):
  /usr/lib/x86_64-linux-gnu/cmake/pcl/PCLConfig.cmake:616 (find_package_handle_standard_args)
  CMakeLists.txt:17 (find_package)
This warning is for project developers.  Use -Wno-dev to suppress it.
[0m
-- Found PCL_COMMON: /usr/lib/x86_64-linux-gnu/libpcl_common.so
-- looking for PCL_KDTREE
[33mCMake Warning (dev) at /home/myungw00/.local/lib/python3.8/site-packages/cmake/data/share/cmake-3.31/Modules/FindPackageHandleStandardArgs.cmake:441 (message):
  The package name passed to `find_package_handle_standard_args` (PCL_KDTREE)
  does not match the name of the calling package (PCL).  This can lead to
  problems in calling code that expects `find_package` result variables
  (e.g., `_FOUND`) to follow a certain pattern.
Call Stack (most recent call first):
  /usr/lib/x86_64-linux-gnu/cmake/pcl/PCLConfig.cmake:616 (find_package_handle_standard_args)
  CMakeLists.txt:17 (find_package)
This warning is for project developers.  Use -Wno-dev to suppress it.
[0m
-- Found PCL_KDTREE: /usr/lib/x86_64-linux-gnu/libpcl_kdtree.so
-- looking for PCL_OCTREE
[33mCMake Warning (dev) at /home/myungw00/.local/lib/python3.8/site-packages/cmake/data/share/cmake-3.31/Modules/FindPackageHandleStandardArgs.cmake:441 (message):
  The package name passed to `find_package_handle_standard_args` (PCL_OCTREE)
  does not match the name of the calling package (PCL).  This can lead to
  problems in calling code that expects `find_package` result variables
  (e.g., `_FOUND`) to follow a certain pattern.
Call Stack (most recent call first):
  /usr/lib/x86_64-linux-gnu/cmake/pcl/PCLConfig.cmake:616 (find_package_handle_standard_args)
  CMakeLists.txt:17 (find_package)
This warning is for project developers.  Use -Wno-dev to suppress it.
[0m
-- Found PCL_OCTREE: /usr/lib/x86_64-linux-gnu/libpcl_octree.so
-- looking for PCL_SEARCH
[33mCMake Warning (dev) at /home/myungw00/.local/lib/python3.8/site-packages/cmake/data/share/cmake-3.31/Modules/FindPackageHandleStandardArgs.cmake:441 (message):
  The package name passed to `find_package_handle_standard_args` (PCL_SEARCH)
  does not match the name of the calling package (PCL).  This can lead to
  problems in calling code that expects `find_package` result variables
  (e.g., `_FOUND`) to follow a certain pattern.
Call Stack (most recent call first):
  /usr/lib/x86_64-linux-gnu/cmake/pcl/PCLConfig.cmake:616 (find_package_handle_standard_args)
  CMakeLists.txt:17 (find_package)
This warning is for project developers.  Use -Wno-dev to suppress it.
[0m
-- Found PCL_SEARCH: /usr/lib/x86_64-linux-gnu/libpcl_search.so
-- looking for PCL_SAMPLE_CONSENSUS
[33mCMake Warning (dev) at /home/myungw00/.local/lib/python3.8/site-packages/cmake/data/share/cmake-3.31/Modules/FindPackageHandleStandardArgs.cmake:441 (message):
  The package name passed to `find_package_handle_standard_args`
  (PCL_SAMPLE_CONSENSUS) does not match the name of the calling package
  (PCL).  This can lead to problems in calling code that expects
  `find_package` result variables (e.g., `_FOUND`) to follow a certain
  pattern.
Call Stack (most recent call first):
  /usr/lib/x86_64-linux-gnu/cmake/pcl/PCLConfig.cmake:616 (find_package_handle_standard_args)
  CMakeLists.txt:17 (find_package)
This warning is for project developers.  Use -Wno-dev to suppress it.
[0m
-- Found PCL_SAMPLE_CONSENSUS: /usr/lib/x86_64-linux-gnu/libpcl_sample_consensus.so
-- looking for PCL_FILTERS
[33mCMake Warning (dev) at /home/myungw00/.local/lib/python3.8/site-packages/cmake/data/share/cmake-3.31/Modules/FindPackageHandleStandardArgs.cmake:441 (message):
  The package name passed to `find_package_handle_standard_args`
  (PCL_FILTERS) does not match the name of the calling package (PCL).  This
  can lead to problems in calling code that expects `find_package` result
  variables (e.g., `_FOUND`) to follow a certain pattern.
Call Stack (most recent call first):
  /usr/lib/x86_64-linux-gnu/cmake/pcl/PCLConfig.cmake:616 (find_package_handle_standard_args)
  CMakeLists.txt:17 (find_package)
This warning is for project developers.  Use -Wno-dev to suppress it.
[0m
[33mCMake Warning (dev) at /home/myungw00/.local/lib/python3.8/site-packages/cmake/data/share/cmake-3.31/Modules/FindPackageHandleStandardArgs.cmake:441 (message):
  The package name passed to `find_package_handle_standard_args` (PCL_2D)
  does not match the name of the calling package (PCL).  This can lead to
  problems in calling code that expects `find_package` result variables
  (e.g., `_FOUND`) to follow a certain pattern.
Call Stack (most recent call first):
  /usr/lib/x86_64-linux-gnu/cmake/pcl/PCLConfig.cmake:619 (find_package_handle_standard_args)
  CMakeLists.txt:17 (find_package)
This warning is for project developers.  Use -Wno-dev to suppress it.
[0m
-- Found PCL_FILTERS: /usr/lib/x86_64-linux-gnu/libpcl_filters.so
-- looking for PCL_2D
-- Found PCL_2D: /usr/include/pcl-1.10
-- looking for PCL_GEOMETRY
-- Found PCL_GEOMETRY: /usr/include/pcl-1.10
[33mCMake Warning (dev) at /home/myungw00/.local/lib/python3.8/site-packages/cmake/data/share/cmake-3.31/Modules/FindPackageHandleStandardArgs.cmake:441 (message):
  The package name passed to `find_package_handle_standard_args`
  (PCL_GEOMETRY) does not match the name of the calling package (PCL).  This
  can lead to problems in calling code that expects `find_package` result
  variables (e.g., `_FOUND`) to follow a certain pattern.
Call Stack (most recent call first):
  /usr/lib/x86_64-linux-gnu/cmake/pcl/PCLConfig.cmake:619 (find_package_handle_standard_args)
  CMakeLists.txt:17 (find_package)
This warning is for project developers.  Use -Wno-dev to suppress it.
[0m
-- looking for PCL_IO
[33mCMake Warning (dev) at /home/myungw00/.local/lib/python3.8/site-packages/cmake/data/share/cmake-3.31/Modules/FindPackageHandleStandardArgs.cmake:441 (message):
  The package name passed to `find_package_handle_standard_args` (PCL_IO)
  does not match the name of the calling package (PCL).  This can lead to
  problems in calling code that expects `find_package` result variables
  (e.g., `_FOUND`) to follow a certain pattern.
Call Stack (most recent call first):
  /usr/lib/x86_64-linux-gnu/cmake/pcl/PCLConfig.cmake:616 (find_package_handle_standard_args)
  CMakeLists.txt:17 (find_package)
This warning is for project developers.  Use -Wno-dev to suppress it.
[0m
-- Found PCL_IO: /usr/lib/x86_64-linux-gnu/libpcl_io.so
-- looking for PCL_FEATURES
[33mCMake Warning (dev) at /home/myungw00/.local/lib/python3.8/site-packages/cmake/data/share/cmake-3.31/Modules/FindPackageHandleStandardArgs.cmake:441 (message):
  The package name passed to `find_package_handle_standard_args`
  (PCL_FEATURES) does not match the name of the calling package (PCL).  This
  can lead to problems in calling code that expects `find_package` result
  variables (e.g., `_FOUND`) to follow a certain pattern.
Call Stack (most recent call first):
  /usr/lib/x86_64-linux-gnu/cmake/pcl/PCLConfig.cmake:616 (find_package_handle_standard_args)
  CMakeLists.txt:17 (find_package)
This warning is for project developers.  Use -Wno-dev to suppress it.
[0m
-- Found PCL_FEATURES: /usr/lib/x86_64-linux-gnu/libpcl_features.so
-- looking for PCL_ML
[33mCMake Warning (dev) at /home/myungw00/.local/lib/python3.8/site-packages/cmake/data/share/cmake-3.31/Modules/FindPackageHandleStandardArgs.cmake:441 (message):
  The package name passed to `find_package_handle_standard_args` (PCL_ML)
  does not match the name of the calling package (PCL).  This can lead to
  problems in calling code that expects `find_package` result variables
  (e.g., `_FOUND`) to follow a certain pattern.
Call Stack (most recent call first):
  /usr/lib/x86_64-linux-gnu/cmake/pcl/PCLConfig.cmake:616 (find_package_handle_standard_args)
  CMakeLists.txt:17 (find_package)
This warning is for project developers.  Use -Wno-dev to suppress it.
[0m
-- Found PCL_ML: /usr/lib/x86_64-linux-gnu/libpcl_ml.so
-- looking for PCL_SEGMENTATION
[33mCMake Warning (dev) at /home/myungw00/.local/lib/python3.8/site-packages/cmake/data/share/cmake-3.31/Modules/FindPackageHandleStandardArgs.cmake:441 (message):
  The package name passed to `find_package_handle_standard_args`
  (PCL_SEGMENTATION) does not match the name of the calling package (PCL).
  This can lead to problems in calling code that expects `find_package`
  result variables (e.g., `_FOUND`) to follow a certain pattern.
Call Stack (most recent call first):
  /usr/lib/x86_64-linux-gnu/cmake/pcl/PCLConfig.cmake:616 (find_package_handle_standard_args)
  CMakeLists.txt:17 (find_package)
This warning is for project developers.  Use -Wno-dev to suppress it.
[0m
-- Found PCL_SEGMENTATION: /usr/lib/x86_64-linux-gnu/libpcl_segmentation.so
-- looking for PCL_VISUALIZATION
[33mCMake Warning (dev) at /home/myungw00/.local/lib/python3.8/site-packages/cmake/data/share/cmake-3.31/Modules/FindPackageHandleStandardArgs.cmake:441 (message):
  The package name passed to `find_package_handle_standard_args`
  (PCL_VISUALIZATION) does not match the name of the calling package (PCL).
  This can lead to problems in calling code that expects `find_package`
  result variables (e.g., `_FOUND`) to follow a certain pattern.
Call Stack (most recent call first):
  /usr/lib/x86_64-linux-gnu/cmake/pcl/PCLConfig.cmake:616 (find_package_handle_standard_args)
  CMakeLists.txt:17 (find_package)
This warning is for project developers.  Use -Wno-dev to suppress it.
[0m
-- Found PCL_VISUALIZATION: /usr/lib/x86_64-linux-gnu/libpcl_visualization.so
-- looking for PCL_SURFACE
[33mCMake Warning (dev) at /home/myungw00/.local/lib/python3.8/site-packages/cmake/data/share/cmake-3.31/Modules/FindPackageHandleStandardArgs.cmake:441 (message):
  The package name passed to `find_package_handle_standard_args`
  (PCL_SURFACE) does not match the name of the calling package (PCL).  This
  can lead to problems in calling code that expects `find_package` result
  variables (e.g., `_FOUND`) to follow a certain pattern.
Call Stack (most recent call first):
  /usr/lib/x86_64-linux-gnu/cmake/pcl/PCLConfig.cmake:616 (find_package_handle_standard_args)
  CMakeLists.txt:17 (find_package)
This warning is for project developers.  Use -Wno-dev to suppress it.
[0m
-- Found PCL_SURFACE: /usr/lib/x86_64-linux-gnu/libpcl_surface.so
-- looking for PCL_REGISTRATION
[33mCMake Warning (dev) at /home/myungw00/.local/lib/python3.8/site-packages/cmake/data/share/cmake-3.31/Modules/FindPackageHandleStandardArgs.cmake:441 (message):
  The package name passed to `find_package_handle_standard_args`
  (PCL_REGISTRATION) does not match the name of the calling package (PCL).
  This can lead to problems in calling code that expects `find_package`
  result variables (e.g., `_FOUND`) to follow a certain pattern.
Call Stack (most recent call first):
  /usr/lib/x86_64-linux-gnu/cmake/pcl/PCLConfig.cmake:616 (find_package_handle_standard_args)
  CMakeLists.txt:17 (find_package)
This warning is for project developers.  Use -Wno-dev to suppress it.
[0m
-- Found PCL_REGISTRATION: /usr/lib/x86_64-linux-gnu/libpcl_registration.so
-- looking for PCL_KEYPOINTS
[33mCMake Warning (dev) at /home/myungw00/.local/lib/python3.8/site-packages/cmake/data/share/cmake-3.31/Modules/FindPackageHandleStandardArgs.cmake:441 (message):
  The package name passed to `find_package_handle_standard_args`
  (PCL_KEYPOINTS) does not match the name of the calling package (PCL).  This
  can lead to problems in calling code that expects `find_package` result
  variables (e.g., `_FOUND`) to follow a certain pattern.
Call Stack (most recent call first):
  /usr/lib/x86_64-linux-gnu/cmake/pcl/PCLConfig.cmake:616 (find_package_handle_standard_args)
  CMakeLists.txt:17 (find_package)
This warning is for project developers.  Use -Wno-dev to suppress it.
[0m
-- Found PCL_KEYPOINTS: /usr/lib/x86_64-linux-gnu/libpcl_keypoints.so
-- looking for PCL_TRACKING
[33mCMake Warning (dev) at /home/myungw00/.local/lib/python3.8/site-packages/cmake/data/share/cmake-3.31/Modules/FindPackageHandleStandardArgs.cmake:441 (message):
  The package name passed to `find_package_handle_standard_args`
  (PCL_TRACKING) does not match the name of the calling package (PCL).  This
  can lead to problems in calling code that expects `find_package` result
  variables (e.g., `_FOUND`) to follow a certain pattern.
Call Stack (most recent call first):
  /usr/lib/x86_64-linux-gnu/cmake/pcl/PCLConfig.cmake:616 (find_package_handle_standard_args)
  CMakeLists.txt:17 (find_package)
This warning is for project developers.  Use -Wno-dev to suppress it.
[0m
-- Found PCL_TRACKING: /usr/lib/x86_64-linux-gnu/libpcl_tracking.so
-- looking for PCL_RECOGNITION
[33mCMake Warning (dev) at /home/myungw00/.local/lib/python3.8/site-packages/cmake/data/share/cmake-3.31/Modules/FindPackageHandleStandardArgs.cmake:441 (message):
  The package name passed to `find_package_handle_standard_args`
  (PCL_RECOGNITION) does not match the name of the calling package (PCL).
  This can lead to problems in calling code that expects `find_package`
  result variables (e.g., `_FOUND`) to follow a certain pattern.
Call Stack (most recent call first):
  /usr/lib/x86_64-linux-gnu/cmake/pcl/PCLConfig.cmake:616 (find_package_handle_standard_args)
  CMakeLists.txt:17 (find_package)
This warning is for project developers.  Use -Wno-dev to suppress it.
[0m
-- Found PCL_RECOGNITION: /usr/lib/x86_64-linux-gnu/libpcl_recognition.so
-- looking for PCL_STEREO
[33mCMake Warning (dev) at /home/myungw00/.local/lib/python3.8/site-packages/cmake/data/share/cmake-3.31/Modules/FindPackageHandleStandardArgs.cmake:441 (message):
  The package name passed to `find_package_handle_standard_args` (PCL_STEREO)
  does not match the name of the calling package (PCL).  This can lead to
  problems in calling code that expects `find_package` result variables
  (e.g., `_FOUND`) to follow a certain pattern.
Call Stack (most recent call first):
  /usr/lib/x86_64-linux-gnu/cmake/pcl/PCLConfig.cmake:616 (find_package_handle_standard_args)
  CMakeLists.txt:17 (find_package)
This warning is for project developers.  Use -Wno-dev to suppress it.
[0m
-- Found PCL_STEREO: /usr/lib/x86_64-linux-gnu/libpcl_stereo.so
-- looking for PCL_APPS
[33mCMake Warning (dev) at /home/myungw00/.local/lib/python3.8/site-packages/cmake/data/share/cmake-3.31/Modules/FindPackageHandleStandardArgs.cmake:441 (message):
  The package name passed to `find_package_handle_standard_args` (PCL_APPS)
  does not match the name of the calling package (PCL).  This can lead to
  problems in calling code that expects `find_package` result variables
  (e.g., `_FOUND`) to follow a certain pattern.
Call Stack (most recent call first):
  /usr/lib/x86_64-linux-gnu/cmake/pcl/PCLConfig.cmake:616 (find_package_handle_standard_args)
  CMakeLists.txt:17 (find_package)
This warning is for project developers.  Use -Wno-dev to suppress it.
[0m
-- Found PCL_APPS: /usr/lib/x86_64-linux-gnu/libpcl_apps.so
-- looking for PCL_IN_HAND_SCANNER
[33mCMake Warning (dev) at /home/myungw00/.local/lib/python3.8/site-packages/cmake/data/share/cmake-3.31/Modules/FindPackageHandleStandardArgs.cmake:441 (message):
  The package name passed to `find_package_handle_standard_args`
  (PCL_IN_HAND_SCANNER) does not match the name of the calling package (PCL).
  This can lead to problems in calling code that expects `find_package`
  result variables (e.g., `_FOUND`) to follow a certain pattern.
Call Stack (most recent call first):
  /usr/lib/x86_64-linux-gnu/cmake/pcl/PCLConfig.cmake:619 (find_package_handle_standard_args)
  CMakeLists.txt:17 (find_package)
This warning is for project developers.  Use -Wno-dev to suppress it.
[0m
-- Found PCL_IN_HAND_SCANNER: /usr/include/pcl-1.10
-- looking for PCL_POINT_CLOUD_EDITOR
-- Found PCL_POINT_CLOUD_EDITOR: /usr/include/pcl-1.10
-- looking for PCL_OUTOFCORE
[33mCMake Warning (dev) at /home/myungw00/.local/lib/python3.8/site-packages/cmake/data/share/cmake-3.31/Modules/FindPackageHandleStandardArgs.cmake:441 (message):
  The package name passed to `find_package_handle_standard_args`
  (PCL_POINT_CLOUD_EDITOR) does not match the name of the calling package
  (PCL).  This can lead to problems in calling code that expects
  `find_package` result variables (e.g., `_FOUND`) to follow a certain
  pattern.
Call Stack (most recent call first):
  /usr/lib/x86_64-linux-gnu/cmake/pcl/PCLConfig.cmake:619 (find_package_handle_standard_args)
  CMakeLists.txt:17 (find_package)
This warning is for project developers.  Use -Wno-dev to suppress it.
[0m
[33mCMake Warning (dev) at /home/myungw00/.local/lib/python3.8/site-packages/cmake/data/share/cmake-3.31/Modules/FindPackageHandleStandardArgs.cmake:441 (message):
  The package name passed to `find_package_handle_standard_args`
  (PCL_OUTOFCORE) does not match the name of the calling package (PCL).  This
  can lead to problems in calling code that expects `find_package` result
  variables (e.g., `_FOUND`) to follow a certain pattern.
Call Stack (most recent call first):
  /usr/lib/x86_64-linux-gnu/cmake/pcl/PCLConfig.cmake:616 (find_package_handle_standard_args)
  CMakeLists.txt:17 (find_package)
This warning is for project developers.  Use -Wno-dev to suppress it.
[0m
-- Found PCL_OUTOFCORE: /usr/lib/x86_64-linux-gnu/libpcl_outofcore.so
-- looking for PCL_PEOPLE
[33mCMake Warning (dev) at /home/myungw00/.local/lib/python3.8/site-packages/cmake/data/share/cmake-3.31/Modules/FindPackageHandleStandardArgs.cmake:441 (message):
  The package name passed to `find_package_handle_standard_args` (PCL_PEOPLE)
  does not match the name of the calling package (PCL).  This can lead to
  problems in calling code that expects `find_package` result variables
  (e.g., `_FOUND`) to follow a certain pattern.
Call Stack (most recent call first):
  /usr/lib/x86_64-linux-gnu/cmake/pcl/PCLConfig.cmake:616 (find_package_handle_standard_args)
  CMakeLists.txt:17 (find_package)
This warning is for project developers.  Use -Wno-dev to suppress it.
[0m
-- Found PCL_PEOPLE: /usr/lib/x86_64-linux-gnu/libpcl_people.so
-- Found PCL: pcl_common;pcl_kdtree;pcl_octree;pcl_search;pcl_sample_consensus;pcl_filters;pcl_io;pcl_features;pcl_ml;pcl_segmentation;pcl_visualization;pcl_surface;pcl_registration;pcl_keypoints;pcl_tracking;pcl_recognition;pcl_stereo;pcl_apps;pcl_outofcore;pcl_people;/usr/lib/x86_64-linux-gnu/libboost_system.so;/usr/lib/x86_64-linux-gnu/libboost_filesystem.so;/usr/lib/x86_64-linux-gnu/libboost_date_time.so;/usr/lib/x86_64-linux-gnu/libboost_iostreams.so;/usr/lib/x86_64-linux-gnu/libboost_regex.so;optimized;/usr/lib/x86_64-linux-gnu/libqhull.so;debug;/usr/lib/x86_64-linux-gnu/libqhull.so;/usr/lib/libOpenNI.so;/usr/lib/libOpenNI2.so;vtkChartsCore;vtkCommonColor;vtkCommonCore;vtksys;vtkCommonDataModel;vtkCommonMath;vtkCommonMisc;vtkCommonSystem;vtkCommonTransforms;vtkCommonExecutionModel;vtkFiltersGeneral;vtkCommonComputationalGeometry;vtkFiltersCore;vtkInfovisCore;vtkFiltersExtraction;vtkFiltersStatistics;vtkImagingFourier;vtkImagingCore;vtkalglib;vtkRenderingContext2D;vtkRenderingCore;vtkFiltersGeometry;vtkFiltersSources;vtkRenderingFreeType;/usr/lib/x86_64-linux-gnu/libfreetype.so;/usr/lib/x86_64-linux-gnu/libz.so;vtkFiltersModeling;vtkImagingSources;vtkInteractionStyle;vtkInteractionWidgets;vtkFiltersHybrid;vtkImagingColor;vtkImagingGeneral;vtkImagingHybrid;vtkIOImage;vtkDICOMParser;vtkmetaio;/usr/lib/x86_64-linux-gnu/libjpeg.so;/usr/lib/x86_64-linux-gnu/libpng.so;/usr/lib/x86_64-linux-gnu/libtiff.so;vtkRenderingAnnotation;vtkRenderingVolume;vtkIOXML;vtkIOCore;vtkIOXMLParser;/usr/lib/x86_64-linux-gnu/libexpat.so;vtkIOGeometry;vtkIOLegacy;vtkIOPLY;vtkRenderingLOD;vtkViewsContext2D;vtkViewsCore;vtkRenderingContextOpenGL2;vtkRenderingOpenGL2;FLANN::FLANN
-- Found pcl_conversions: 2.3.2 (/opt/ros/galactic/share/pcl_conversions/cmake)
-- Found pcl_ros: 2.3.2 (/opt/ros/galactic/share/pcl_ros/cmake)
-- Found eigen3_cmake_module: 0.1.1 (/opt/ros/galactic/share/eigen3_cmake_module/cmake)
-- Found Eigen3: TRUE (found version "3.3.7")
-- Found OpenGL: /usr/lib/x86_64-linux-gnu/libOpenGL.so
-- Found OpenCV: /usr (found version "4.2.0")
-- Configuring done (3.3s)
-- Generating done (0.1s)
-- Build files have been written to: /home/myungw00/ROS2/Qt_ws/src/qt_pointcloud_viewer/build/qt_pointcloud_viewer
[  2%] [34m[1mAutomatic MOC and UIC for target qt_pointcloud_viewer[0m
[  2%] Built target qt_pointcloud_viewer_autogen
[  7%] [34m[1mGenerating include/qt_pointcloud_viewer/moc_control_tree_widget.cpp[0m
[ 13%] [34m[1mGenerating include/qt_pointcloud_viewer/moc_interest_object_manager.cpp[0m
[ 15%] [34m[1mGenerating include/qt_pointcloud_viewer/moc_mainwindow.cpp[0m
[ 18%] [34m[1mGenerating include/qt_pointcloud_viewer/moc_viewer_settings_manager.cpp[0m
[ 21%] [34m[1mGenerating include/qt_pointcloud_viewer/moc_pointcloud_widget.cpp[0m
[ 23%] [34m[1mGenerating include/qt_pointcloud_viewer/moc_viewer_container.cpp[0m
[ 26%] [34m[1mGenerating include/qt_pointcloud_viewer/moc_viewer_window.cpp[0m
[ 28%] [34m[1mGenerating include/qt_pointcloud_viewer/moc_debug_console_widget.cpp[0m
[ 28%] [34m[1mGenerating ui_mainwindow.h[0m
[ 28%] [34m[1mGenerating include/qt_pointcloud_viewer/moc_data_broker.cpp[0m
[ 31%] [34m[1mGenerating include/qt_pointcloud_viewer/moc_robot_select_dialog.cpp[0m
[ 36%] [32mBuilding CXX object CMakeFiles/qt_pointcloud_viewer.dir/src/main.cpp.o[0m
[ 39%] [32mBuilding CXX object CMakeFiles/qt_pointcloud_viewer.dir/src/robot_select_dialog.cpp.o[0m
[ 42%] [32mBuilding CXX object CMakeFiles/qt_pointcloud_viewer.dir/src/mainwindow.cpp.o[0m
[ 44%] [32mBuilding CXX object CMakeFiles/qt_pointcloud_viewer.dir/src/pointcloud_widget.cpp.o[0m
[ 47%] [32mBuilding CXX object CMakeFiles/qt_pointcloud_viewer.dir/src/viewer_container.cpp.o[0m
[ 50%] [32mBuilding CXX object CMakeFiles/qt_pointcloud_viewer.dir/src/viewer_window.cpp.o[0m
[ 47%] [32mBuilding CXX object CMakeFiles/qt_pointcloud_viewer.dir/qt_pointcloud_viewer_autogen/mocs_compilation.cpp.o[0m
[ 52%] [32mBuilding CXX object CMakeFiles/qt_pointcloud_viewer.dir/src/data_broker.cpp.o[0m
[ 55%] [32mBuilding CXX object CMakeFiles/qt_pointcloud_viewer.dir/src/shape_helper.cpp.o[0m
[ 57%] [32mBuilding CXX object CMakeFiles/qt_pointcloud_viewer.dir/src/control_tree_widget.cpp.o[0m
[ 60%] [32mBuilding CXX object CMakeFiles/qt_pointcloud_viewer.dir/src/viewer_settings_manager.cpp.o[0m
[ 65%] [32mBuilding CXX object CMakeFiles/qt_pointcloud_viewer.dir/src/debug_console_widget.cpp.o[0m
[ 65%] [32mBuilding CXX object CMakeFiles/qt_pointcloud_viewer.dir/src/render_helper.cpp.o[0m
[ 68%] [32mBuilding CXX object CMakeFiles/qt_pointcloud_viewer.dir/src/grid_map_processor.cpp.o[0m
[ 73%] [32mBuilding CXX object CMakeFiles/qt_pointcloud_viewer.dir/src/interest_object_manager.cpp.o[0m
[ 73%] [32mBuilding CXX object CMakeFiles/qt_pointcloud_viewer.dir/include/qt_pointcloud_viewer/moc_mainwindow.cpp.o[0m
[ 76%] [32mBuilding CXX object CMakeFiles/qt_pointcloud_viewer.dir/include/qt_pointcloud_viewer/moc_pointcloud_widget.cpp.o[0m
[ 78%] [32mBuilding CXX object CMakeFiles/qt_pointcloud_viewer.dir/include/qt_pointcloud_viewer/moc_robot_select_dialog.cpp.o[0m
[ 81%] [32mBuilding CXX object CMakeFiles/qt_pointcloud_viewer.dir/include/qt_pointcloud_viewer/moc_viewer_container.cpp.o[0m
[ 84%] [32mBuilding CXX object CMakeFiles/qt_pointcloud_viewer.dir/include/qt_pointcloud_viewer/moc_viewer_window.cpp.o[0m
In file included from [01m[K/home/myungw00/ROS2/Qt_ws/src/qt_pointcloud_viewer/src/viewer_settings_manager.cpp:2[m[K:
[01m[K/home/myungw00/ROS2/Qt_ws/src/qt_pointcloud_viewer/include/qt_pointcloud_viewer/pointcloud_widget.hpp:[m[K In member function â€˜[01m[Kbool Widget::PointCloudWidget::getShowObject() const[m[Kâ€™:
[01m[K/home/myungw00/ROS2/Qt_ws/src/qt_pointcloud_viewer/include/qt_pointcloud_viewer/pointcloud_widget.hpp:90:45:[m[K [01;31m[Kerror: [m[Kâ€˜[01m[KshowObject_[m[Kâ€™ was not declared in this scope; did you mean â€˜[01m[KsetShowObject[m[Kâ€™?
   90 |         bool getShowObject() const { return [01;31m[KshowObject_[m[K; }
      |                                             [01;31m[K^~~~~~~~~~~[m[K
      |                                             [32m[KsetShowObject[m[K
[01m[K/home/myungw00/ROS2/Qt_ws/src/qt_pointcloud_viewer/src/viewer_settings_manager.cpp:[m[K In member function â€˜[01m[KWidget::ViewerSettings Widget::ViewerSettingsManager::extractSettings(Widget::PointCloudWidget*)[m[Kâ€™:
[01m[K/home/myungw00/ROS2/Qt_ws/src/qt_pointcloud_viewer/src/viewer_settings_manager.cpp:126:36:[m[K [01;31m[Kerror: [m[Kâ€˜[01m[Kclass Widget::PointCloudWidget[m[Kâ€™ has no member named â€˜[01m[KgetShowObjects[m[Kâ€™; did you mean â€˜[01m[KgetShowObject[m[Kâ€™?
  126 |     settings.showObjects = widget->[01;31m[KgetShowObjects[m[K();
      |                                    [01;31m[K^~~~~~~~~~~~~~[m[K
      |                                    [32m[KgetShowObject[m[K
[01m[K/home/myungw00/ROS2/Qt_ws/src/qt_pointcloud_viewer/src/viewer_settings_manager.cpp:127:41:[m[K [01;31m[Kerror: [m[Kâ€˜[01m[Kclass Widget::PointCloudWidget[m[Kâ€™ has no member named â€˜[01m[KgetShowObjectLabels[m[Kâ€™; did you mean â€˜[01m[KgetShowObjectLabel[m[Kâ€™?
  127 |     settings.showObjectLabels = widget->[01;31m[KgetShowObjectLabels[m[K();
      |                                         [01;31m[K^~~~~~~~~~~~~~~~~~~[m[K
      |                                         [32m[KgetShowObjectLabel[m[K
[01m[K/home/myungw00/ROS2/Qt_ws/src/qt_pointcloud_viewer/src/viewer_settings_manager.cpp:[m[K In member function â€˜[01m[Kvoid Widget::ViewerSettingsManager::applySettings(Widget::PointCloudWidget*, const Widget::ViewerSettings&)[m[Kâ€™:
[01m[K/home/myungw00/ROS2/Qt_ws/src/qt_pointcloud_viewer/src/viewer_settings_manager.cpp:172:13:[m[K [01;31m[Kerror: [m[Kâ€˜[01m[Kclass Widget::PointCloudWidget[m[Kâ€™ has no member named â€˜[01m[KsetShowObjects[m[Kâ€™; did you mean â€˜[01m[KsetShowObject[m[Kâ€™?
  172 |     widget->[01;31m[KsetShowObjects[m[K(settings.showObjects);
      |             [01;31m[K^~~~~~~~~~~~~~[m[K
      |             [32m[KsetShowObject[m[K
[01m[K/home/myungw00/ROS2/Qt_ws/src/qt_pointcloud_viewer/src/viewer_settings_manager.cpp:173:13:[m[K [01;31m[Kerror: [m[Kâ€˜[01m[Kclass Widget::PointCloudWidget[m[Kâ€™ has no member named â€˜[01m[KsetShowObjectLabels[m[Kâ€™; did you mean â€˜[01m[KsetShowObjectLabel[m[Kâ€™?
  173 |     widget->[01;31m[KsetShowObjectLabels[m[K(settings.showObjectLabels);
      |             [01;31m[K^~~~~~~~~~~~~~~~~~~[m[K
      |             [32m[KsetShowObjectLabel[m[K
In file included from [01m[K/home/myungw00/ROS2/Qt_ws/src/qt_pointcloud_viewer/build/qt_pointcloud_viewer/include/qt_pointcloud_viewer/moc_pointcloud_widget.cpp:9[m[K:
[01m[K/home/myungw00/ROS2/Qt_ws/src/qt_pointcloud_viewer/build/qt_pointcloud_viewer/include/qt_pointcloud_viewer/../../../../include/qt_pointcloud_viewer/pointcloud_widget.hpp:[m[K In member function â€˜[01m[Kbool Widget::PointCloudWidget::getShowObject() const[m[Kâ€™:
[01m[K/home/myungw00/ROS2/Qt_ws/src/qt_pointcloud_viewer/build/qt_pointcloud_viewer/include/qt_pointcloud_viewer/../../../../include/qt_pointcloud_viewer/pointcloud_widget.hpp:90:45:[m[K [01;31m[Kerror: [m[Kâ€˜[01m[KshowObject_[m[Kâ€™ was not declared in this scope; did you mean â€˜[01m[KsetShowObject[m[Kâ€™?
   90 |         bool getShowObject() const { return [01;31m[KshowObject_[m[K; }
      |                                             [01;31m[K^~~~~~~~~~~[m[K
      |                                             [32m[KsetShowObject[m[K
In file included from [01m[K/home/myungw00/ROS2/Qt_ws/src/qt_pointcloud_viewer/include/qt_pointcloud_viewer/viewer_window.hpp:3[m[K,
                 from [01m[K/home/myungw00/ROS2/Qt_ws/src/qt_pointcloud_viewer/include/qt_pointcloud_viewer/viewer_container.hpp:4[m[K,
                 from [01m[K/home/myungw00/ROS2/Qt_ws/src/qt_pointcloud_viewer/src/viewer_container.cpp:2[m[K:
[01m[K/home/myungw00/ROS2/Qt_ws/src/qt_pointcloud_viewer/include/qt_pointcloud_viewer/pointcloud_widget.hpp:[m[K In member function â€˜[01m[Kbool Widget::PointCloudWidget::getShowObject() const[m[Kâ€™:
[01m[K/home/myungw00/ROS2/Qt_ws/src/qt_pointcloud_viewer/include/qt_pointcloud_viewer/pointcloud_widget.hpp:90:45:[m[K [01;31m[Kerror: [m[Kâ€˜[01m[KshowObject_[m[Kâ€™ was not declared in this scope; did you mean â€˜[01m[KsetShowObject[m[Kâ€™?
   90 |         bool getShowObject() const { return [01;31m[KshowObject_[m[K; }
      |                                             [01;31m[K^~~~~~~~~~~[m[K
      |                                             [32m[KsetShowObject[m[K
In file included from [01m[K/home/myungw00/ROS2/Qt_ws/src/qt_pointcloud_viewer/build/qt_pointcloud_viewer/./ui_mainwindow.h:22[m[K,
                 from [01m[K/home/myungw00/ROS2/Qt_ws/src/qt_pointcloud_viewer/src/mainwindow.cpp:1[m[K:
[01m[K/home/myungw00/ROS2/Qt_ws/src/qt_pointcloud_viewer/include/qt_pointcloud_viewer/pointcloud_widget.hpp:[m[K In member function â€˜[01m[Kbool Widget::PointCloudWidget::getShowObject() const[m[Kâ€™:
[01m[K/home/myungw00/ROS2/Qt_ws/src/qt_pointcloud_viewer/include/qt_pointcloud_viewer/pointcloud_widget.hpp:90:45:[m[K [01;31m[Kerror: [m[Kâ€˜[01m[KshowObject_[m[Kâ€™ was not declared in this scope; did you mean â€˜[01m[KsetShowObject[m[Kâ€™?
   90 |         bool getShowObject() const { return [01;31m[KshowObject_[m[K; }
      |                                             [01;31m[K^~~~~~~~~~~[m[K
      |                                             [32m[KsetShowObject[m[K
In file included from [01m[K/home/myungw00/ROS2/Qt_ws/src/qt_pointcloud_viewer/src/pointcloud_widget.cpp:1[m[K:
[01m[K/home/myungw00/ROS2/Qt_ws/src/qt_pointcloud_viewer/include/qt_pointcloud_viewer/pointcloud_widget.hpp:[m[K In member function â€˜[01m[Kbool Widget::PointCloudWidget::getShowObject() const[m[Kâ€™:
[01m[K/home/myungw00/ROS2/Qt_ws/src/qt_pointcloud_viewer/include/qt_pointcloud_viewer/pointcloud_widget.hpp:90:45:[m[K [01;31m[Kerror: [m[Kâ€˜[01m[KshowObject_[m[Kâ€™ was not declared in this scope; did you mean â€˜[01m[KsetShowObject[m[Kâ€™?
   90 |         bool getShowObject() const { return [01;31m[KshowObject_[m[K; }
      |                                             [01;31m[K^~~~~~~~~~~[m[K
      |                                             [32m[KsetShowObject[m[K
[ 86%] [32mBuilding CXX object CMakeFiles/qt_pointcloud_viewer.dir/include/qt_pointcloud_viewer/moc_data_broker.cpp.o[0m
[01m[K/home/myungw00/ROS2/Qt_ws/src/qt_pointcloud_viewer/src/pointcloud_widget.cpp:[m[K In member function â€˜[01m[Kvoid Widget::PointCloudWidget::setShowObject(bool)[m[Kâ€™:
[01m[K/home/myungw00/ROS2/Qt_ws/src/qt_pointcloud_viewer/src/pointcloud_widget.cpp:512:5:[m[K [01;31m[Kerror: [m[Kâ€˜[01m[KshowObject_[m[Kâ€™ was not declared in this scope; did you mean â€˜[01m[KsetShowObject[m[Kâ€™?
  512 |     [01;31m[KshowObject_[m[K = show;
      |     [01;31m[K^~~~~~~~~~~[m[K
      |     [32m[KsetShowObject[m[K
[ 89%] [32mBuilding CXX object CMakeFiles/qt_pointcloud_viewer.dir/include/qt_pointcloud_viewer/moc_control_tree_widget.cpp.o[0m
In file included from [01m[K/home/myungw00/ROS2/Qt_ws/src/qt_pointcloud_viewer/include/qt_pointcloud_viewer/control_tree_widget.hpp:19[m[K,
                 from [01m[K/home/myungw00/ROS2/Qt_ws/src/qt_pointcloud_viewer/src/control_tree_widget.cpp:2[m[K:
[01m[K/home/myungw00/ROS2/Qt_ws/src/qt_pointcloud_viewer/include/qt_pointcloud_viewer/pointcloud_widget.hpp:[m[K In member function â€˜[01m[Kbool Widget::PointCloudWidget::getShowObject() const[m[Kâ€™:
[01m[K/home/myungw00/ROS2/Qt_ws/src/qt_pointcloud_viewer/include/qt_pointcloud_viewer/pointcloud_widget.hpp:90:45:[m[K [01;31m[Kerror: [m[Kâ€˜[01m[KshowObject_[m[Kâ€™ was not declared in this scope; did you mean â€˜[01m[KsetShowObject[m[Kâ€™?
   90 |         bool getShowObject() const { return [01;31m[KshowObject_[m[K; }
      |                                             [01;31m[K^~~~~~~~~~~[m[K
      |                                             [32m[KsetShowObject[m[K
[01m[K/home/myungw00/ROS2/Qt_ws/src/qt_pointcloud_viewer/src/control_tree_widget.cpp:[m[K In lambda function:
[01m[K/home/myungw00/ROS2/Qt_ws/src/qt_pointcloud_viewer/src/control_tree_widget.cpp:204:52:[m[K [01;31m[Kerror: [m[Kinvalid operands of types â€˜[01m[Kconst char*[m[Kâ€™ and â€˜[01m[Kconst char [2][m[Kâ€™ to binary â€˜[01m[Koperator+[m[Kâ€™
  204 |             qDebug() << [32m[K"Grid cell count:" + value[m[K [01;31m[K+[m[K [34m[K"x"[m[K + value;
      |                         [32m[K~~~~~~~~~~~~~~~~~~~~~~~~~~[m[K [01;31m[K^[m[K [34m[K~~~[m[K
      |                                            [32m[K|[m[K         [34m[K|[m[K
      |                                            [32m[K|[m[K         [34m[Kconst char [2][m[K
      |                                            [32m[Kconst char*[m[K
[01m[K/home/myungw00/ROS2/Qt_ws/src/qt_pointcloud_viewer/src/control_tree_widget.cpp:[m[K In lambda function:
[01m[K/home/myungw00/ROS2/Qt_ws/src/qt_pointcloud_viewer/src/control_tree_widget.cpp:1009:32:[m[K [01;31m[Kerror: [m[Kâ€˜[01m[Kclass Widget::PointCloudWidget[m[Kâ€™ has no member named â€˜[01m[KsetShowObjects[m[Kâ€™; did you mean â€˜[01m[KsetShowObject[m[Kâ€™?
 1009 |             pointCloudWidget_->[01;31m[KsetShowObjects[m[K(checked);
      |                                [01;31m[K^~~~~~~~~~~~~~[m[K
      |                                [32m[KsetShowObject[m[K
[01m[K/home/myungw00/ROS2/Qt_ws/src/qt_pointcloud_viewer/src/control_tree_widget.cpp:[m[K In lambda function:
[01m[K/home/myungw00/ROS2/Qt_ws/src/qt_pointcloud_viewer/src/control_tree_widget.cpp:1023:32:[m[K [01;31m[Kerror: [m[Kâ€˜[01m[Kclass Widget::PointCloudWidget[m[Kâ€™ has no member named â€˜[01m[KsetShowObjectLabels[m[Kâ€™; did you mean â€˜[01m[KsetShowObjectLabel[m[Kâ€™?
 1023 |             pointCloudWidget_->[01;31m[KsetShowObjectLabels[m[K(checked);
      |                                [01;31m[K^~~~~~~~~~~~~~~~~~~[m[K
      |                                [32m[KsetShowObjectLabel[m[K
[ 92%] [32mBuilding CXX object CMakeFiles/qt_pointcloud_viewer.dir/include/qt_pointcloud_viewer/moc_debug_console_widget.cpp.o[0m
make[2]: *** [CMakeFiles/qt_pointcloud_viewer.dir/build.make:277: CMakeFiles/qt_pointcloud_viewer.dir/src/viewer_settings_manager.cpp.o] Error 1
make[2]: *** Waiting for unfinished jobs....
make[2]: *** [CMakeFiles/qt_pointcloud_viewer.dir/build.make:347: CMakeFiles/qt_pointcloud_viewer.dir/include/qt_pointcloud_viewer/moc_pointcloud_widget.cpp.o] Error 1
In file included from [01m[K/home/myungw00/ROS2/Qt_ws/src/qt_pointcloud_viewer/include/qt_pointcloud_viewer/viewer_window.hpp:3[m[K,
                 from [01m[K/home/myungw00/ROS2/Qt_ws/src/qt_pointcloud_viewer/src/viewer_window.cpp:1[m[K:
[01m[K/home/myungw00/ROS2/Qt_ws/src/qt_pointcloud_viewer/include/qt_pointcloud_viewer/pointcloud_widget.hpp:[m[K In member function â€˜[01m[Kbool Widget::PointCloudWidget::getShowObject() const[m[Kâ€™:
[01m[K/home/myungw00/ROS2/Qt_ws/src/qt_pointcloud_viewer/include/qt_pointcloud_viewer/pointcloud_widget.hpp:90:45:[m[K [01;31m[Kerror: [m[Kâ€˜[01m[KshowObject_[m[Kâ€™ was not declared in this scope; did you mean â€˜[01m[KsetShowObject[m[Kâ€™?
   90 |         bool getShowObject() const { return [01;31m[KshowObject_[m[K; }
      |                                             [01;31m[K^~~~~~~~~~~[m[K
      |                                             [32m[KsetShowObject[m[K
make[2]: *** [CMakeFiles/qt_pointcloud_viewer.dir/build.make:165: CMakeFiles/qt_pointcloud_viewer.dir/src/pointcloud_widget.cpp.o] Error 1
In file included from [01m[K/home/myungw00/ROS2/Qt_ws/src/qt_pointcloud_viewer/build/qt_pointcloud_viewer/include/qt_pointcloud_viewer/../../../../include/qt_pointcloud_viewer/viewer_window.hpp:3[m[K,
                 from [01m[K/home/myungw00/ROS2/Qt_ws/src/qt_pointcloud_viewer/build/qt_pointcloud_viewer/include/qt_pointcloud_viewer/../../../../include/qt_pointcloud_viewer/viewer_container.hpp:4[m[K,
                 from [01m[K/home/myungw00/ROS2/Qt_ws/src/qt_pointcloud_viewer/build/qt_pointcloud_viewer/include/qt_pointcloud_viewer/moc_viewer_container.cpp:9[m[K:
[01m[K/home/myungw00/ROS2/Qt_ws/src/qt_pointcloud_viewer/build/qt_pointcloud_viewer/include/qt_pointcloud_viewer/../../../../include/qt_pointcloud_viewer/pointcloud_widget.hpp:[m[K In member function â€˜[01m[Kbool Widget::PointCloudWidget::getShowObject() const[m[Kâ€™:
[01m[K/home/myungw00/ROS2/Qt_ws/src/qt_pointcloud_viewer/build/qt_pointcloud_viewer/include/qt_pointcloud_viewer/../../../../include/qt_pointcloud_viewer/pointcloud_widget.hpp:90:45:[m[K [01;31m[Kerror: [m[Kâ€˜[01m[KshowObject_[m[Kâ€™ was not declared in this scope; did you mean â€˜[01m[KsetShowObject[m[Kâ€™?
   90 |         bool getShowObject() const { return [01;31m[KshowObject_[m[K; }
      |                                             [01;31m[K^~~~~~~~~~~[m[K
      |                                             [32m[KsetShowObject[m[K
make[2]: *** [CMakeFiles/qt_pointcloud_viewer.dir/build.make:249: CMakeFiles/qt_pointcloud_viewer.dir/src/control_tree_widget.cpp.o] Error 1
In file included from [01m[K/home/myungw00/ROS2/Qt_ws/src/qt_pointcloud_viewer/build/qt_pointcloud_viewer/include/qt_pointcloud_viewer/../../../../include/qt_pointcloud_viewer/mainwindow.hpp:16[m[K,
                 from [01m[K/home/myungw00/ROS2/Qt_ws/src/qt_pointcloud_viewer/build/qt_pointcloud_viewer/include/qt_pointcloud_viewer/moc_mainwindow.cpp:9[m[K:
[01m[K/home/myungw00/ROS2/Qt_ws/src/qt_pointcloud_viewer/build/qt_pointcloud_viewer/include/qt_pointcloud_viewer/../../../../include/qt_pointcloud_viewer/pointcloud_widget.hpp:[m[K In member function â€˜[01m[Kbool Widget::PointCloudWidget::getShowObject() const[m[Kâ€™:
[01m[K/home/myungw00/ROS2/Qt_ws/src/qt_pointcloud_viewer/build/qt_pointcloud_viewer/include/qt_pointcloud_viewer/../../../../include/qt_pointcloud_viewer/pointcloud_widget.hpp:90:45:[m[K [01;31m[Kerror: [m[Kâ€˜[01m[KshowObject_[m[Kâ€™ was not declared in this scope; did you mean â€˜[01m[KsetShowObject[m[Kâ€™?
   90 |         bool getShowObject() const { return [01;31m[KshowObject_[m[K; }
      |                                             [01;31m[K^~~~~~~~~~~[m[K
      |                                             [32m[KsetShowObject[m[K
In file included from [01m[K/home/myungw00/ROS2/Qt_ws/src/qt_pointcloud_viewer/include/qt_pointcloud_viewer/mainwindow.hpp:16[m[K,
                 from [01m[K/home/myungw00/ROS2/Qt_ws/src/qt_pointcloud_viewer/src/main.cpp:3[m[K:
[01m[K/home/myungw00/ROS2/Qt_ws/src/qt_pointcloud_viewer/include/qt_pointcloud_viewer/pointcloud_widget.hpp:[m[K In member function â€˜[01m[Kbool Widget::PointCloudWidget::getShowObject() const[m[Kâ€™:
[01m[K/home/myungw00/ROS2/Qt_ws/src/qt_pointcloud_viewer/include/qt_pointcloud_viewer/pointcloud_widget.hpp:90:45:[m[K [01;31m[Kerror: [m[Kâ€˜[01m[KshowObject_[m[Kâ€™ was not declared in this scope; did you mean â€˜[01m[KsetShowObject[m[Kâ€™?
   90 |         bool getShowObject() const { return [01;31m[KshowObject_[m[K; }
      |                                             [01;31m[K^~~~~~~~~~~[m[K
      |                                             [32m[KsetShowObject[m[K
In file included from [01m[K/home/myungw00/ROS2/Qt_ws/src/qt_pointcloud_viewer/build/qt_pointcloud_viewer/include/qt_pointcloud_viewer/../../../../include/qt_pointcloud_viewer/viewer_window.hpp:3[m[K,
                 from [01m[K/home/myungw00/ROS2/Qt_ws/src/qt_pointcloud_viewer/build/qt_pointcloud_viewer/include/qt_pointcloud_viewer/moc_viewer_window.cpp:9[m[K:
[01m[K/home/myungw00/ROS2/Qt_ws/src/qt_pointcloud_viewer/build/qt_pointcloud_viewer/include/qt_pointcloud_viewer/../../../../include/qt_pointcloud_viewer/pointcloud_widget.hpp:[m[K In member function â€˜[01m[Kbool Widget::PointCloudWidget::getShowObject() const[m[Kâ€™:
[01m[K/home/myungw00/ROS2/Qt_ws/src/qt_pointcloud_viewer/build/qt_pointcloud_viewer/include/qt_pointcloud_viewer/../../../../include/qt_pointcloud_viewer/pointcloud_widget.hpp:90:45:[m[K [01;31m[Kerror: [m[Kâ€˜[01m[KshowObject_[m[Kâ€™ was not declared in this scope; did you mean â€˜[01m[KsetShowObject[m[Kâ€™?
   90 |         bool getShowObject() const { return [01;31m[KshowObject_[m[K; }
      |                                             [01;31m[K^~~~~~~~~~~[m[K
      |                                             [32m[KsetShowObject[m[K
make[2]: *** [CMakeFiles/qt_pointcloud_viewer.dir/build.make:193: CMakeFiles/qt_pointcloud_viewer.dir/src/viewer_container.cpp.o] Error 1
make[2]: *** [CMakeFiles/qt_pointcloud_viewer.dir/build.make:333: CMakeFiles/qt_pointcloud_viewer.dir/include/qt_pointcloud_viewer/moc_mainwindow.cpp.o] Error 1
make[2]: *** [CMakeFiles/qt_pointcloud_viewer.dir/build.make:151: CMakeFiles/qt_pointcloud_viewer.dir/src/mainwindow.cpp.o] Error 1
make[2]: *** [CMakeFiles/qt_pointcloud_viewer.dir/build.make:137: CMakeFiles/qt_pointcloud_viewer.dir/src/main.cpp.o] Error 1
make[2]: *** [CMakeFiles/qt_pointcloud_viewer.dir/build.make:375: CMakeFiles/qt_pointcloud_viewer.dir/include/qt_pointcloud_viewer/moc_viewer_container.cpp.o] Error 1
make[2]: *** [CMakeFiles/qt_pointcloud_viewer.dir/build.make:389: CMakeFiles/qt_pointcloud_viewer.dir/include/qt_pointcloud_viewer/moc_viewer_window.cpp.o] Error 1
make[2]: *** [CMakeFiles/qt_pointcloud_viewer.dir/build.make:207: CMakeFiles/qt_pointcloud_viewer.dir/src/viewer_window.cpp.o] Error 1
In file included from [01m[K/home/myungw00/ROS2/Qt_ws/src/qt_pointcloud_viewer/build/qt_pointcloud_viewer/include/qt_pointcloud_viewer/../../../../include/qt_pointcloud_viewer/control_tree_widget.hpp:19[m[K,
                 from [01m[K/home/myungw00/ROS2/Qt_ws/src/qt_pointcloud_viewer/build/qt_pointcloud_viewer/include/qt_pointcloud_viewer/moc_control_tree_widget.cpp:9[m[K:
[01m[K/home/myungw00/ROS2/Qt_ws/src/qt_pointcloud_viewer/build/qt_pointcloud_viewer/include/qt_pointcloud_viewer/../../../../include/qt_pointcloud_viewer/pointcloud_widget.hpp:[m[K In member function â€˜[01m[Kbool Widget::PointCloudWidget::getShowObject() const[m[Kâ€™:
[01m[K/home/myungw00/ROS2/Qt_ws/src/qt_pointcloud_viewer/build/qt_pointcloud_viewer/include/qt_pointcloud_viewer/../../../../include/qt_pointcloud_viewer/pointcloud_widget.hpp:90:45:[m[K [01;31m[Kerror: [m[Kâ€˜[01m[KshowObject_[m[Kâ€™ was not declared in this scope; did you mean â€˜[01m[KsetShowObject[m[Kâ€™?
   90 |         bool getShowObject() const { return [01;31m[KshowObject_[m[K; }
      |                                             [01;31m[K^~~~~~~~~~~[m[K
      |                                             [32m[KsetShowObject[m[K
make[2]: *** [CMakeFiles/qt_pointcloud_viewer.dir/build.make:417: CMakeFiles/qt_pointcloud_viewer.dir/include/qt_pointcloud_viewer/moc_control_tree_widget.cpp.o] Error 1
make[1]: *** [CMakeFiles/Makefile2:152: CMakeFiles/qt_pointcloud_viewer.dir/all] Error 2
make: *** [Makefile:146: all] Error 2
