[0.015s] Invoking command in '/home/myungw00/ROS2/Qt_ws/src/qt_pointcloud_viewer/build/qt_pointcloud_viewer': CMAKE_PREFIX_PATH=${CMAKE_PREFIX_PATH}:/home/myungw00/ROS2/ros2_ws/install/python_parameters:/home/myungw00/ROS2/ros2_ws/install/py_pubsub:/home/myungw00/ROS2/ros2_ws/install/examples_rclpy_pointcloud_publisher:/home/myungw00/ROS2/ros2_ws/install/examples_rclpy_minimal_subscriber:/home/myungw00/ROS2/ros2_ws/install/examples_rclpy_minimal_service:/home/myungw00/ROS2/ros2_ws/install/examples_rclpy_minimal_publisher:/home/myungw00/ROS2/ros2_ws/install/examples_rclpy_minimal_client:/home/myungw00/ROS2/ros2_ws/install/examples_rclpy_minimal_action_server:/home/myungw00/ROS2/ros2_ws/install/examples_rclpy_minimal_action_client:/home/myungw00/ROS2/ros2_ws/install/examples_rclpy_guard_conditions:/home/myungw00/ROS2/ros2_ws/install/examples_rclpy_executors:/opt/ros/galactic /home/myungw00/.local/bin/cmake /home/myungw00/ROS2/Qt_ws/src/qt_pointcloud_viewer -DAMENT_CMAKE_SYMLINK_INSTALL=1 -DCMAKE_INSTALL_PREFIX=/home/myungw00/ROS2/Qt_ws/src/qt_pointcloud_viewer/install/qt_pointcloud_viewer
[0.177s] -- The C compiler identification is GNU 9.4.0
[0.236s] -- The CXX compiler identification is GNU 9.4.0
[0.245s] -- Detecting C compiler ABI info
[0.313s] -- Detecting C compiler ABI info - done
[0.327s] -- Check for working C compiler: /usr/bin/cc - skipped
[0.327s] -- Detecting C compile features
[0.328s] -- Detecting C compile features - done
[0.341s] -- Detecting CXX compiler ABI info
[0.412s] -- Detecting CXX compiler ABI info - done
[0.426s] -- Check for working CXX compiler: /usr/bin/c++ - skipped
[0.426s] -- Detecting CXX compile features
[0.426s] -- Detecting CXX compile features - done
[0.441s] -- Found ament_cmake: 1.1.6 (/opt/ros/galactic/share/ament_cmake/cmake)
[0.449s] [33mCMake Warning (dev) at /opt/ros/galactic/share/ament_cmake_core/cmake/core/python.cmake:22 (find_package):
[0.449s]   Policy CMP0148 is not set: The FindPythonInterp and FindPythonLibs modules
[0.449s]   are removed.  Run "cmake --help-policy CMP0148" for policy details.  Use
[0.449s]   the cmake_policy command to set the policy and suppress this warning.
[0.449s] 
[0.449s] Call Stack (most recent call first):
[0.449s]   /opt/ros/galactic/share/ament_cmake_core/cmake/core/all.cmake:53 (include)
[0.449s]   /opt/ros/galactic/share/ament_cmake_core/cmake/ament_cmake_core-extras.cmake:17 (include)
[0.449s]   /opt/ros/galactic/share/ament_cmake_core/cmake/ament_cmake_coreConfig.cmake:41 (include)
[0.449s]   /opt/ros/galactic/share/ament_cmake/cmake/ament_cmake_export_dependencies-extras.cmake:15 (find_package)
[0.450s]   /opt/ros/galactic/share/ament_cmake/cmake/ament_cmakeConfig.cmake:41 (include)
[0.450s]   CMakeLists.txt:11 (find_package)
[0.450s] This warning is for project developers.  Use -Wno-dev to suppress it.
[0.450s] [0m
[0.482s] -- Found PythonInterp: /usr/bin/python3 (found suitable version "3.8.10", minimum required is "3")
[0.483s] -- Using PYTHON_EXECUTABLE: /usr/bin/python3
[0.552s] -- Override CMake install command with custom implementation using symlinks instead of copying resources
[0.611s] -- Found rclcpp: 9.2.2 (/opt/ros/galactic/share/rclcpp/cmake)
[0.685s] -- Using all available rosidl_typesupport_c: rosidl_typesupport_fastrtps_c;rosidl_typesupport_introspection_c
[0.698s] -- Found rosidl_adapter: 2.2.3 (/opt/ros/galactic/share/rosidl_adapter/cmake)
[0.809s] -- Found OpenSSL: /usr/lib/x86_64-linux-gnu/libcrypto.so (found version "1.1.1f")
[0.846s] -- Found FastRTPS: /opt/ros/galactic/include
[0.944s] -- Using all available rosidl_typesupport_cpp: rosidl_typesupport_fastrtps_cpp;rosidl_typesupport_introspection_cpp
[1.011s] -- Found rmw_implementation_cmake: 3.3.1 (/opt/ros/galactic/share/rmw_implementation_cmake/cmake)
[1.017s] -- Found rmw_cyclonedds_cpp: 0.22.6 (/opt/ros/galactic/share/rmw_cyclonedds_cpp/cmake)
[1.034s] -- Using RMW implementation 'rmw_cyclonedds_cpp' as default
[1.035s] -- Performing Test CMAKE_HAVE_LIBC_PTHREAD
[1.097s] -- Performing Test CMAKE_HAVE_LIBC_PTHREAD - Failed
[1.098s] -- Looking for pthread_create in pthreads
[1.152s] -- Looking for pthread_create in pthreads - not found
[1.152s] -- Looking for pthread_create in pthread
[1.219s] -- Looking for pthread_create in pthread - found
[1.220s] -- Found Threads: TRUE
[1.350s] -- Found sensor_msgs: 2.2.4 (/opt/ros/galactic/share/sensor_msgs/cmake)
[1.431s] -- Found nav_msgs: 2.2.4 (/opt/ros/galactic/share/nav_msgs/cmake)
[1.478s] -- Found u2_icd_pkg: 0.0.0 (/home/myungw00/ROS2/Qt_ws/install/u2_icd_pkg/share/u2_icd_pkg/cmake)
[1.771s] [0mCMake Deprecation Warning at /usr/lib/x86_64-linux-gnu/cmake/pcl/PCLConfig.cmake:40 (cmake_policy):
[1.771s]   Compatibility with CMake < 3.10 will be removed from a future version of
[1.771s]   CMake.
[1.771s] 
[1.771s]   Update the VERSION argument <min> value.  Or, use the <min>...<max> syntax
[1.771s]   to tell CMake that the project requires at least <min> but has been updated
[1.772s]   to work with policies introduced by <max> or earlier.
[1.772s] Call Stack (most recent call first):
[1.772s]   CMakeLists.txt:17 (find_package)
[1.772s] 
[1.772s] [0m
[1.776s] [33mCMake Warning (dev) at /usr/lib/x86_64-linux-gnu/cmake/pcl/PCLConfig.cmake:152 (find_package):
[1.776s]   Policy CMP0144 is not set: find_package uses upper-case <PACKAGENAME>_ROOT
[1.776s]   variables.  Run "cmake --help-policy CMP0144" for policy details.  Use the
[1.776s]   cmake_policy command to set the policy and suppress this warning.
[1.776s] 
[1.776s]   CMake variable EIGEN_ROOT is set to:
[1.777s] 
[1.777s]     /usr/include/eigen3
[1.777s] 
[1.777s]   For compatibility, find_package is ignoring the variable, but code in a
[1.777s]   .cmake module might still use it.
[1.777s] Call Stack (most recent call first):
[1.777s]   /usr/lib/x86_64-linux-gnu/cmake/pcl/PCLConfig.cmake:316 (find_eigen)
[1.777s]   /usr/lib/x86_64-linux-gnu/cmake/pcl/PCLConfig.cmake:551 (find_external_library)
[1.777s]   CMakeLists.txt:17 (find_package)
[1.777s] This warning is for project developers.  Use -Wno-dev to suppress it.
[1.777s] [0m
[1.782s] -- Checking for module 'eigen3'
[1.803s] --   Found eigen3, version 3.3.7
[1.848s] -- Found Eigen: /usr/include/eigen3 (Required is at least version "3.1")
[1.849s] -- Eigen found (include: /usr/include/eigen3, version: 3.3.4)
[1.849s] [33mCMake Warning (dev) at /usr/lib/x86_64-linux-gnu/cmake/pcl/PCLConfig.cmake:134 (find_package):
[1.849s]   Policy CMP0167 is not set: The FindBoost module is removed.  Run "cmake
[1.849s]   --help-policy CMP0167" for policy details.  Use the cmake_policy command to
[1.849s]   set the policy and suppress this warning.
[1.849s] 
[1.849s] Call Stack (most recent call first):
[1.849s]   /usr/lib/x86_64-linux-gnu/cmake/pcl/PCLConfig.cmake:314 (find_boost)
[1.849s]   /usr/lib/x86_64-linux-gnu/cmake/pcl/PCLConfig.cmake:551 (find_external_library)
[1.849s]   CMakeLists.txt:17 (find_package)
[1.850s] This warning is for project developers.  Use -Wno-dev to suppress it.
[1.850s] [0m
[1.972s] -- Found Boost: /usr/include (found suitable version "1.71.0", minimum required is "1.55.0") found components: system filesystem date_time iostreams regex
[1.973s] [33mCMake Warning (dev) at /usr/lib/x86_64-linux-gnu/cmake/pcl/Modules/FindFLANN.cmake:44 (find_package):
[1.973s]   Policy CMP0144 is not set: find_package uses upper-case <PACKAGENAME>_ROOT
[1.973s]   variables.  Run "cmake --help-policy CMP0144" for policy details.  Use the
[1.973s]   cmake_policy command to set the policy and suppress this warning.
[1.973s] 
[1.973s]   CMake variable FLANN_ROOT is set to:
[1.973s] 
[1.973s]     /usr
[1.973s] 
[1.973s]   For compatibility, find_package is ignoring the variable, but code in a
[1.973s]   .cmake module might still use it.
[1.973s] Call Stack (most recent call first):
[1.973s]   /usr/lib/x86_64-linux-gnu/cmake/pcl/PCLConfig.cmake:263 (find_package)
[1.974s]   /usr/lib/x86_64-linux-gnu/cmake/pcl/PCLConfig.cmake:318 (find_flann)
[1.974s]   /usr/lib/x86_64-linux-gnu/cmake/pcl/PCLConfig.cmake:551 (find_external_library)
[1.974s]   CMakeLists.txt:17 (find_package)
[1.974s] This warning is for project developers.  Use -Wno-dev to suppress it.
[1.974s] [0m
[1.994s] -- Checking for module 'flann'
[2.016s] --   Found flann, version 1.9.1
[2.104s] -- Found FLANN: /usr/lib/x86_64-linux-gnu/libflann_cpp.so
[2.134s] -- The imported target "vtkParseOGLExt" references the file
[2.134s]    "/usr/bin/vtkParseOGLExt-7.1"
[2.134s] but this file does not exist.  Possible reasons include:
[2.135s] * The file was deleted, renamed, or moved to another location.
[2.135s] * An install or uninstall procedure did not complete successfully.
[2.135s] * The installation package was faulty and contained
[2.135s]    "/usr/lib/cmake/vtk-7.1/VTKTargets.cmake"
[2.135s] but not all the files it references.
[2.135s] 
[2.135s] -- The imported target "vtkRenderingPythonTkWidgets" references the file
[2.135s]    "/usr/lib/x86_64-linux-gnu/libvtkRenderingPythonTkWidgets.so"
[2.135s] but this file does not exist.  Possible reasons include:
[2.135s] * The file was deleted, renamed, or moved to another location.
[2.135s] * An install or uninstall procedure did not complete successfully.
[2.135s] * The installation package was faulty and contained
[2.135s]    "/usr/lib/cmake/vtk-7.1/VTKTargets.cmake"
[2.135s] but not all the files it references.
[2.135s] 
[2.136s] -- The imported target "vtk" references the file
[2.136s]    "/usr/bin/vtk"
[2.136s] but this file does not exist.  Possible reasons include:
[2.136s] * The file was deleted, renamed, or moved to another location.
[2.136s] * An install or uninstall procedure did not complete successfully.
[2.136s] * The installation package was faulty and contained
[2.136s]    "/usr/lib/cmake/vtk-7.1/VTKTargets.cmake"
[2.136s] but not all the files it references.
[2.136s] 
[2.136s] -- The imported target "pvtk" references the file
[2.136s]    "/usr/bin/pvtk"
[2.136s] but this file does not exist.  Possible reasons include:
[2.136s] * The file was deleted, renamed, or moved to another location.
[2.136s] * An install or uninstall procedure did not complete successfully.
[2.136s] * The installation package was faulty and contained
[2.136s]    "/usr/lib/cmake/vtk-7.1/VTKTargets.cmake"
[2.136s] but not all the files it references.
[2.137s] 
[2.151s] -- Checking for module 'libusb-1.0'
[2.194s] --   Found libusb-1.0, version 1.0.23
[2.298s] [33mCMake Warning (dev) at /home/myungw00/.local/lib/python3.8/site-packages/cmake/data/share/cmake-3.31/Modules/FindPackageHandleStandardArgs.cmake:441 (message):
[2.298s]   The package name passed to `find_package_handle_standard_args` (USB_10)
[2.298s]   does not match the name of the calling package (OpenNI).  This can lead to
[2.298s]   problems in calling code that expects `find_package` result variables
[2.298s]   (e.g., `_FOUND`) to follow a certain pattern.
[2.298s] Call Stack (most recent call first):
[2.298s]   /usr/lib/x86_64-linux-gnu/cmake/pcl/Modules/FindOpenNI.cmake:28 (find_package_handle_standard_args)
[2.299s]   /usr/lib/x86_64-linux-gnu/cmake/pcl/PCLConfig.cmake:179 (find_package)
[2.299s]   /usr/lib/x86_64-linux-gnu/cmake/pcl/PCLConfig.cmake:322 (find_openni)
[2.299s]   /usr/lib/x86_64-linux-gnu/cmake/pcl/PCLConfig.cmake:548 (find_external_library)
[2.299s]   CMakeLists.txt:17 (find_package)
[2.299s] This warning is for project developers.  Use -Wno-dev to suppress it.
[2.299s] [0m
[2.299s] -- Found USB_10: /usr/lib/x86_64-linux-gnu/libusb-1.0.so
[2.408s] -- Found OpenNI: /usr/lib/libOpenNI.so
[2.408s] -- OpenNI found (include: /usr/include/ni, lib: /usr/lib/libOpenNI.so)
[2.414s] [33mCMake Warning (dev) at /home/myungw00/.local/lib/python3.8/site-packages/cmake/data/share/cmake-3.31/Modules/FindPackageHandleStandardArgs.cmake:441 (message):
[2.414s]   The package name passed to `find_package_handle_standard_args` (USB_10)
[2.414s]   does not match the name of the calling package (OpenNI2).  This can lead to
[2.414s]   problems in calling code that expects `find_package` result variables
[2.415s]   (e.g., `_FOUND`) to follow a certain pattern.
[2.415s] Call Stack (most recent call first):
[2.415s]   /usr/lib/x86_64-linux-gnu/cmake/pcl/Modules/FindOpenNI2.cmake:28 (find_package_handle_standard_args)
[2.415s]   /usr/lib/x86_64-linux-gnu/cmake/pcl/PCLConfig.cmake:193 (find_package)
[2.415s]   /usr/lib/x86_64-linux-gnu/cmake/pcl/PCLConfig.cmake:324 (find_openni2)
[2.415s]   /usr/lib/x86_64-linux-gnu/cmake/pcl/PCLConfig.cmake:548 (find_external_library)
[2.415s]   CMakeLists.txt:17 (find_package)
[2.415s] This warning is for project developers.  Use -Wno-dev to suppress it.
[2.415s] [0m
[2.520s] -- Found OpenNI2: /usr/lib/libOpenNI2.so
[2.521s] -- OpenNI2 found (include: /usr/include/openni2, lib: /usr/lib/libOpenNI2.so)
[2.521s] [0m** WARNING ** io features related to pcap will be disabled[0m
[2.521s] [0m** WARNING ** io features related to png will be disabled[0m
[2.534s] [33mCMake Warning (dev) at /home/myungw00/.local/lib/python3.8/site-packages/cmake/data/share/cmake-3.31/Modules/FindPackageHandleStandardArgs.cmake:441 (message):
[2.534s]   The package name passed to `find_package_handle_standard_args` (libusb-1.0)
[2.534s]   does not match the name of the calling package (PCL).  This can lead to
[2.534s]   problems in calling code that expects `find_package` result variables
[2.534s]   (e.g., `_FOUND`) to follow a certain pattern.
[2.534s] Call Stack (most recent call first):
[2.534s]   /usr/lib/x86_64-linux-gnu/cmake/pcl/PCLConfig.cmake:291 (find_package_handle_standard_args)
[2.534s]   /usr/lib/x86_64-linux-gnu/cmake/pcl/PCLConfig.cmake:338 (find_libusb)
[2.534s]   /usr/lib/x86_64-linux-gnu/cmake/pcl/PCLConfig.cmake:548 (find_external_library)
[2.535s]   CMakeLists.txt:17 (find_package)
[2.535s] This warning is for project developers.  Use -Wno-dev to suppress it.
[2.535s] [0m
[2.535s] -- Found libusb-1.0: /usr/include
[2.535s] [0m** WARNING ** io features related to libusb-1.0 will be disabled[0m
[2.541s] [33mCMake Warning (dev) at /home/myungw00/.local/lib/python3.8/site-packages/cmake/data/share/cmake-3.31/Modules/FindPackageHandleStandardArgs.cmake:441 (message):
[2.541s]   The package name passed to `find_package_handle_standard_args` (USB_10)
[2.541s]   does not match the name of the calling package (OpenNI).  This can lead to
[2.541s]   problems in calling code that expects `find_package` result variables
[2.541s]   (e.g., `_FOUND`) to follow a certain pattern.
[2.541s] Call Stack (most recent call first):
[2.541s]   /usr/lib/x86_64-linux-gnu/cmake/pcl/Modules/FindOpenNI.cmake:28 (find_package_handle_standard_args)
[2.541s]   /usr/lib/x86_64-linux-gnu/cmake/pcl/PCLConfig.cmake:179 (find_package)
[2.541s]   /usr/lib/x86_64-linux-gnu/cmake/pcl/PCLConfig.cmake:322 (find_openni)
[2.541s]   /usr/lib/x86_64-linux-gnu/cmake/pcl/PCLConfig.cmake:548 (find_external_library)
[2.541s]   CMakeLists.txt:17 (find_package)
[2.541s] This warning is for project developers.  Use -Wno-dev to suppress it.
[2.541s] [0m
[2.541s] -- OpenNI found (include: /usr/include/ni, lib: /usr/lib/libOpenNI.so)
[2.548s] [33mCMake Warning (dev) at /home/myungw00/.local/lib/python3.8/site-packages/cmake/data/share/cmake-3.31/Modules/FindPackageHandleStandardArgs.cmake:441 (message):
[2.548s]   The package name passed to `find_package_handle_standard_args` (USB_10)
[2.548s]   does not match the name of the calling package (OpenNI2).  This can lead to
[2.548s]   problems in calling code that expects `find_package` result variables
[2.548s]   (e.g., `_FOUND`) to follow a certain pattern.
[2.549s] Call Stack (most recent call first):
[2.549s]   /usr/lib/x86_64-linux-gnu/cmake/pcl/Modules/FindOpenNI2.cmake:28 (find_package_handle_standard_args)
[2.549s]   /usr/lib/x86_64-linux-gnu/cmake/pcl/PCLConfig.cmake:193 (find_package)
[2.549s]   /usr/lib/x86_64-linux-gnu/cmake/pcl/PCLConfig.cmake:324 (find_openni2)
[2.549s]   /usr/lib/x86_64-linux-gnu/cmake/pcl/PCLConfig.cmake:548 (find_external_library)
[2.549s]   CMakeLists.txt:17 (find_package)
[2.549s] This warning is for project developers.  Use -Wno-dev to suppress it.
[2.549s] [0m
[2.549s] -- OpenNI2 found (include: /usr/include/openni2, lib: /usr/lib/libOpenNI2.so)
[2.559s] [33mCMake Warning (dev) at /usr/lib/x86_64-linux-gnu/cmake/pcl/PCLConfig.cmake:165 (find_package):
[2.559s]   Policy CMP0144 is not set: find_package uses upper-case <PACKAGENAME>_ROOT
[2.559s]   variables.  Run "cmake --help-policy CMP0144" for policy details.  Use the
[2.559s]   cmake_policy command to set the policy and suppress this warning.
[2.559s] 
[2.559s]   CMake variable QHULL_ROOT is set to:
[2.559s] 
[2.559s]     /usr
[2.559s] 
[2.559s]   For compatibility, find_package is ignoring the variable, but code in a
[2.559s]   .cmake module might still use it.
[2.560s] Call Stack (most recent call first):
[2.560s]   /usr/lib/x86_64-linux-gnu/cmake/pcl/PCLConfig.cmake:320 (find_qhull)
[2.560s]   /usr/lib/x86_64-linux-gnu/cmake/pcl/PCLConfig.cmake:548 (find_external_library)
[2.560s]   CMakeLists.txt:17 (find_package)
[2.560s] This warning is for project developers.  Use -Wno-dev to suppress it.
[2.560s] [0m
[2.594s] -- Found Qhull: optimized;/usr/lib/x86_64-linux-gnu/libqhull.so;debug;/usr/lib/x86_64-linux-gnu/libqhull.so
[2.594s] -- QHULL found (include: /usr/include, lib: optimized;/usr/lib/x86_64-linux-gnu/libqhull.so;debug;/usr/lib/x86_64-linux-gnu/libqhull.so)
[2.603s] [33mCMake Warning (dev) at /home/myungw00/.local/lib/python3.8/site-packages/cmake/data/share/cmake-3.31/Modules/FindPackageHandleStandardArgs.cmake:441 (message):
[2.603s]   The package name passed to `find_package_handle_standard_args` (USB_10)
[2.603s]   does not match the name of the calling package (OpenNI).  This can lead to
[2.603s]   problems in calling code that expects `find_package` result variables
[2.603s]   (e.g., `_FOUND`) to follow a certain pattern.
[2.603s] Call Stack (most recent call first):
[2.603s]   /usr/lib/x86_64-linux-gnu/cmake/pcl/Modules/FindOpenNI.cmake:28 (find_package_handle_standard_args)
[2.603s]   /usr/lib/x86_64-linux-gnu/cmake/pcl/PCLConfig.cmake:179 (find_package)
[2.603s]   /usr/lib/x86_64-linux-gnu/cmake/pcl/PCLConfig.cmake:322 (find_openni)
[2.603s]   /usr/lib/x86_64-linux-gnu/cmake/pcl/PCLConfig.cmake:548 (find_external_library)
[2.603s]   CMakeLists.txt:17 (find_package)
[2.604s] This warning is for project developers.  Use -Wno-dev to suppress it.
[2.604s] [0m
[2.604s] -- OpenNI found (include: /usr/include/ni, lib: /usr/lib/libOpenNI.so)
[2.615s] -- looking for PCL_COMMON
[2.617s] [33mCMake Warning (dev) at /home/myungw00/.local/lib/python3.8/site-packages/cmake/data/share/cmake-3.31/Modules/FindPackageHandleStandardArgs.cmake:441 (message):
[2.617s]   The package name passed to `find_package_handle_standard_args` (PCL_COMMON)
[2.617s]   does not match the name of the calling package (PCL).  This can lead to
[2.617s]   problems in calling code that expects `find_package` result variables
[2.617s]   (e.g., `_FOUND`) to follow a certain pattern.
[2.617s] Call Stack (most recent call first):
[2.617s]   /usr/lib/x86_64-linux-gnu/cmake/pcl/PCLConfig.cmake:616 (find_package_handle_standard_args)
[2.617s]   CMakeLists.txt:17 (find_package)
[2.617s] This warning is for project developers.  Use -Wno-dev to suppress it.
[2.617s] [0m
[2.617s] -- Found PCL_COMMON: /usr/lib/x86_64-linux-gnu/libpcl_common.so
[2.617s] -- looking for PCL_KDTREE
[2.618s] [33mCMake Warning (dev) at /home/myungw00/.local/lib/python3.8/site-packages/cmake/data/share/cmake-3.31/Modules/FindPackageHandleStandardArgs.cmake:441 (message):
[2.618s]   The package name passed to `find_package_handle_standard_args` (PCL_KDTREE)
[2.618s]   does not match the name of the calling package (PCL).  This can lead to
[2.618s]   problems in calling code that expects `find_package` result variables
[2.618s]   (e.g., `_FOUND`) to follow a certain pattern.
[2.618s] Call Stack (most recent call first):
[2.618s]   /usr/lib/x86_64-linux-gnu/cmake/pcl/PCLConfig.cmake:616 (find_package_handle_standard_args)
[2.618s]   CMakeLists.txt:17 (find_package)
[2.618s] This warning is for project developers.  Use -Wno-dev to suppress it.
[2.618s] [0m
[2.618s] -- Found PCL_KDTREE: /usr/lib/x86_64-linux-gnu/libpcl_kdtree.so
[2.619s] -- looking for PCL_OCTREE
[2.619s] [33mCMake Warning (dev) at /home/myungw00/.local/lib/python3.8/site-packages/cmake/data/share/cmake-3.31/Modules/FindPackageHandleStandardArgs.cmake:441 (message):
[2.619s]   The package name passed to `find_package_handle_standard_args` (PCL_OCTREE)
[2.619s]   does not match the name of the calling package (PCL).  This can lead to
[2.619s]   problems in calling code that expects `find_package` result variables
[2.619s]   (e.g., `_FOUND`) to follow a certain pattern.
[2.619s] Call Stack (most recent call first):
[2.619s]   /usr/lib/x86_64-linux-gnu/cmake/pcl/PCLConfig.cmake:616 (find_package_handle_standard_args)
[2.619s]   CMakeLists.txt:17 (find_package)
[2.619s] This warning is for project developers.  Use -Wno-dev to suppress it.
[2.619s] [0m
[2.619s] -- Found PCL_OCTREE: /usr/lib/x86_64-linux-gnu/libpcl_octree.so
[2.619s] -- looking for PCL_SEARCH
[2.620s] [33mCMake Warning (dev) at /home/myungw00/.local/lib/python3.8/site-packages/cmake/data/share/cmake-3.31/Modules/FindPackageHandleStandardArgs.cmake:441 (message):
[2.620s]   The package name passed to `find_package_handle_standard_args` (PCL_SEARCH)
[2.620s]   does not match the name of the calling package (PCL).  This can lead to
[2.620s]   problems in calling code that expects `find_package` result variables
[2.620s]   (e.g., `_FOUND`) to follow a certain pattern.
[2.620s] Call Stack (most recent call first):
[2.620s]   /usr/lib/x86_64-linux-gnu/cmake/pcl/PCLConfig.cmake:616 (find_package_handle_standard_args)
[2.620s]   CMakeLists.txt:17 (find_package)
[2.620s] This warning is for project developers.  Use -Wno-dev to suppress it.
[2.620s] [0m
[2.620s] -- Found PCL_SEARCH: /usr/lib/x86_64-linux-gnu/libpcl_search.so
[2.620s] -- looking for PCL_SAMPLE_CONSENSUS
[2.621s] [33mCMake Warning (dev) at /home/myungw00/.local/lib/python3.8/site-packages/cmake/data/share/cmake-3.31/Modules/FindPackageHandleStandardArgs.cmake:441 (message):
[2.621s]   The package name passed to `find_package_handle_standard_args`
[2.621s]   (PCL_SAMPLE_CONSENSUS) does not match the name of the calling package
[2.621s]   (PCL).  This can lead to problems in calling code that expects
[2.621s]   `find_package` result variables (e.g., `_FOUND`) to follow a certain
[2.621s]   pattern.
[2.621s] Call Stack (most recent call first):
[2.621s]   /usr/lib/x86_64-linux-gnu/cmake/pcl/PCLConfig.cmake:616 (find_package_handle_standard_args)
[2.621s]   CMakeLists.txt:17 (find_package)
[2.621s] This warning is for project developers.  Use -Wno-dev to suppress it.
[2.622s] [0m
[2.622s] -- Found PCL_SAMPLE_CONSENSUS: /usr/lib/x86_64-linux-gnu/libpcl_sample_consensus.so
[2.622s] -- looking for PCL_FILTERS
[2.622s] [33mCMake Warning (dev) at /home/myungw00/.local/lib/python3.8/site-packages/cmake/data/share/cmake-3.31/Modules/FindPackageHandleStandardArgs.cmake:441 (message):
[2.622s]   The package name passed to `find_package_handle_standard_args`
[2.622s]   (PCL_FILTERS) does not match the name of the calling package (PCL).  This
[2.622s]   can lead to problems in calling code that expects `find_package` result
[2.622s]   variables (e.g., `_FOUND`) to follow a certain pattern.
[2.622s] Call Stack (most recent call first):
[2.622s]   /usr/lib/x86_64-linux-gnu/cmake/pcl/PCLConfig.cmake:616 (find_package_handle_standard_args)
[2.622s]   CMakeLists.txt:17 (find_package)
[2.622s] This warning is for project developers.  Use -Wno-dev to suppress it.
[2.623s] [0m
[2.623s] [33mCMake Warning (dev) at /home/myungw00/.local/lib/python3.8/site-packages/cmake/data/share/cmake-3.31/Modules/FindPackageHandleStandardArgs.cmake:441 (message):
[2.623s]   The package name passed to `find_package_handle_standard_args` (PCL_2D)
[2.623s]   does not match the name of the calling package (PCL).  This can lead to
[2.623s]   problems in calling code that expects `find_package` result variables
[2.623s]   (e.g., `_FOUND`) to follow a certain pattern.
[2.623s] Call Stack (most recent call first):
[2.623s]   /usr/lib/x86_64-linux-gnu/cmake/pcl/PCLConfig.cmake:619 (find_package_handle_standard_args)
[2.623s]   CMakeLists.txt:17 (find_package)
[2.623s] This warning is for project developers.  Use -Wno-dev to suppress it.
[2.623s] [0m
[2.623s] -- Found PCL_FILTERS: /usr/lib/x86_64-linux-gnu/libpcl_filters.so
[2.623s] -- looking for PCL_2D
[2.623s] -- Found PCL_2D: /usr/include/pcl-1.10
[2.623s] -- looking for PCL_GEOMETRY
[2.623s] -- Found PCL_GEOMETRY: /usr/include/pcl-1.10
[2.624s] [33mCMake Warning (dev) at /home/myungw00/.local/lib/python3.8/site-packages/cmake/data/share/cmake-3.31/Modules/FindPackageHandleStandardArgs.cmake:441 (message):
[2.624s]   The package name passed to `find_package_handle_standard_args`
[2.624s]   (PCL_GEOMETRY) does not match the name of the calling package (PCL).  This
[2.624s]   can lead to problems in calling code that expects `find_package` result
[2.624s]   variables (e.g., `_FOUND`) to follow a certain pattern.
[2.624s] Call Stack (most recent call first):
[2.624s]   /usr/lib/x86_64-linux-gnu/cmake/pcl/PCLConfig.cmake:619 (find_package_handle_standard_args)
[2.624s]   CMakeLists.txt:17 (find_package)
[2.624s] This warning is for project developers.  Use -Wno-dev to suppress it.
[2.624s] [0m
[2.624s] -- looking for PCL_IO
[2.624s] [33mCMake Warning (dev) at /home/myungw00/.local/lib/python3.8/site-packages/cmake/data/share/cmake-3.31/Modules/FindPackageHandleStandardArgs.cmake:441 (message):
[2.624s]   The package name passed to `find_package_handle_standard_args` (PCL_IO)
[2.624s]   does not match the name of the calling package (PCL).  This can lead to
[2.624s]   problems in calling code that expects `find_package` result variables
[2.624s]   (e.g., `_FOUND`) to follow a certain pattern.
[2.624s] Call Stack (most recent call first):
[2.625s]   /usr/lib/x86_64-linux-gnu/cmake/pcl/PCLConfig.cmake:616 (find_package_handle_standard_args)
[2.625s]   CMakeLists.txt:17 (find_package)
[2.625s] This warning is for project developers.  Use -Wno-dev to suppress it.
[2.625s] [0m
[2.625s] -- Found PCL_IO: /usr/lib/x86_64-linux-gnu/libpcl_io.so
[2.625s] -- looking for PCL_FEATURES
[2.625s] [33mCMake Warning (dev) at /home/myungw00/.local/lib/python3.8/site-packages/cmake/data/share/cmake-3.31/Modules/FindPackageHandleStandardArgs.cmake:441 (message):
[2.625s]   The package name passed to `find_package_handle_standard_args`
[2.625s]   (PCL_FEATURES) does not match the name of the calling package (PCL).  This
[2.625s]   can lead to problems in calling code that expects `find_package` result
[2.625s]   variables (e.g., `_FOUND`) to follow a certain pattern.
[2.625s] Call Stack (most recent call first):
[2.625s]   /usr/lib/x86_64-linux-gnu/cmake/pcl/PCLConfig.cmake:616 (find_package_handle_standard_args)
[2.625s]   CMakeLists.txt:17 (find_package)
[2.625s] This warning is for project developers.  Use -Wno-dev to suppress it.
[2.626s] [0m
[2.626s] -- Found PCL_FEATURES: /usr/lib/x86_64-linux-gnu/libpcl_features.so
[2.626s] -- looking for PCL_ML
[2.626s] [33mCMake Warning (dev) at /home/myungw00/.local/lib/python3.8/site-packages/cmake/data/share/cmake-3.31/Modules/FindPackageHandleStandardArgs.cmake:441 (message):
[2.626s]   The package name passed to `find_package_handle_standard_args` (PCL_ML)
[2.626s]   does not match the name of the calling package (PCL).  This can lead to
[2.626s]   problems in calling code that expects `find_package` result variables
[2.626s]   (e.g., `_FOUND`) to follow a certain pattern.
[2.626s] Call Stack (most recent call first):
[2.626s]   /usr/lib/x86_64-linux-gnu/cmake/pcl/PCLConfig.cmake:616 (find_package_handle_standard_args)
[2.626s]   CMakeLists.txt:17 (find_package)
[2.626s] This warning is for project developers.  Use -Wno-dev to suppress it.
[2.626s] [0m
[2.627s] -- Found PCL_ML: /usr/lib/x86_64-linux-gnu/libpcl_ml.so
[2.627s] -- looking for PCL_SEGMENTATION
[2.627s] [33mCMake Warning (dev) at /home/myungw00/.local/lib/python3.8/site-packages/cmake/data/share/cmake-3.31/Modules/FindPackageHandleStandardArgs.cmake:441 (message):
[2.627s]   The package name passed to `find_package_handle_standard_args`
[2.627s]   (PCL_SEGMENTATION) does not match the name of the calling package (PCL).
[2.627s]   This can lead to problems in calling code that expects `find_package`
[2.627s]   result variables (e.g., `_FOUND`) to follow a certain pattern.
[2.627s] Call Stack (most recent call first):
[2.627s]   /usr/lib/x86_64-linux-gnu/cmake/pcl/PCLConfig.cmake:616 (find_package_handle_standard_args)
[2.627s]   CMakeLists.txt:17 (find_package)
[2.627s] This warning is for project developers.  Use -Wno-dev to suppress it.
[2.627s] [0m
[2.628s] -- Found PCL_SEGMENTATION: /usr/lib/x86_64-linux-gnu/libpcl_segmentation.so
[2.628s] -- looking for PCL_VISUALIZATION
[2.628s] [33mCMake Warning (dev) at /home/myungw00/.local/lib/python3.8/site-packages/cmake/data/share/cmake-3.31/Modules/FindPackageHandleStandardArgs.cmake:441 (message):
[2.628s]   The package name passed to `find_package_handle_standard_args`
[2.628s]   (PCL_VISUALIZATION) does not match the name of the calling package (PCL).
[2.628s]   This can lead to problems in calling code that expects `find_package`
[2.628s]   result variables (e.g., `_FOUND`) to follow a certain pattern.
[2.628s] Call Stack (most recent call first):
[2.628s]   /usr/lib/x86_64-linux-gnu/cmake/pcl/PCLConfig.cmake:616 (find_package_handle_standard_args)
[2.628s]   CMakeLists.txt:17 (find_package)
[2.629s] This warning is for project developers.  Use -Wno-dev to suppress it.
[2.629s] [0m
[2.629s] -- Found PCL_VISUALIZATION: /usr/lib/x86_64-linux-gnu/libpcl_visualization.so
[2.629s] -- looking for PCL_SURFACE
[2.629s] [33mCMake Warning (dev) at /home/myungw00/.local/lib/python3.8/site-packages/cmake/data/share/cmake-3.31/Modules/FindPackageHandleStandardArgs.cmake:441 (message):
[2.629s]   The package name passed to `find_package_handle_standard_args`
[2.629s]   (PCL_SURFACE) does not match the name of the calling package (PCL).  This
[2.629s]   can lead to problems in calling code that expects `find_package` result
[2.630s]   variables (e.g., `_FOUND`) to follow a certain pattern.
[2.630s] Call Stack (most recent call first):
[2.630s]   /usr/lib/x86_64-linux-gnu/cmake/pcl/PCLConfig.cmake:616 (find_package_handle_standard_args)
[2.630s]   CMakeLists.txt:17 (find_package)
[2.630s] This warning is for project developers.  Use -Wno-dev to suppress it.
[2.630s] [0m
[2.630s] -- Found PCL_SURFACE: /usr/lib/x86_64-linux-gnu/libpcl_surface.so
[2.630s] -- looking for PCL_REGISTRATION
[2.630s] [33mCMake Warning (dev) at /home/myungw00/.local/lib/python3.8/site-packages/cmake/data/share/cmake-3.31/Modules/FindPackageHandleStandardArgs.cmake:441 (message):
[2.630s]   The package name passed to `find_package_handle_standard_args`
[2.631s]   (PCL_REGISTRATION) does not match the name of the calling package (PCL).
[2.631s]   This can lead to problems in calling code that expects `find_package`
[2.631s]   result variables (e.g., `_FOUND`) to follow a certain pattern.
[2.631s] Call Stack (most recent call first):
[2.631s]   /usr/lib/x86_64-linux-gnu/cmake/pcl/PCLConfig.cmake:616 (find_package_handle_standard_args)
[2.631s]   CMakeLists.txt:17 (find_package)
[2.631s] This warning is for project developers.  Use -Wno-dev to suppress it.
[2.631s] [0m
[2.631s] -- Found PCL_REGISTRATION: /usr/lib/x86_64-linux-gnu/libpcl_registration.so
[2.631s] -- looking for PCL_KEYPOINTS
[2.632s] [33mCMake Warning (dev) at /home/myungw00/.local/lib/python3.8/site-packages/cmake/data/share/cmake-3.31/Modules/FindPackageHandleStandardArgs.cmake:441 (message):
[2.632s]   The package name passed to `find_package_handle_standard_args`
[2.632s]   (PCL_KEYPOINTS) does not match the name of the calling package (PCL).  This
[2.632s]   can lead to problems in calling code that expects `find_package` result
[2.632s]   variables (e.g., `_FOUND`) to follow a certain pattern.
[2.632s] Call Stack (most recent call first):
[2.632s]   /usr/lib/x86_64-linux-gnu/cmake/pcl/PCLConfig.cmake:616 (find_package_handle_standard_args)
[2.632s]   CMakeLists.txt:17 (find_package)
[2.632s] This warning is for project developers.  Use -Wno-dev to suppress it.
[2.632s] [0m
[2.632s] -- Found PCL_KEYPOINTS: /usr/lib/x86_64-linux-gnu/libpcl_keypoints.so
[2.632s] -- looking for PCL_TRACKING
[2.633s] [33mCMake Warning (dev) at /home/myungw00/.local/lib/python3.8/site-packages/cmake/data/share/cmake-3.31/Modules/FindPackageHandleStandardArgs.cmake:441 (message):
[2.633s]   The package name passed to `find_package_handle_standard_args`
[2.633s]   (PCL_TRACKING) does not match the name of the calling package (PCL).  This
[2.633s]   can lead to problems in calling code that expects `find_package` result
[2.633s]   variables (e.g., `_FOUND`) to follow a certain pattern.
[2.633s] Call Stack (most recent call first):
[2.633s]   /usr/lib/x86_64-linux-gnu/cmake/pcl/PCLConfig.cmake:616 (find_package_handle_standard_args)
[2.633s]   CMakeLists.txt:17 (find_package)
[2.633s] This warning is for project developers.  Use -Wno-dev to suppress it.
[2.633s] [0m
[2.633s] -- Found PCL_TRACKING: /usr/lib/x86_64-linux-gnu/libpcl_tracking.so
[2.633s] -- looking for PCL_RECOGNITION
[2.634s] [33mCMake Warning (dev) at /home/myungw00/.local/lib/python3.8/site-packages/cmake/data/share/cmake-3.31/Modules/FindPackageHandleStandardArgs.cmake:441 (message):
[2.634s]   The package name passed to `find_package_handle_standard_args`
[2.634s]   (PCL_RECOGNITION) does not match the name of the calling package (PCL).
[2.634s]   This can lead to problems in calling code that expects `find_package`
[2.634s]   result variables (e.g., `_FOUND`) to follow a certain pattern.
[2.634s] Call Stack (most recent call first):
[2.634s]   /usr/lib/x86_64-linux-gnu/cmake/pcl/PCLConfig.cmake:616 (find_package_handle_standard_args)
[2.634s]   CMakeLists.txt:17 (find_package)
[2.634s] This warning is for project developers.  Use -Wno-dev to suppress it.
[2.634s] [0m
[2.635s] -- Found PCL_RECOGNITION: /usr/lib/x86_64-linux-gnu/libpcl_recognition.so
[2.635s] -- looking for PCL_STEREO
[2.635s] [33mCMake Warning (dev) at /home/myungw00/.local/lib/python3.8/site-packages/cmake/data/share/cmake-3.31/Modules/FindPackageHandleStandardArgs.cmake:441 (message):
[2.635s]   The package name passed to `find_package_handle_standard_args` (PCL_STEREO)
[2.635s]   does not match the name of the calling package (PCL).  This can lead to
[2.635s]   problems in calling code that expects `find_package` result variables
[2.635s]   (e.g., `_FOUND`) to follow a certain pattern.
[2.635s] Call Stack (most recent call first):
[2.636s]   /usr/lib/x86_64-linux-gnu/cmake/pcl/PCLConfig.cmake:616 (find_package_handle_standard_args)
[2.636s]   CMakeLists.txt:17 (find_package)
[2.636s] This warning is for project developers.  Use -Wno-dev to suppress it.
[2.636s] [0m
[2.636s] -- Found PCL_STEREO: /usr/lib/x86_64-linux-gnu/libpcl_stereo.so
[2.636s] -- looking for PCL_APPS
[2.636s] [33mCMake Warning (dev) at /home/myungw00/.local/lib/python3.8/site-packages/cmake/data/share/cmake-3.31/Modules/FindPackageHandleStandardArgs.cmake:441 (message):
[2.636s]   The package name passed to `find_package_handle_standard_args` (PCL_APPS)
[2.636s]   does not match the name of the calling package (PCL).  This can lead to
[2.637s]   problems in calling code that expects `find_package` result variables
[2.637s]   (e.g., `_FOUND`) to follow a certain pattern.
[2.637s] Call Stack (most recent call first):
[2.637s]   /usr/lib/x86_64-linux-gnu/cmake/pcl/PCLConfig.cmake:616 (find_package_handle_standard_args)
[2.637s]   CMakeLists.txt:17 (find_package)
[2.637s] This warning is for project developers.  Use -Wno-dev to suppress it.
[2.637s] [0m
[2.637s] -- Found PCL_APPS: /usr/lib/x86_64-linux-gnu/libpcl_apps.so
[2.637s] -- looking for PCL_IN_HAND_SCANNER
[2.637s] [33mCMake Warning (dev) at /home/myungw00/.local/lib/python3.8/site-packages/cmake/data/share/cmake-3.31/Modules/FindPackageHandleStandardArgs.cmake:441 (message):
[2.637s]   The package name passed to `find_package_handle_standard_args`
[2.637s]   (PCL_IN_HAND_SCANNER) does not match the name of the calling package (PCL).
[2.637s]   This can lead to problems in calling code that expects `find_package`
[2.637s]   result variables (e.g., `_FOUND`) to follow a certain pattern.
[2.637s] Call Stack (most recent call first):
[2.638s]   /usr/lib/x86_64-linux-gnu/cmake/pcl/PCLConfig.cmake:619 (find_package_handle_standard_args)
[2.638s]   CMakeLists.txt:17 (find_package)
[2.638s] This warning is for project developers.  Use -Wno-dev to suppress it.
[2.638s] [0m
[2.638s] -- Found PCL_IN_HAND_SCANNER: /usr/include/pcl-1.10
[2.638s] -- looking for PCL_POINT_CLOUD_EDITOR
[2.638s] -- Found PCL_POINT_CLOUD_EDITOR: /usr/include/pcl-1.10
[2.638s] -- looking for PCL_OUTOFCORE
[2.638s] [33mCMake Warning (dev) at /home/myungw00/.local/lib/python3.8/site-packages/cmake/data/share/cmake-3.31/Modules/FindPackageHandleStandardArgs.cmake:441 (message):
[2.638s]   The package name passed to `find_package_handle_standard_args`
[2.638s]   (PCL_POINT_CLOUD_EDITOR) does not match the name of the calling package
[2.638s]   (PCL).  This can lead to problems in calling code that expects
[2.638s]   `find_package` result variables (e.g., `_FOUND`) to follow a certain
[2.638s]   pattern.
[2.639s] Call Stack (most recent call first):
[2.639s]   /usr/lib/x86_64-linux-gnu/cmake/pcl/PCLConfig.cmake:619 (find_package_handle_standard_args)
[2.639s]   CMakeLists.txt:17 (find_package)
[2.639s] This warning is for project developers.  Use -Wno-dev to suppress it.
[2.639s] [0m
[2.639s] [33mCMake Warning (dev) at /home/myungw00/.local/lib/python3.8/site-packages/cmake/data/share/cmake-3.31/Modules/FindPackageHandleStandardArgs.cmake:441 (message):
[2.639s]   The package name passed to `find_package_handle_standard_args`
[2.639s]   (PCL_OUTOFCORE) does not match the name of the calling package (PCL).  This
[2.639s]   can lead to problems in calling code that expects `find_package` result
[2.639s]   variables (e.g., `_FOUND`) to follow a certain pattern.
[2.639s] Call Stack (most recent call first):
[2.639s]   /usr/lib/x86_64-linux-gnu/cmake/pcl/PCLConfig.cmake:616 (find_package_handle_standard_args)
[2.639s]   CMakeLists.txt:17 (find_package)
[2.639s] This warning is for project developers.  Use -Wno-dev to suppress it.
[2.639s] [0m
[2.640s] -- Found PCL_OUTOFCORE: /usr/lib/x86_64-linux-gnu/libpcl_outofcore.so
[2.640s] -- looking for PCL_PEOPLE
[2.640s] [33mCMake Warning (dev) at /home/myungw00/.local/lib/python3.8/site-packages/cmake/data/share/cmake-3.31/Modules/FindPackageHandleStandardArgs.cmake:441 (message):
[2.640s]   The package name passed to `find_package_handle_standard_args` (PCL_PEOPLE)
[2.640s]   does not match the name of the calling package (PCL).  This can lead to
[2.640s]   problems in calling code that expects `find_package` result variables
[2.640s]   (e.g., `_FOUND`) to follow a certain pattern.
[2.640s] Call Stack (most recent call first):
[2.640s]   /usr/lib/x86_64-linux-gnu/cmake/pcl/PCLConfig.cmake:616 (find_package_handle_standard_args)
[2.640s]   CMakeLists.txt:17 (find_package)
[2.640s] This warning is for project developers.  Use -Wno-dev to suppress it.
[2.641s] [0m
[2.641s] -- Found PCL_PEOPLE: /usr/lib/x86_64-linux-gnu/libpcl_people.so
[2.641s] -- Found PCL: pcl_common;pcl_kdtree;pcl_octree;pcl_search;pcl_sample_consensus;pcl_filters;pcl_io;pcl_features;pcl_ml;pcl_segmentation;pcl_visualization;pcl_surface;pcl_registration;pcl_keypoints;pcl_tracking;pcl_recognition;pcl_stereo;pcl_apps;pcl_outofcore;pcl_people;/usr/lib/x86_64-linux-gnu/libboost_system.so;/usr/lib/x86_64-linux-gnu/libboost_filesystem.so;/usr/lib/x86_64-linux-gnu/libboost_date_time.so;/usr/lib/x86_64-linux-gnu/libboost_iostreams.so;/usr/lib/x86_64-linux-gnu/libboost_regex.so;optimized;/usr/lib/x86_64-linux-gnu/libqhull.so;debug;/usr/lib/x86_64-linux-gnu/libqhull.so;/usr/lib/libOpenNI.so;/usr/lib/libOpenNI2.so;vtkChartsCore;vtkCommonColor;vtkCommonCore;vtksys;vtkCommonDataModel;vtkCommonMath;vtkCommonMisc;vtkCommonSystem;vtkCommonTransforms;vtkCommonExecutionModel;vtkFiltersGeneral;vtkCommonComputationalGeometry;vtkFiltersCore;vtkInfovisCore;vtkFiltersExtraction;vtkFiltersStatistics;vtkImagingFourier;vtkImagingCore;vtkalglib;vtkRenderingContext2D;vtkRenderingCore;vtkFiltersGeometry;vtkFiltersSources;vtkRenderingFreeType;/usr/lib/x86_64-linux-gnu/libfreetype.so;/usr/lib/x86_64-linux-gnu/libz.so;vtkFiltersModeling;vtkImagingSources;vtkInteractionStyle;vtkInteractionWidgets;vtkFiltersHybrid;vtkImagingColor;vtkImagingGeneral;vtkImagingHybrid;vtkIOImage;vtkDICOMParser;vtkmetaio;/usr/lib/x86_64-linux-gnu/libjpeg.so;/usr/lib/x86_64-linux-gnu/libpng.so;/usr/lib/x86_64-linux-gnu/libtiff.so;vtkRenderingAnnotation;vtkRenderingVolume;vtkIOXML;vtkIOCore;vtkIOXMLParser;/usr/lib/x86_64-linux-gnu/libexpat.so;vtkIOGeometry;vtkIOLegacy;vtkIOPLY;vtkRenderingLOD;vtkViewsContext2D;vtkViewsCore;vtkRenderingContextOpenGL2;vtkRenderingOpenGL2;FLANN::FLANN
[2.645s] -- Found pcl_conversions: 2.3.2 (/opt/ros/galactic/share/pcl_conversions/cmake)
[2.770s] -- Found pcl_ros: 2.3.2 (/opt/ros/galactic/share/pcl_ros/cmake)
[2.873s] -- Found eigen3_cmake_module: 0.1.1 (/opt/ros/galactic/share/eigen3_cmake_module/cmake)
[2.880s] -- Found Eigen3: TRUE (found version "3.3.7")
[3.222s] -- Found OpenGL: /usr/lib/x86_64-linux-gnu/libOpenGL.so
[3.232s] -- Found OpenCV: /usr (found version "4.2.0")
[3.343s] -- Configuring done (3.3s)
[3.480s] -- Generating done (0.1s)
[3.484s] -- Build files have been written to: /home/myungw00/ROS2/Qt_ws/src/qt_pointcloud_viewer/build/qt_pointcloud_viewer
[3.499s] Invoked command in '/home/myungw00/ROS2/Qt_ws/src/qt_pointcloud_viewer/build/qt_pointcloud_viewer' returned '0': CMAKE_PREFIX_PATH=${CMAKE_PREFIX_PATH}:/home/myungw00/ROS2/ros2_ws/install/python_parameters:/home/myungw00/ROS2/ros2_ws/install/py_pubsub:/home/myungw00/ROS2/ros2_ws/install/examples_rclpy_pointcloud_publisher:/home/myungw00/ROS2/ros2_ws/install/examples_rclpy_minimal_subscriber:/home/myungw00/ROS2/ros2_ws/install/examples_rclpy_minimal_service:/home/myungw00/ROS2/ros2_ws/install/examples_rclpy_minimal_publisher:/home/myungw00/ROS2/ros2_ws/install/examples_rclpy_minimal_client:/home/myungw00/ROS2/ros2_ws/install/examples_rclpy_minimal_action_server:/home/myungw00/ROS2/ros2_ws/install/examples_rclpy_minimal_action_client:/home/myungw00/ROS2/ros2_ws/install/examples_rclpy_guard_conditions:/home/myungw00/ROS2/ros2_ws/install/examples_rclpy_executors:/opt/ros/galactic /home/myungw00/.local/bin/cmake /home/myungw00/ROS2/Qt_ws/src/qt_pointcloud_viewer -DAMENT_CMAKE_SYMLINK_INSTALL=1 -DCMAKE_INSTALL_PREFIX=/home/myungw00/ROS2/Qt_ws/src/qt_pointcloud_viewer/install/qt_pointcloud_viewer
[3.505s] Invoking command in '/home/myungw00/ROS2/Qt_ws/src/qt_pointcloud_viewer/build/qt_pointcloud_viewer': CMAKE_PREFIX_PATH=${CMAKE_PREFIX_PATH}:/home/myungw00/ROS2/ros2_ws/install/python_parameters:/home/myungw00/ROS2/ros2_ws/install/py_pubsub:/home/myungw00/ROS2/ros2_ws/install/examples_rclpy_pointcloud_publisher:/home/myungw00/ROS2/ros2_ws/install/examples_rclpy_minimal_subscriber:/home/myungw00/ROS2/ros2_ws/install/examples_rclpy_minimal_service:/home/myungw00/ROS2/ros2_ws/install/examples_rclpy_minimal_publisher:/home/myungw00/ROS2/ros2_ws/install/examples_rclpy_minimal_client:/home/myungw00/ROS2/ros2_ws/install/examples_rclpy_minimal_action_server:/home/myungw00/ROS2/ros2_ws/install/examples_rclpy_minimal_action_client:/home/myungw00/ROS2/ros2_ws/install/examples_rclpy_guard_conditions:/home/myungw00/ROS2/ros2_ws/install/examples_rclpy_executors:/opt/ros/galactic /home/myungw00/.local/bin/cmake --build /home/myungw00/ROS2/Qt_ws/src/qt_pointcloud_viewer/build/qt_pointcloud_viewer -- -j16 -l16
[3.596s] [  2%] [34m[1mAutomatic MOC and UIC for target qt_pointcloud_viewer[0m
[3.618s] [  2%] Built target qt_pointcloud_viewer_autogen
[3.625s] [  7%] [34m[1mGenerating include/qt_pointcloud_viewer/moc_control_tree_widget.cpp[0m
[3.626s] [ 13%] [34m[1mGenerating include/qt_pointcloud_viewer/moc_interest_object_manager.cpp[0m
[3.626s] [ 15%] [34m[1mGenerating include/qt_pointcloud_viewer/moc_mainwindow.cpp[0m
[3.626s] [ 18%] [34m[1mGenerating include/qt_pointcloud_viewer/moc_viewer_settings_manager.cpp[0m
[3.626s] [ 21%] [34m[1mGenerating include/qt_pointcloud_viewer/moc_pointcloud_widget.cpp[0m
[3.626s] [ 23%] [34m[1mGenerating include/qt_pointcloud_viewer/moc_viewer_container.cpp[0m
[3.626s] [ 26%] [34m[1mGenerating include/qt_pointcloud_viewer/moc_viewer_window.cpp[0m
[3.627s] [ 28%] [34m[1mGenerating include/qt_pointcloud_viewer/moc_debug_console_widget.cpp[0m
[3.627s] [ 28%] [34m[1mGenerating ui_mainwindow.h[0m
[3.627s] [ 28%] [34m[1mGenerating include/qt_pointcloud_viewer/moc_data_broker.cpp[0m
[3.628s] [ 31%] [34m[1mGenerating include/qt_pointcloud_viewer/moc_robot_select_dialog.cpp[0m
[3.735s] [ 36%] [32mBuilding CXX object CMakeFiles/qt_pointcloud_viewer.dir/src/main.cpp.o[0m
[3.735s] [ 39%] [32mBuilding CXX object CMakeFiles/qt_pointcloud_viewer.dir/src/robot_select_dialog.cpp.o[0m
[3.736s] [ 42%] [32mBuilding CXX object CMakeFiles/qt_pointcloud_viewer.dir/src/mainwindow.cpp.o[0m
[3.736s] [ 44%] [32mBuilding CXX object CMakeFiles/qt_pointcloud_viewer.dir/src/pointcloud_widget.cpp.o[0m
[3.736s] [ 47%] [32mBuilding CXX object CMakeFiles/qt_pointcloud_viewer.dir/src/viewer_container.cpp.o[0m
[3.736s] [ 50%] [32mBuilding CXX object CMakeFiles/qt_pointcloud_viewer.dir/src/viewer_window.cpp.o[0m
[3.736s] [ 47%] [32mBuilding CXX object CMakeFiles/qt_pointcloud_viewer.dir/qt_pointcloud_viewer_autogen/mocs_compilation.cpp.o[0m
[3.736s] [ 52%] [32mBuilding CXX object CMakeFiles/qt_pointcloud_viewer.dir/src/data_broker.cpp.o[0m
[3.736s] [ 55%] [32mBuilding CXX object CMakeFiles/qt_pointcloud_viewer.dir/src/shape_helper.cpp.o[0m
[3.737s] [ 57%] [32mBuilding CXX object CMakeFiles/qt_pointcloud_viewer.dir/src/control_tree_widget.cpp.o[0m
[3.737s] [ 60%] [32mBuilding CXX object CMakeFiles/qt_pointcloud_viewer.dir/src/viewer_settings_manager.cpp.o[0m
[3.738s] [ 65%] [32mBuilding CXX object CMakeFiles/qt_pointcloud_viewer.dir/src/debug_console_widget.cpp.o[0m
[3.738s] [ 65%] [32mBuilding CXX object CMakeFiles/qt_pointcloud_viewer.dir/src/render_helper.cpp.o[0m
[3.738s] [ 68%] [32mBuilding CXX object CMakeFiles/qt_pointcloud_viewer.dir/src/grid_map_processor.cpp.o[0m
[3.739s] [ 73%] [32mBuilding CXX object CMakeFiles/qt_pointcloud_viewer.dir/src/interest_object_manager.cpp.o[0m
[3.739s] [ 73%] [32mBuilding CXX object CMakeFiles/qt_pointcloud_viewer.dir/include/qt_pointcloud_viewer/moc_mainwindow.cpp.o[0m
[3.776s] [ 76%] [32mBuilding CXX object CMakeFiles/qt_pointcloud_viewer.dir/include/qt_pointcloud_viewer/moc_pointcloud_widget.cpp.o[0m
[5.873s] [ 78%] [32mBuilding CXX object CMakeFiles/qt_pointcloud_viewer.dir/include/qt_pointcloud_viewer/moc_robot_select_dialog.cpp.o[0m
[6.501s] [ 81%] [32mBuilding CXX object CMakeFiles/qt_pointcloud_viewer.dir/include/qt_pointcloud_viewer/moc_viewer_container.cpp.o[0m
[8.017s] [ 84%] [32mBuilding CXX object CMakeFiles/qt_pointcloud_viewer.dir/include/qt_pointcloud_viewer/moc_viewer_window.cpp.o[0m
[12.210s] In file included from [01m[K/home/myungw00/ROS2/Qt_ws/src/qt_pointcloud_viewer/src/viewer_settings_manager.cpp:2[m[K:
[12.210s] [01m[K/home/myungw00/ROS2/Qt_ws/src/qt_pointcloud_viewer/include/qt_pointcloud_viewer/pointcloud_widget.hpp:[m[K In member function â€˜[01m[Kbool Widget::PointCloudWidget::getShowObject() const[m[Kâ€™:
[12.210s] [01m[K/home/myungw00/ROS2/Qt_ws/src/qt_pointcloud_viewer/include/qt_pointcloud_viewer/pointcloud_widget.hpp:90:45:[m[K [01;31m[Kerror: [m[Kâ€˜[01m[KshowObject_[m[Kâ€™ was not declared in this scope; did you mean â€˜[01m[KsetShowObject[m[Kâ€™?
[12.210s]    90 |         bool getShowObject() const { return [01;31m[KshowObject_[m[K; }
[12.210s]       |                                             [01;31m[K^~~~~~~~~~~[m[K
[12.210s]       |                                             [32m[KsetShowObject[m[K
[12.292s] [01m[K/home/myungw00/ROS2/Qt_ws/src/qt_pointcloud_viewer/src/viewer_settings_manager.cpp:[m[K In member function â€˜[01m[KWidget::ViewerSettings Widget::ViewerSettingsManager::extractSettings(Widget::PointCloudWidget*)[m[Kâ€™:
[12.292s] [01m[K/home/myungw00/ROS2/Qt_ws/src/qt_pointcloud_viewer/src/viewer_settings_manager.cpp:126:36:[m[K [01;31m[Kerror: [m[Kâ€˜[01m[Kclass Widget::PointCloudWidget[m[Kâ€™ has no member named â€˜[01m[KgetShowObjects[m[Kâ€™; did you mean â€˜[01m[KgetShowObject[m[Kâ€™?
[12.292s]   126 |     settings.showObjects = widget->[01;31m[KgetShowObjects[m[K();
[12.292s]       |                                    [01;31m[K^~~~~~~~~~~~~~[m[K
[12.292s]       |                                    [32m[KgetShowObject[m[K
[12.293s] [01m[K/home/myungw00/ROS2/Qt_ws/src/qt_pointcloud_viewer/src/viewer_settings_manager.cpp:127:41:[m[K [01;31m[Kerror: [m[Kâ€˜[01m[Kclass Widget::PointCloudWidget[m[Kâ€™ has no member named â€˜[01m[KgetShowObjectLabels[m[Kâ€™; did you mean â€˜[01m[KgetShowObjectLabel[m[Kâ€™?
[12.293s]   127 |     settings.showObjectLabels = widget->[01;31m[KgetShowObjectLabels[m[K();
[12.293s]       |                                         [01;31m[K^~~~~~~~~~~~~~~~~~~[m[K
[12.293s]       |                                         [32m[KgetShowObjectLabel[m[K
[12.303s] [01m[K/home/myungw00/ROS2/Qt_ws/src/qt_pointcloud_viewer/src/viewer_settings_manager.cpp:[m[K In member function â€˜[01m[Kvoid Widget::ViewerSettingsManager::applySettings(Widget::PointCloudWidget*, const Widget::ViewerSettings&)[m[Kâ€™:
[12.303s] [01m[K/home/myungw00/ROS2/Qt_ws/src/qt_pointcloud_viewer/src/viewer_settings_manager.cpp:172:13:[m[K [01;31m[Kerror: [m[Kâ€˜[01m[Kclass Widget::PointCloudWidget[m[Kâ€™ has no member named â€˜[01m[KsetShowObjects[m[Kâ€™; did you mean â€˜[01m[KsetShowObject[m[Kâ€™?
[12.303s]   172 |     widget->[01;31m[KsetShowObjects[m[K(settings.showObjects);
[12.303s]       |             [01;31m[K^~~~~~~~~~~~~~[m[K
[12.303s]       |             [32m[KsetShowObject[m[K
[12.303s] [01m[K/home/myungw00/ROS2/Qt_ws/src/qt_pointcloud_viewer/src/viewer_settings_manager.cpp:173:13:[m[K [01;31m[Kerror: [m[Kâ€˜[01m[Kclass Widget::PointCloudWidget[m[Kâ€™ has no member named â€˜[01m[KsetShowObjectLabels[m[Kâ€™; did you mean â€˜[01m[KsetShowObjectLabel[m[Kâ€™?
[12.304s]   173 |     widget->[01;31m[KsetShowObjectLabels[m[K(settings.showObjectLabels);
[12.304s]       |             [01;31m[K^~~~~~~~~~~~~~~~~~~[m[K
[12.304s]       |             [32m[KsetShowObjectLabel[m[K
[12.503s] In file included from [01m[K/home/myungw00/ROS2/Qt_ws/src/qt_pointcloud_viewer/build/qt_pointcloud_viewer/include/qt_pointcloud_viewer/moc_pointcloud_widget.cpp:9[m[K:
[12.503s] [01m[K/home/myungw00/ROS2/Qt_ws/src/qt_pointcloud_viewer/build/qt_pointcloud_viewer/include/qt_pointcloud_viewer/../../../../include/qt_pointcloud_viewer/pointcloud_widget.hpp:[m[K In member function â€˜[01m[Kbool Widget::PointCloudWidget::getShowObject() const[m[Kâ€™:
[12.504s] [01m[K/home/myungw00/ROS2/Qt_ws/src/qt_pointcloud_viewer/build/qt_pointcloud_viewer/include/qt_pointcloud_viewer/../../../../include/qt_pointcloud_viewer/pointcloud_widget.hpp:90:45:[m[K [01;31m[Kerror: [m[Kâ€˜[01m[KshowObject_[m[Kâ€™ was not declared in this scope; did you mean â€˜[01m[KsetShowObject[m[Kâ€™?
[12.504s]    90 |         bool getShowObject() const { return [01;31m[KshowObject_[m[K; }
[12.504s]       |                                             [01;31m[K^~~~~~~~~~~[m[K
[12.504s]       |                                             [32m[KsetShowObject[m[K
[12.890s] In file included from [01m[K/home/myungw00/ROS2/Qt_ws/src/qt_pointcloud_viewer/include/qt_pointcloud_viewer/viewer_window.hpp:3[m[K,
[12.890s]                  from [01m[K/home/myungw00/ROS2/Qt_ws/src/qt_pointcloud_viewer/include/qt_pointcloud_viewer/viewer_container.hpp:4[m[K,
[12.890s]                  from [01m[K/home/myungw00/ROS2/Qt_ws/src/qt_pointcloud_viewer/src/viewer_container.cpp:2[m[K:
[12.890s] [01m[K/home/myungw00/ROS2/Qt_ws/src/qt_pointcloud_viewer/include/qt_pointcloud_viewer/pointcloud_widget.hpp:[m[K In member function â€˜[01m[Kbool Widget::PointCloudWidget::getShowObject() const[m[Kâ€™:
[12.890s] [01m[K/home/myungw00/ROS2/Qt_ws/src/qt_pointcloud_viewer/include/qt_pointcloud_viewer/pointcloud_widget.hpp:90:45:[m[K [01;31m[Kerror: [m[Kâ€˜[01m[KshowObject_[m[Kâ€™ was not declared in this scope; did you mean â€˜[01m[KsetShowObject[m[Kâ€™?
[12.891s]    90 |         bool getShowObject() const { return [01;31m[KshowObject_[m[K; }
[12.891s]       |                                             [01;31m[K^~~~~~~~~~~[m[K
[12.891s]       |                                             [32m[KsetShowObject[m[K
[12.895s] In file included from [01m[K/home/myungw00/ROS2/Qt_ws/src/qt_pointcloud_viewer/build/qt_pointcloud_viewer/./ui_mainwindow.h:22[m[K,
[12.895s]                  from [01m[K/home/myungw00/ROS2/Qt_ws/src/qt_pointcloud_viewer/src/mainwindow.cpp:1[m[K:
[12.895s] [01m[K/home/myungw00/ROS2/Qt_ws/src/qt_pointcloud_viewer/include/qt_pointcloud_viewer/pointcloud_widget.hpp:[m[K In member function â€˜[01m[Kbool Widget::PointCloudWidget::getShowObject() const[m[Kâ€™:
[12.895s] [01m[K/home/myungw00/ROS2/Qt_ws/src/qt_pointcloud_viewer/include/qt_pointcloud_viewer/pointcloud_widget.hpp:90:45:[m[K [01;31m[Kerror: [m[Kâ€˜[01m[KshowObject_[m[Kâ€™ was not declared in this scope; did you mean â€˜[01m[KsetShowObject[m[Kâ€™?
[12.895s]    90 |         bool getShowObject() const { return [01;31m[KshowObject_[m[K; }
[12.895s]       |                                             [01;31m[K^~~~~~~~~~~[m[K
[12.896s]       |                                             [32m[KsetShowObject[m[K
[12.971s] In file included from [01m[K/home/myungw00/ROS2/Qt_ws/src/qt_pointcloud_viewer/src/pointcloud_widget.cpp:1[m[K:
[12.971s] [01m[K/home/myungw00/ROS2/Qt_ws/src/qt_pointcloud_viewer/include/qt_pointcloud_viewer/pointcloud_widget.hpp:[m[K In member function â€˜[01m[Kbool Widget::PointCloudWidget::getShowObject() const[m[Kâ€™:
[12.971s] [01m[K/home/myungw00/ROS2/Qt_ws/src/qt_pointcloud_viewer/include/qt_pointcloud_viewer/pointcloud_widget.hpp:90:45:[m[K [01;31m[Kerror: [m[Kâ€˜[01m[KshowObject_[m[Kâ€™ was not declared in this scope; did you mean â€˜[01m[KsetShowObject[m[Kâ€™?
[12.971s]    90 |         bool getShowObject() const { return [01;31m[KshowObject_[m[K; }
[12.972s]       |                                             [01;31m[K^~~~~~~~~~~[m[K
[12.972s]       |                                             [32m[KsetShowObject[m[K
[13.073s] [ 86%] [32mBuilding CXX object CMakeFiles/qt_pointcloud_viewer.dir/include/qt_pointcloud_viewer/moc_data_broker.cpp.o[0m
[13.153s] [01m[K/home/myungw00/ROS2/Qt_ws/src/qt_pointcloud_viewer/src/pointcloud_widget.cpp:[m[K In member function â€˜[01m[Kvoid Widget::PointCloudWidget::setShowObject(bool)[m[Kâ€™:
[13.154s] [01m[K/home/myungw00/ROS2/Qt_ws/src/qt_pointcloud_viewer/src/pointcloud_widget.cpp:512:5:[m[K [01;31m[Kerror: [m[Kâ€˜[01m[KshowObject_[m[Kâ€™ was not declared in this scope; did you mean â€˜[01m[KsetShowObject[m[Kâ€™?
[13.154s]   512 |     [01;31m[KshowObject_[m[K = show;
[13.154s]       |     [01;31m[K^~~~~~~~~~~[m[K
[13.154s]       |     [32m[KsetShowObject[m[K
[13.223s] [ 89%] [32mBuilding CXX object CMakeFiles/qt_pointcloud_viewer.dir/include/qt_pointcloud_viewer/moc_control_tree_widget.cpp.o[0m
[13.271s] In file included from [01m[K/home/myungw00/ROS2/Qt_ws/src/qt_pointcloud_viewer/include/qt_pointcloud_viewer/control_tree_widget.hpp:19[m[K,
[13.271s]                  from [01m[K/home/myungw00/ROS2/Qt_ws/src/qt_pointcloud_viewer/src/control_tree_widget.cpp:2[m[K:
[13.271s] [01m[K/home/myungw00/ROS2/Qt_ws/src/qt_pointcloud_viewer/include/qt_pointcloud_viewer/pointcloud_widget.hpp:[m[K In member function â€˜[01m[Kbool Widget::PointCloudWidget::getShowObject() const[m[Kâ€™:
[13.271s] [01m[K/home/myungw00/ROS2/Qt_ws/src/qt_pointcloud_viewer/include/qt_pointcloud_viewer/pointcloud_widget.hpp:90:45:[m[K [01;31m[Kerror: [m[Kâ€˜[01m[KshowObject_[m[Kâ€™ was not declared in this scope; did you mean â€˜[01m[KsetShowObject[m[Kâ€™?
[13.271s]    90 |         bool getShowObject() const { return [01;31m[KshowObject_[m[K; }
[13.272s]       |                                             [01;31m[K^~~~~~~~~~~[m[K
[13.272s]       |                                             [32m[KsetShowObject[m[K
[13.422s] [01m[K/home/myungw00/ROS2/Qt_ws/src/qt_pointcloud_viewer/src/control_tree_widget.cpp:[m[K In lambda function:
[13.422s] [01m[K/home/myungw00/ROS2/Qt_ws/src/qt_pointcloud_viewer/src/control_tree_widget.cpp:204:52:[m[K [01;31m[Kerror: [m[Kinvalid operands of types â€˜[01m[Kconst char*[m[Kâ€™ and â€˜[01m[Kconst char [2][m[Kâ€™ to binary â€˜[01m[Koperator+[m[Kâ€™
[13.422s]   204 |             qDebug() << [32m[K"Grid cell count:" + value[m[K [01;31m[K+[m[K [34m[K"x"[m[K + value;
[13.422s]       |                         [32m[K~~~~~~~~~~~~~~~~~~~~~~~~~~[m[K [01;31m[K^[m[K [34m[K~~~[m[K
[13.422s]       |                                            [32m[K|[m[K         [34m[K|[m[K
[13.422s]       |                                            [32m[K|[m[K         [34m[Kconst char [2][m[K
[13.422s]       |                                            [32m[Kconst char*[m[K
[13.577s] [01m[K/home/myungw00/ROS2/Qt_ws/src/qt_pointcloud_viewer/src/control_tree_widget.cpp:[m[K In lambda function:
[13.578s] [01m[K/home/myungw00/ROS2/Qt_ws/src/qt_pointcloud_viewer/src/control_tree_widget.cpp:1009:32:[m[K [01;31m[Kerror: [m[Kâ€˜[01m[Kclass Widget::PointCloudWidget[m[Kâ€™ has no member named â€˜[01m[KsetShowObjects[m[Kâ€™; did you mean â€˜[01m[KsetShowObject[m[Kâ€™?
[13.578s]  1009 |             pointCloudWidget_->[01;31m[KsetShowObjects[m[K(checked);
[13.578s]       |                                [01;31m[K^~~~~~~~~~~~~~[m[K
[13.579s]       |                                [32m[KsetShowObject[m[K
[13.581s] [01m[K/home/myungw00/ROS2/Qt_ws/src/qt_pointcloud_viewer/src/control_tree_widget.cpp:[m[K In lambda function:
[13.581s] [01m[K/home/myungw00/ROS2/Qt_ws/src/qt_pointcloud_viewer/src/control_tree_widget.cpp:1023:32:[m[K [01;31m[Kerror: [m[Kâ€˜[01m[Kclass Widget::PointCloudWidget[m[Kâ€™ has no member named â€˜[01m[KsetShowObjectLabels[m[Kâ€™; did you mean â€˜[01m[KsetShowObjectLabel[m[Kâ€™?
[13.581s]  1023 |             pointCloudWidget_->[01;31m[KsetShowObjectLabels[m[K(checked);
[13.581s]       |                                [01;31m[K^~~~~~~~~~~~~~~~~~~[m[K
[13.581s]       |                                [32m[KsetShowObjectLabel[m[K
[13.714s] [ 92%] [32mBuilding CXX object CMakeFiles/qt_pointcloud_viewer.dir/include/qt_pointcloud_viewer/moc_debug_console_widget.cpp.o[0m
[13.748s] make[2]: *** [CMakeFiles/qt_pointcloud_viewer.dir/build.make:277: CMakeFiles/qt_pointcloud_viewer.dir/src/viewer_settings_manager.cpp.o] Error 1
[13.748s] make[2]: *** Waiting for unfinished jobs....
[13.983s] make[2]: *** [CMakeFiles/qt_pointcloud_viewer.dir/build.make:347: CMakeFiles/qt_pointcloud_viewer.dir/include/qt_pointcloud_viewer/moc_pointcloud_widget.cpp.o] Error 1
[14.139s] In file included from [01m[K/home/myungw00/ROS2/Qt_ws/src/qt_pointcloud_viewer/include/qt_pointcloud_viewer/viewer_window.hpp:3[m[K,
[14.139s]                  from [01m[K/home/myungw00/ROS2/Qt_ws/src/qt_pointcloud_viewer/src/viewer_window.cpp:1[m[K:
[14.139s] [01m[K/home/myungw00/ROS2/Qt_ws/src/qt_pointcloud_viewer/include/qt_pointcloud_viewer/pointcloud_widget.hpp:[m[K In member function â€˜[01m[Kbool Widget::PointCloudWidget::getShowObject() const[m[Kâ€™:
[14.140s] [01m[K/home/myungw00/ROS2/Qt_ws/src/qt_pointcloud_viewer/include/qt_pointcloud_viewer/pointcloud_widget.hpp:90:45:[m[K [01;31m[Kerror: [m[Kâ€˜[01m[KshowObject_[m[Kâ€™ was not declared in this scope; did you mean â€˜[01m[KsetShowObject[m[Kâ€™?
[14.140s]    90 |         bool getShowObject() const { return [01;31m[KshowObject_[m[K; }
[14.140s]       |                                             [01;31m[K^~~~~~~~~~~[m[K
[14.140s]       |                                             [32m[KsetShowObject[m[K
[14.604s] make[2]: *** [CMakeFiles/qt_pointcloud_viewer.dir/build.make:165: CMakeFiles/qt_pointcloud_viewer.dir/src/pointcloud_widget.cpp.o] Error 1
[14.911s] In file included from [01m[K/home/myungw00/ROS2/Qt_ws/src/qt_pointcloud_viewer/build/qt_pointcloud_viewer/include/qt_pointcloud_viewer/../../../../include/qt_pointcloud_viewer/viewer_window.hpp:3[m[K,
[14.911s]                  from [01m[K/home/myungw00/ROS2/Qt_ws/src/qt_pointcloud_viewer/build/qt_pointcloud_viewer/include/qt_pointcloud_viewer/../../../../include/qt_pointcloud_viewer/viewer_container.hpp:4[m[K,
[14.912s]                  from [01m[K/home/myungw00/ROS2/Qt_ws/src/qt_pointcloud_viewer/build/qt_pointcloud_viewer/include/qt_pointcloud_viewer/moc_viewer_container.cpp:9[m[K:
[14.912s] [01m[K/home/myungw00/ROS2/Qt_ws/src/qt_pointcloud_viewer/build/qt_pointcloud_viewer/include/qt_pointcloud_viewer/../../../../include/qt_pointcloud_viewer/pointcloud_widget.hpp:[m[K In member function â€˜[01m[Kbool Widget::PointCloudWidget::getShowObject() const[m[Kâ€™:
[14.912s] [01m[K/home/myungw00/ROS2/Qt_ws/src/qt_pointcloud_viewer/build/qt_pointcloud_viewer/include/qt_pointcloud_viewer/../../../../include/qt_pointcloud_viewer/pointcloud_widget.hpp:90:45:[m[K [01;31m[Kerror: [m[Kâ€˜[01m[KshowObject_[m[Kâ€™ was not declared in this scope; did you mean â€˜[01m[KsetShowObject[m[Kâ€™?
[14.912s]    90 |         bool getShowObject() const { return [01;31m[KshowObject_[m[K; }
[14.912s]       |                                             [01;31m[K^~~~~~~~~~~[m[K
[14.912s]       |                                             [32m[KsetShowObject[m[K
[15.005s] make[2]: *** [CMakeFiles/qt_pointcloud_viewer.dir/build.make:249: CMakeFiles/qt_pointcloud_viewer.dir/src/control_tree_widget.cpp.o] Error 1
[15.111s] In file included from [01m[K/home/myungw00/ROS2/Qt_ws/src/qt_pointcloud_viewer/build/qt_pointcloud_viewer/include/qt_pointcloud_viewer/../../../../include/qt_pointcloud_viewer/mainwindow.hpp:16[m[K,
[15.111s]                  from [01m[K/home/myungw00/ROS2/Qt_ws/src/qt_pointcloud_viewer/build/qt_pointcloud_viewer/include/qt_pointcloud_viewer/moc_mainwindow.cpp:9[m[K:
[15.112s] [01m[K/home/myungw00/ROS2/Qt_ws/src/qt_pointcloud_viewer/build/qt_pointcloud_viewer/include/qt_pointcloud_viewer/../../../../include/qt_pointcloud_viewer/pointcloud_widget.hpp:[m[K In member function â€˜[01m[Kbool Widget::PointCloudWidget::getShowObject() const[m[Kâ€™:
[15.112s] [01m[K/home/myungw00/ROS2/Qt_ws/src/qt_pointcloud_viewer/build/qt_pointcloud_viewer/include/qt_pointcloud_viewer/../../../../include/qt_pointcloud_viewer/pointcloud_widget.hpp:90:45:[m[K [01;31m[Kerror: [m[Kâ€˜[01m[KshowObject_[m[Kâ€™ was not declared in this scope; did you mean â€˜[01m[KsetShowObject[m[Kâ€™?
[15.112s]    90 |         bool getShowObject() const { return [01;31m[KshowObject_[m[K; }
[15.112s]       |                                             [01;31m[K^~~~~~~~~~~[m[K
[15.112s]       |                                             [32m[KsetShowObject[m[K
[15.342s] In file included from [01m[K/home/myungw00/ROS2/Qt_ws/src/qt_pointcloud_viewer/include/qt_pointcloud_viewer/mainwindow.hpp:16[m[K,
[15.342s]                  from [01m[K/home/myungw00/ROS2/Qt_ws/src/qt_pointcloud_viewer/src/main.cpp:3[m[K:
[15.342s] [01m[K/home/myungw00/ROS2/Qt_ws/src/qt_pointcloud_viewer/include/qt_pointcloud_viewer/pointcloud_widget.hpp:[m[K In member function â€˜[01m[Kbool Widget::PointCloudWidget::getShowObject() const[m[Kâ€™:
[15.342s] [01m[K/home/myungw00/ROS2/Qt_ws/src/qt_pointcloud_viewer/include/qt_pointcloud_viewer/pointcloud_widget.hpp:90:45:[m[K [01;31m[Kerror: [m[Kâ€˜[01m[KshowObject_[m[Kâ€™ was not declared in this scope; did you mean â€˜[01m[KsetShowObject[m[Kâ€™?
[15.342s]    90 |         bool getShowObject() const { return [01;31m[KshowObject_[m[K; }
[15.342s]       |                                             [01;31m[K^~~~~~~~~~~[m[K
[15.343s]       |                                             [32m[KsetShowObject[m[K
[16.383s] In file included from [01m[K/home/myungw00/ROS2/Qt_ws/src/qt_pointcloud_viewer/build/qt_pointcloud_viewer/include/qt_pointcloud_viewer/../../../../include/qt_pointcloud_viewer/viewer_window.hpp:3[m[K,
[16.383s]                  from [01m[K/home/myungw00/ROS2/Qt_ws/src/qt_pointcloud_viewer/build/qt_pointcloud_viewer/include/qt_pointcloud_viewer/moc_viewer_window.cpp:9[m[K:
[16.383s] [01m[K/home/myungw00/ROS2/Qt_ws/src/qt_pointcloud_viewer/build/qt_pointcloud_viewer/include/qt_pointcloud_viewer/../../../../include/qt_pointcloud_viewer/pointcloud_widget.hpp:[m[K In member function â€˜[01m[Kbool Widget::PointCloudWidget::getShowObject() const[m[Kâ€™:
[16.383s] [01m[K/home/myungw00/ROS2/Qt_ws/src/qt_pointcloud_viewer/build/qt_pointcloud_viewer/include/qt_pointcloud_viewer/../../../../include/qt_pointcloud_viewer/pointcloud_widget.hpp:90:45:[m[K [01;31m[Kerror: [m[Kâ€˜[01m[KshowObject_[m[Kâ€™ was not declared in this scope; did you mean â€˜[01m[KsetShowObject[m[Kâ€™?
[16.383s]    90 |         bool getShowObject() const { return [01;31m[KshowObject_[m[K; }
[16.384s]       |                                             [01;31m[K^~~~~~~~~~~[m[K
[16.384s]       |                                             [32m[KsetShowObject[m[K
[16.531s] make[2]: *** [CMakeFiles/qt_pointcloud_viewer.dir/build.make:193: CMakeFiles/qt_pointcloud_viewer.dir/src/viewer_container.cpp.o] Error 1
[17.022s] make[2]: *** [CMakeFiles/qt_pointcloud_viewer.dir/build.make:333: CMakeFiles/qt_pointcloud_viewer.dir/include/qt_pointcloud_viewer/moc_mainwindow.cpp.o] Error 1
[17.117s] make[2]: *** [CMakeFiles/qt_pointcloud_viewer.dir/build.make:151: CMakeFiles/qt_pointcloud_viewer.dir/src/mainwindow.cpp.o] Error 1
[17.179s] make[2]: *** [CMakeFiles/qt_pointcloud_viewer.dir/build.make:137: CMakeFiles/qt_pointcloud_viewer.dir/src/main.cpp.o] Error 1
[17.454s] make[2]: *** [CMakeFiles/qt_pointcloud_viewer.dir/build.make:375: CMakeFiles/qt_pointcloud_viewer.dir/include/qt_pointcloud_viewer/moc_viewer_container.cpp.o] Error 1
[18.684s] make[2]: *** [CMakeFiles/qt_pointcloud_viewer.dir/build.make:389: CMakeFiles/qt_pointcloud_viewer.dir/include/qt_pointcloud_viewer/moc_viewer_window.cpp.o] Error 1
[18.845s] make[2]: *** [CMakeFiles/qt_pointcloud_viewer.dir/build.make:207: CMakeFiles/qt_pointcloud_viewer.dir/src/viewer_window.cpp.o] Error 1
[19.367s] In file included from [01m[K/home/myungw00/ROS2/Qt_ws/src/qt_pointcloud_viewer/build/qt_pointcloud_viewer/include/qt_pointcloud_viewer/../../../../include/qt_pointcloud_viewer/control_tree_widget.hpp:19[m[K,
[19.367s]                  from [01m[K/home/myungw00/ROS2/Qt_ws/src/qt_pointcloud_viewer/build/qt_pointcloud_viewer/include/qt_pointcloud_viewer/moc_control_tree_widget.cpp:9[m[K:
[19.367s] [01m[K/home/myungw00/ROS2/Qt_ws/src/qt_pointcloud_viewer/build/qt_pointcloud_viewer/include/qt_pointcloud_viewer/../../../../include/qt_pointcloud_viewer/pointcloud_widget.hpp:[m[K In member function â€˜[01m[Kbool Widget::PointCloudWidget::getShowObject() const[m[Kâ€™:
[19.368s] [01m[K/home/myungw00/ROS2/Qt_ws/src/qt_pointcloud_viewer/build/qt_pointcloud_viewer/include/qt_pointcloud_viewer/../../../../include/qt_pointcloud_viewer/pointcloud_widget.hpp:90:45:[m[K [01;31m[Kerror: [m[Kâ€˜[01m[KshowObject_[m[Kâ€™ was not declared in this scope; did you mean â€˜[01m[KsetShowObject[m[Kâ€™?
[19.368s]    90 |         bool getShowObject() const { return [01;31m[KshowObject_[m[K; }
[19.368s]       |                                             [01;31m[K^~~~~~~~~~~[m[K
[19.368s]       |                                             [32m[KsetShowObject[m[K
[20.017s] make[2]: *** [CMakeFiles/qt_pointcloud_viewer.dir/build.make:417: CMakeFiles/qt_pointcloud_viewer.dir/include/qt_pointcloud_viewer/moc_control_tree_widget.cpp.o] Error 1
[24.516s] make[1]: *** [CMakeFiles/Makefile2:152: CMakeFiles/qt_pointcloud_viewer.dir/all] Error 2
[24.516s] make: *** [Makefile:146: all] Error 2
[24.519s] Invoked command in '/home/myungw00/ROS2/Qt_ws/src/qt_pointcloud_viewer/build/qt_pointcloud_viewer' returned '2': CMAKE_PREFIX_PATH=${CMAKE_PREFIX_PATH}:/home/myungw00/ROS2/ros2_ws/install/python_parameters:/home/myungw00/ROS2/ros2_ws/install/py_pubsub:/home/myungw00/ROS2/ros2_ws/install/examples_rclpy_pointcloud_publisher:/home/myungw00/ROS2/ros2_ws/install/examples_rclpy_minimal_subscriber:/home/myungw00/ROS2/ros2_ws/install/examples_rclpy_minimal_service:/home/myungw00/ROS2/ros2_ws/install/examples_rclpy_minimal_publisher:/home/myungw00/ROS2/ros2_ws/install/examples_rclpy_minimal_client:/home/myungw00/ROS2/ros2_ws/install/examples_rclpy_minimal_action_server:/home/myungw00/ROS2/ros2_ws/install/examples_rclpy_minimal_action_client:/home/myungw00/ROS2/ros2_ws/install/examples_rclpy_guard_conditions:/home/myungw00/ROS2/ros2_ws/install/examples_rclpy_executors:/opt/ros/galactic /home/myungw00/.local/bin/cmake --build /home/myungw00/ROS2/Qt_ws/src/qt_pointcloud_viewer/build/qt_pointcloud_viewer -- -j16 -l16
